<?xml version="1.0" encoding="UTF-8"?>
<testsuites name="Iteration 1" time="121.975" tests="20" failures="0" errors="0">
   <testsuite name="Iteration 1" tests="20" failures="0" errors="0" time="121.975" timestamp="2019-12-18 15:35:16" hostname="nqbin - DESKTOP-M2KUILK" id="Test Suites/Iteration 1">
      <properties>
         <property name="deviceName" value=""/>
         <property name="devicePlatform" value=""/>
         <property name="logFolder" value="C:\\Users\\nqbin\\git\\MatteMost\\Reports\\20191218_153512\\Iteration 1\\20191218_153512"/>
         <property name="logFiles" value="C:\\Users\\nqbin\\git\\MatteMost\\Reports\\20191218_153512\\Iteration 1\\20191218_153512\\execution0.log"/>
         <property name="attachments" value=""/>
         <property name="hostName" value="nqbin - DESKTOP-M2KUILK"/>
         <property name="os" value="Windows 10 64bit"/>
         <property name="katalonVersion" value="7.1.2.1"/>
         <property name="browser" value="Chrome 79.0.3945.79"/>
         <property name="hostAddress" value="192.168.100.7"/>
         <property name="sessionId" value="848577ab7d0a2a5062e6845124ce33fb"/>
         <property name="seleniumVersion" value="3.141.59"/>
         <property name="proxyInformation" value="ProxyInformation{proxyOption=NO_PROXY, proxyServerType=HTTP, password=, proxyServerAddress=, proxyServerPort=0, executionList=}"/>
         <property name="platform" value="Windows 10"/>
      </properties>
      <testcase name="Test Cases/Town Square binhchill/BinhChill login" time="17.514" classname="Test Cases/Town Square binhchill/BinhChill login" status="PASSED">
         <system-out><![CDATA[2019-12-18 15:35:16 - [TEST_CASE][PASSED] - Test Cases/Town Square binhchill/BinhChill login: Test Cases/Town Square binhchill/BinhChill login

2019-12-18 15:35:17 - [TEST_STEP][PASSED] - openBrowser("https://mattermost-apcs.herokuapp.com/login"): Browser is opened with url: 'https://mattermost-apcs.herokuapp.com/login'

2019-12-18 15:35:17 - [MESSAGE][INFO] - Starting 'Chrome' driver

2019-12-18 15:35:17 - [MESSAGE][INFO] - Action delay is set to 0 seconds

2019-12-18 15:35:29 - [MESSAGE][PASSED] - Browser is opened with url: 'https://mattermost-apcs.herokuapp.com/login'

2019-12-18 15:35:29 - [TEST_STEP][PASSED] - setText(findTestObject("Page_Mattermost/input_All team communication in one place searchable and accessible anywhere_loginId"), "binhquoc999@gmail.com"): Text 'binhquoc999@gmail.com' is set on object 'Object Repository/Page_Mattermost/input_All team communication in one place searchable and accessible anywhere_loginId'

2019-12-18 15:35:32 - [MESSAGE][PASSED] - Text 'binhquoc999@gmail.com' is set on object 'Object Repository/Page_Mattermost/input_All team communication in one place searchable and accessible anywhere_loginId'

2019-12-18 15:35:32 - [TEST_STEP][PASSED] - setText(findTestObject("Page_Mattermost/input_All team communication in one place searchable and accessible anywhere_password"), "123456"): Text '123456' is set on object 'Object Repository/Page_Mattermost/input_All team communication in one place searchable and accessible anywhere_password'

2019-12-18 15:35:33 - [MESSAGE][PASSED] - Text '123456' is set on object 'Object Repository/Page_Mattermost/input_All team communication in one place searchable and accessible anywhere_password'

2019-12-18 15:35:33 - [TEST_STEP][PASSED] - click(findTestObject("Page_Mattermost/span_Sign in")): Object: 'Object Repository/Page_Mattermost/span_Sign in' is clicked on

2019-12-18 15:35:34 - [MESSAGE][PASSED] - Object: 'Object Repository/Page_Mattermost/span_Sign in' is clicked on]]></system-out>
         <system-err><![CDATA[]]></system-err>
      </testcase>
      <testcase name="Test Cases/Town Square binhchill/BinhChill Write-Off" time="5.543" classname="Test Cases/Town Square binhchill/BinhChill Write-Off" status="PASSED">
         <system-out><![CDATA[2019-12-18 15:35:34 - [TEST_CASE][PASSED] - Test Cases/Town Square binhchill/BinhChill Write-Off: Test Cases/Town Square binhchill/BinhChill Write-Off

2019-12-18 15:35:34 - [TEST_STEP][PASSED] - setText(findTestObject("Page_Town Square/textarea_Write to Town Square_post_textbox"), "Binh Very Deep Try :unamused: "): Text 'Binh Very Deep Try :unamused: ' is set on object 'Object Repository/Page_Town Square/textarea_Write to Town Square_post_textbox'

2019-12-18 15:35:38 - [MESSAGE][PASSED] - Text 'Binh Very Deep Try :unamused: ' is set on object 'Object Repository/Page_Town Square/textarea_Write to Town Square_post_textbox'

2019-12-18 15:35:38 - [TEST_STEP][PASSED] - sendKeys(findTestObject("Page_Town Square/textarea_Write to Town Square_post_textbox"), Keys.chord(ENTER)): Keys 'ENTER + ' sent to object: 'Object Repository/Page_Town Square/textarea_Write to Town Square_post_textbox'

2019-12-18 15:35:39 - [MESSAGE][PASSED] - Keys 'ENTER + ' sent to object: 'Object Repository/Page_Town Square/textarea_Write to Town Square_post_textbox']]></system-out>
         <system-err><![CDATA[]]></system-err>
      </testcase>
      <testcase name="Test Cases/Town Square binhchill/BinhChill Mute-On-Off" time="2.643" classname="Test Cases/Town Square binhchill/BinhChill Mute-On-Off" status="PASSED">
         <system-out><![CDATA[2019-12-18 15:35:39 - [TEST_CASE][PASSED] - Test Cases/Town Square binhchill/BinhChill Mute-On-Off: Test Cases/Town Square binhchill/BinhChill Mute-On-Off

2019-12-18 15:35:40 - [TEST_STEP][PASSED] - click(findTestObject("Town Square Notification/span_Town Square_channelHeaderDropdownIcon")): Object: 'Object Repository/Town Square Notification/span_Town Square_channelHeaderDropdownIcon' is clicked on

2019-12-18 15:35:40 - [MESSAGE][PASSED] - Object: 'Object Repository/Town Square Notification/span_Town Square_channelHeaderDropdownIcon' is clicked on

2019-12-18 15:35:40 - [TEST_STEP][PASSED] - click(findTestObject("Town Square Notification/button_Mute Channel")): Object: 'Object Repository/Town Square Notification/button_Mute Channel' is clicked on

2019-12-18 15:35:41 - [MESSAGE][PASSED] - Object: 'Object Repository/Town Square Notification/button_Mute Channel' is clicked on

2019-12-18 15:35:41 - [TEST_STEP][PASSED] - click(findTestObject("Town Square Notification/i_Town Square_icon fa fa-bell-slash-o")): Object: 'Object Repository/Town Square Notification/i_Town Square_icon fa fa-bell-slash-o' is clicked on

2019-12-18 15:35:42 - [MESSAGE][PASSED] - Object: 'Object Repository/Town Square Notification/i_Town Square_icon fa fa-bell-slash-o' is clicked on]]></system-out>
         <system-err><![CDATA[]]></system-err>
      </testcase>
      <testcase name="Test Cases/Town Square binhchill/BinhChill Search username" time="7.332" classname="Test Cases/Town Square binhchill/BinhChill Search username" status="PASSED">
         <system-out><![CDATA[2019-12-18 15:35:42 - [TEST_CASE][PASSED] - Test Cases/Town Square binhchill/BinhChill Search username: Test Cases/Town Square binhchill/BinhChill Search username

2019-12-18 15:35:42 - [TEST_STEP][PASSED] - click(findTestObject("Town Square Notification/span_Town Square_channelHeaderDropdownIcon")): Object: 'Object Repository/Town Square Notification/span_Town Square_channelHeaderDropdownIcon' is clicked on

2019-12-18 15:35:43 - [MESSAGE][PASSED] - Object: 'Object Repository/Town Square Notification/span_Town Square_channelHeaderDropdownIcon' is clicked on

2019-12-18 15:35:43 - [TEST_STEP][PASSED] - click(findTestObject("Town Square Notification/button_View Members")): Object: 'Object Repository/Town Square Notification/button_View Members' is clicked on

2019-12-18 15:35:44 - [MESSAGE][PASSED] - Object: 'Object Repository/Town Square Notification/button_View Members' is clicked on

2019-12-18 15:35:44 - [TEST_STEP][PASSED] - setText(findTestObject("Town Square Notification/input_Members_searchUsersInput"), "binhchill"): Text 'binhchill' is set on object 'Object Repository/Town Square Notification/input_Members_searchUsersInput'

2019-12-18 15:35:45 - [MESSAGE][PASSED] - Text 'binhchill' is set on object 'Object Repository/Town Square Notification/input_Members_searchUsersInput'

2019-12-18 15:35:46 - [TEST_STEP][PASSED] - delay(3): Delayed 3 second(s)

2019-12-18 15:35:49 - [MESSAGE][PASSED] - Delayed 3 second(s)

2019-12-18 15:35:49 - [TEST_STEP][PASSED] - sendKeys(findTestObject(null), Keys.chord(ESCAPE)): Keys 'ESCAPE + ' sent to object: 'tempBody'

2019-12-18 15:35:49 - [MESSAGE][WARNING] - Test object id is null

2019-12-18 15:35:49 - [MESSAGE][WARNING] - Test object with id 'Object Repository/' does not exist

2019-12-18 15:35:49 - [MESSAGE][PASSED] - Keys 'ESCAPE + ' sent to object: 'tempBody']]></system-out>
         <system-err><![CDATA[]]></system-err>
      </testcase>
      <testcase name="Test Cases/Town Square binhchill/BinhChill set Header" time="2.462" classname="Test Cases/Town Square binhchill/BinhChill set Header" status="PASSED">
         <system-out><![CDATA[2019-12-18 15:35:49 - [TEST_CASE][PASSED] - Test Cases/Town Square binhchill/BinhChill set Header: Test Cases/Town Square binhchill/BinhChill set Header

2019-12-18 15:35:50 - [TEST_STEP][PASSED] - click(findTestObject("Page_Town Square/button_Set a Header")): Object: 'Object Repository/Page_Town Square/button_Set a Header' is clicked on

2019-12-18 15:35:50 - [MESSAGE][PASSED] - Object: 'Object Repository/Page_Town Square/button_Set a Header' is clicked on

2019-12-18 15:35:50 - [TEST_STEP][PASSED] - setText(findTestObject("Page_Town Square/header text"), "A very be sucks"): Text 'A very be sucks' is set on object 'Object Repository/Page_Town Square/header text'

2019-12-18 15:35:51 - [MESSAGE][PASSED] - Text 'A very be sucks' is set on object 'Object Repository/Page_Town Square/header text'

2019-12-18 15:35:51 - [TEST_STEP][PASSED] - click(findTestObject("Page_Town Square/span_Save header")): Object: 'Object Repository/Page_Town Square/span_Save header' is clicked on

2019-12-18 15:35:52 - [MESSAGE][PASSED] - Object: 'Object Repository/Page_Town Square/span_Save header' is clicked on]]></system-out>
         <system-err><![CDATA[]]></system-err>
      </testcase>
      <testcase name="Test Cases/Town Square binhchill/BinhChill change Purpose" time="3.916" classname="Test Cases/Town Square binhchill/BinhChill change Purpose" status="PASSED">
         <system-out><![CDATA[2019-12-18 15:35:52 - [TEST_CASE][PASSED] - Test Cases/Town Square binhchill/BinhChill change Purpose: Test Cases/Town Square binhchill/BinhChill change Purpose

2019-12-18 15:35:52 - [TEST_STEP][PASSED] - click(findTestObject("Town Square Notification/span_Town Square_channelHeaderDropdownIcon")): Object: 'Object Repository/Town Square Notification/span_Town Square_channelHeaderDropdownIcon' is clicked on

2019-12-18 15:35:53 - [MESSAGE][PASSED] - Object: 'Object Repository/Town Square Notification/span_Town Square_channelHeaderDropdownIcon' is clicked on

2019-12-18 15:35:53 - [TEST_STEP][PASSED] - click(findTestObject("Town Square Notification/button_Edit Channel Purpose")): Object: 'Object Repository/Town Square Notification/button_Edit Channel Purpose' is clicked on

2019-12-18 15:35:54 - [MESSAGE][PASSED] - Object: 'Object Repository/Town Square Notification/button_Edit Channel Purpose' is clicked on

2019-12-18 15:35:54 - [TEST_STEP][PASSED] - setText(findTestObject("Town Square Notification/textarea_purpose"), "Group of all the good bois in the world"): Text 'Group of all the good bois in the world' is set on object 'Object Repository/Town Square Notification/textarea_purpose'

2019-12-18 15:35:55 - [MESSAGE][PASSED] - Text 'Group of all the good bois in the world' is set on object 'Object Repository/Town Square Notification/textarea_purpose'

2019-12-18 15:35:55 - [TEST_STEP][PASSED] - sendKeys(findTestObject(null), Keys.chord(ENTER)): Keys 'ENTER + ' sent to object: 'tempBody'

2019-12-18 15:35:55 - [MESSAGE][WARNING] - Test object id is null

2019-12-18 15:35:55 - [MESSAGE][WARNING] - Test object with id 'Object Repository/' does not exist

2019-12-18 15:35:55 - [MESSAGE][PASSED] - Keys 'ENTER + ' sent to object: 'tempBody']]></system-out>
         <system-err><![CDATA[]]></system-err>
      </testcase>
      <testcase name="Test Cases/Off-Topic aba123/Aba123 login" time="17.166" classname="Test Cases/Off-Topic aba123/Aba123 login" status="PASSED">
         <system-out><![CDATA[2019-12-18 15:35:55 - [TEST_CASE][PASSED] - Test Cases/Off-Topic aba123/Aba123 login: Test Cases/Off-Topic aba123/Aba123 login

2019-12-18 15:35:56 - [TEST_STEP][PASSED] - openBrowser("https://mattermost-apcs.herokuapp.com/login"): Browser is opened with url: 'https://mattermost-apcs.herokuapp.com/login'

2019-12-18 15:35:56 - [MESSAGE][WARNING] - A browser is already opened. Closing browser and opening a new one

2019-12-18 15:35:57 - [MESSAGE][INFO] - Starting 'Chrome' driver

2019-12-18 15:36:06 - [MESSAGE][PASSED] - Browser is opened with url: 'https://mattermost-apcs.herokuapp.com/login'

2019-12-18 15:36:06 - [TEST_STEP][PASSED] - setText(findTestObject("Page_Mattermost/input_All team communication in one place searchable and accessible anywhere_loginId"), "aba123"): Text 'aba123' is set on object 'Object Repository/Page_Mattermost/input_All team communication in one place searchable and accessible anywhere_loginId'

2019-12-18 15:36:11 - [MESSAGE][PASSED] - Text 'aba123' is set on object 'Object Repository/Page_Mattermost/input_All team communication in one place searchable and accessible anywhere_loginId'

2019-12-18 15:36:11 - [TEST_STEP][PASSED] - setText(findTestObject("Page_Mattermost/input_All team communication in one place searchable and accessible anywhere_password"), "123456"): Text '123456' is set on object 'Object Repository/Page_Mattermost/input_All team communication in one place searchable and accessible anywhere_password'

2019-12-18 15:36:12 - [MESSAGE][PASSED] - Text '123456' is set on object 'Object Repository/Page_Mattermost/input_All team communication in one place searchable and accessible anywhere_password'

2019-12-18 15:36:12 - [TEST_STEP][PASSED] - click(findTestObject("Page_Mattermost/span_Sign in")): Object: 'Object Repository/Page_Mattermost/span_Sign in' is clicked on

2019-12-18 15:36:13 - [MESSAGE][PASSED] - Object: 'Object Repository/Page_Mattermost/span_Sign in' is clicked on]]></system-out>
         <system-err><![CDATA[]]></system-err>
      </testcase>
      <testcase name="Test Cases/General Setting/Full Name" time="9.53" classname="Test Cases/General Setting/Full Name" status="PASSED">
         <system-out><![CDATA[2019-12-18 15:36:13 - [TEST_CASE][PASSED] - Test Cases/General Setting/Full Name: Test Cases/General Setting/Full Name

2019-12-18 15:36:13 - [TEST_STEP][PASSED] - click(findTestObject("General Setting/span menu")): Object: 'Object Repository/General Setting/span menu' is clicked on

2019-12-18 15:36:17 - [MESSAGE][PASSED] - Object: 'Object Repository/General Setting/span menu' is clicked on

2019-12-18 15:36:17 - [TEST_STEP][PASSED] - click(findTestObject("General Setting/button_Account Settings")): Object: 'Object Repository/General Setting/button_Account Settings' is clicked on

2019-12-18 15:36:18 - [MESSAGE][PASSED] - Object: 'Object Repository/General Setting/button_Account Settings' is clicked on

2019-12-18 15:36:18 - [TEST_STEP][PASSED] - click(findTestObject("General Setting/span_Edit FullName")): Object: 'Object Repository/General Setting/span_Edit FullName' is clicked on

2019-12-18 15:36:19 - [MESSAGE][PASSED] - Object: 'Object Repository/General Setting/span_Edit FullName' is clicked on

2019-12-18 15:36:19 - [TEST_STEP][PASSED] - setText(findTestObject("General Setting/input_First Name_firstName"), "Nguyen"): Text 'Nguyen' is set on object 'Object Repository/General Setting/input_First Name_firstName'

2019-12-18 15:36:20 - [MESSAGE][PASSED] - Text 'Nguyen' is set on object 'Object Repository/General Setting/input_First Name_firstName'

2019-12-18 15:36:20 - [TEST_STEP][PASSED] - setText(findTestObject("General Setting/input_Last Name_lastName"), "Binh"): Text 'Binh' is set on object 'Object Repository/General Setting/input_Last Name_lastName'

2019-12-18 15:36:21 - [MESSAGE][PASSED] - Text 'Binh' is set on object 'Object Repository/General Setting/input_Last Name_lastName'

2019-12-18 15:36:21 - [TEST_STEP][PASSED] - click(findTestObject("General Setting/span_Save FullName")): Object: 'Object Repository/General Setting/span_Save FullName' is clicked on

2019-12-18 15:36:22 - [MESSAGE][PASSED] - Object: 'Object Repository/General Setting/span_Save FullName' is clicked on

2019-12-18 15:36:22 - [TEST_STEP][PASSED] - sendKeys(findTestObject(null), Keys.chord(ESCAPE)): Keys 'ESCAPE + ' sent to object: 'tempBody'

2019-12-18 15:36:22 - [MESSAGE][WARNING] - Test object id is null

2019-12-18 15:36:22 - [MESSAGE][WARNING] - Test object with id 'Object Repository/' does not exist

2019-12-18 15:36:22 - [MESSAGE][PASSED] - Keys 'ESCAPE + ' sent to object: 'tempBody']]></system-out>
         <system-err><![CDATA[]]></system-err>
      </testcase>
      <testcase name="Test Cases/General Setting/User Name" time="4.126" classname="Test Cases/General Setting/User Name" status="PASSED">
         <system-out><![CDATA[2019-12-18 15:36:22 - [TEST_CASE][PASSED] - Test Cases/General Setting/User Name: Test Cases/General Setting/User Name

2019-12-18 15:36:23 - [TEST_STEP][PASSED] - click(findTestObject("General Setting/span menu")): Object: 'Object Repository/General Setting/span menu' is clicked on

2019-12-18 15:36:23 - [MESSAGE][PASSED] - Object: 'Object Repository/General Setting/span menu' is clicked on

2019-12-18 15:36:23 - [TEST_STEP][PASSED] - click(findTestObject("General Setting/button_Account Settings")): Object: 'Object Repository/General Setting/button_Account Settings' is clicked on

2019-12-18 15:36:24 - [MESSAGE][PASSED] - Object: 'Object Repository/General Setting/button_Account Settings' is clicked on

2019-12-18 15:36:24 - [TEST_STEP][PASSED] - click(findTestObject("General Setting/span_Edit UserName")): Object: 'Object Repository/General Setting/span_Edit UserName' is clicked on

2019-12-18 15:36:25 - [MESSAGE][PASSED] - Object: 'Object Repository/General Setting/span_Edit UserName' is clicked on

2019-12-18 15:36:25 - [TEST_STEP][PASSED] - click(findTestObject("General Setting/span_Save UserName")): Object: 'Object Repository/General Setting/span_Save UserName' is clicked on

2019-12-18 15:36:26 - [MESSAGE][PASSED] - Object: 'Object Repository/General Setting/span_Save UserName' is clicked on

2019-12-18 15:36:26 - [TEST_STEP][PASSED] - sendKeys(findTestObject(null), Keys.chord(ESCAPE)): Keys 'ESCAPE + ' sent to object: 'tempBody'

2019-12-18 15:36:26 - [MESSAGE][WARNING] - Test object id is null

2019-12-18 15:36:26 - [MESSAGE][WARNING] - Test object with id 'Object Repository/' does not exist

2019-12-18 15:36:26 - [MESSAGE][PASSED] - Keys 'ESCAPE + ' sent to object: 'tempBody']]></system-out>
         <system-err><![CDATA[]]></system-err>
      </testcase>
      <testcase name="Test Cases/General Setting/NickName" time="5.109" classname="Test Cases/General Setting/NickName" status="PASSED">
         <system-out><![CDATA[2019-12-18 15:36:26 - [TEST_CASE][PASSED] - Test Cases/General Setting/NickName: Test Cases/General Setting/NickName

2019-12-18 15:36:27 - [TEST_STEP][PASSED] - click(findTestObject("General Setting/span menu")): Object: 'Object Repository/General Setting/span menu' is clicked on

2019-12-18 15:36:27 - [MESSAGE][PASSED] - Object: 'Object Repository/General Setting/span menu' is clicked on

2019-12-18 15:36:27 - [TEST_STEP][PASSED] - click(findTestObject("General Setting/button_Account Settings")): Object: 'Object Repository/General Setting/button_Account Settings' is clicked on

2019-12-18 15:36:28 - [MESSAGE][PASSED] - Object: 'Object Repository/General Setting/button_Account Settings' is clicked on

2019-12-18 15:36:28 - [TEST_STEP][PASSED] - click(findTestObject("General Setting/span_Edit NickName")): Object: 'Object Repository/General Setting/span_Edit NickName' is clicked on

2019-12-18 15:36:29 - [MESSAGE][PASSED] - Object: 'Object Repository/General Setting/span_Edit NickName' is clicked on

2019-12-18 15:36:29 - [TEST_STEP][PASSED] - setText(findTestObject("General Setting/input_Nickname_nickname"), "binhchill"): Text 'binhchill' is set on object 'Object Repository/General Setting/input_Nickname_nickname'

2019-12-18 15:36:30 - [MESSAGE][PASSED] - Text 'binhchill' is set on object 'Object Repository/General Setting/input_Nickname_nickname'

2019-12-18 15:36:30 - [TEST_STEP][PASSED] - click(findTestObject("General Setting/span_Save NickName")): Object: 'Object Repository/General Setting/span_Save NickName' is clicked on

2019-12-18 15:36:31 - [MESSAGE][PASSED] - Object: 'Object Repository/General Setting/span_Save NickName' is clicked on

2019-12-18 15:36:31 - [TEST_STEP][PASSED] - sendKeys(findTestObject(null), Keys.chord(ESCAPE)): Keys 'ESCAPE + ' sent to object: 'tempBody'

2019-12-18 15:36:31 - [MESSAGE][WARNING] - Test object id is null

2019-12-18 15:36:31 - [MESSAGE][WARNING] - Test object with id 'Object Repository/' does not exist

2019-12-18 15:36:31 - [MESSAGE][PASSED] - Keys 'ESCAPE + ' sent to object: 'tempBody']]></system-out>
         <system-err><![CDATA[]]></system-err>
      </testcase>
      <testcase name="Test Cases/General Setting/Position" time="4.0" classname="Test Cases/General Setting/Position" status="PASSED">
         <system-out><![CDATA[2019-12-18 15:36:31 - [TEST_CASE][PASSED] - Test Cases/General Setting/Position: Test Cases/General Setting/Position

2019-12-18 15:36:32 - [TEST_STEP][PASSED] - click(findTestObject("General Setting/span menu")): Object: 'Object Repository/General Setting/span menu' is clicked on

2019-12-18 15:36:33 - [MESSAGE][PASSED] - Object: 'Object Repository/General Setting/span menu' is clicked on

2019-12-18 15:36:33 - [TEST_STEP][PASSED] - click(findTestObject("General Setting/button_Account Settings")): Object: 'Object Repository/General Setting/button_Account Settings' is clicked on

2019-12-18 15:36:34 - [MESSAGE][PASSED] - Object: 'Object Repository/General Setting/button_Account Settings' is clicked on

2019-12-18 15:36:34 - [TEST_STEP][PASSED] - click(findTestObject("General Setting/span_Edit Position")): Object: 'Object Repository/General Setting/span_Edit Position' is clicked on

2019-12-18 15:36:34 - [MESSAGE][PASSED] - Object: 'Object Repository/General Setting/span_Edit Position' is clicked on

2019-12-18 15:36:34 - [TEST_STEP][PASSED] - setText(findTestObject("General Setting/input_Position_position"), ""): Text '' is set on object 'Object Repository/General Setting/input_Position_position'

2019-12-18 15:36:35 - [MESSAGE][PASSED] - Text '' is set on object 'Object Repository/General Setting/input_Position_position'

2019-12-18 15:36:35 - [TEST_STEP][PASSED] - sendKeys(findTestObject(null), Keys.chord(ESCAPE)): Keys 'ESCAPE + ' sent to object: 'tempBody'

2019-12-18 15:36:35 - [MESSAGE][WARNING] - Test object id is null

2019-12-18 15:36:35 - [MESSAGE][WARNING] - Test object with id 'Object Repository/' does not exist

2019-12-18 15:36:35 - [MESSAGE][PASSED] - Keys 'ESCAPE + ' sent to object: 'tempBody']]></system-out>
         <system-err><![CDATA[]]></system-err>
      </testcase>
      <testcase name="Test Cases/General Setting/Email" time="3.615" classname="Test Cases/General Setting/Email" status="PASSED">
         <system-out><![CDATA[2019-12-18 15:36:35 - [TEST_CASE][PASSED] - Test Cases/General Setting/Email: Test Cases/General Setting/Email

2019-12-18 15:36:36 - [TEST_STEP][PASSED] - click(findTestObject("General Setting/span menu")): Object: 'Object Repository/General Setting/span menu' is clicked on

2019-12-18 15:36:37 - [MESSAGE][PASSED] - Object: 'Object Repository/General Setting/span menu' is clicked on

2019-12-18 15:36:37 - [TEST_STEP][PASSED] - click(findTestObject("General Setting/button_Account Settings")): Object: 'Object Repository/General Setting/button_Account Settings' is clicked on

2019-12-18 15:36:38 - [MESSAGE][PASSED] - Object: 'Object Repository/General Setting/button_Account Settings' is clicked on

2019-12-18 15:36:38 - [TEST_STEP][PASSED] - click(findTestObject("General Setting/span_Edit Email")): Object: 'Object Repository/General Setting/span_Edit Email' is clicked on

2019-12-18 15:36:39 - [MESSAGE][PASSED] - Object: 'Object Repository/General Setting/span_Edit Email' is clicked on

2019-12-18 15:36:39 - [TEST_STEP][PASSED] - sendKeys(findTestObject(null), Keys.chord(ESCAPE)): Keys 'ESCAPE + ' sent to object: 'tempBody'

2019-12-18 15:36:39 - [MESSAGE][WARNING] - Test object id is null

2019-12-18 15:36:39 - [MESSAGE][WARNING] - Test object with id 'Object Repository/' does not exist

2019-12-18 15:36:39 - [MESSAGE][PASSED] - Keys 'ESCAPE + ' sent to object: 'tempBody']]></system-out>
         <system-err><![CDATA[]]></system-err>
      </testcase>
      <testcase name="Test Cases/General Setting/Profile" time="3.611" classname="Test Cases/General Setting/Profile" status="PASSED">
         <system-out><![CDATA[2019-12-18 15:36:39 - [TEST_CASE][PASSED] - Test Cases/General Setting/Profile: Test Cases/General Setting/Profile

2019-12-18 15:36:40 - [TEST_STEP][PASSED] - click(findTestObject("General Setting/span menu")): Object: 'Object Repository/General Setting/span menu' is clicked on

2019-12-18 15:36:40 - [MESSAGE][PASSED] - Object: 'Object Repository/General Setting/span menu' is clicked on

2019-12-18 15:36:40 - [TEST_STEP][PASSED] - click(findTestObject("General Setting/button_Account Settings")): Object: 'Object Repository/General Setting/button_Account Settings' is clicked on

2019-12-18 15:36:41 - [MESSAGE][PASSED] - Object: 'Object Repository/General Setting/button_Account Settings' is clicked on

2019-12-18 15:36:41 - [TEST_STEP][PASSED] - click(findTestObject("General Setting/span_Edit Profile")): Object: 'Object Repository/General Setting/span_Edit Profile' is clicked on

2019-12-18 15:36:42 - [MESSAGE][PASSED] - Object: 'Object Repository/General Setting/span_Edit Profile' is clicked on

2019-12-18 15:36:42 - [TEST_STEP][PASSED] - sendKeys(findTestObject(null), Keys.chord(ESCAPE)): Keys 'ESCAPE + ' sent to object: 'tempBody'

2019-12-18 15:36:42 - [MESSAGE][WARNING] - Test object id is null

2019-12-18 15:36:42 - [MESSAGE][WARNING] - Test object with id 'Object Repository/' does not exist

2019-12-18 15:36:43 - [MESSAGE][PASSED] - Keys 'ESCAPE + ' sent to object: 'tempBody']]></system-out>
         <system-err><![CDATA[]]></system-err>
      </testcase>
      <testcase name="Test Cases/Display Settings/Display" time="3.334" classname="Test Cases/Display Settings/Display" status="PASSED">
         <system-out><![CDATA[2019-12-18 15:36:43 - [TEST_CASE][PASSED] - Test Cases/Display Settings/Display: Test Cases/Display Settings/Display

2019-12-18 15:36:43 - [TEST_STEP][PASSED] - click(findTestObject("General Setting/span menu")): Object: 'Object Repository/General Setting/span menu' is clicked on

2019-12-18 15:36:44 - [MESSAGE][PASSED] - Object: 'Object Repository/General Setting/span menu' is clicked on

2019-12-18 15:36:44 - [TEST_STEP][PASSED] - click(findTestObject("General Setting/button_Account Settings")): Object: 'Object Repository/General Setting/button_Account Settings' is clicked on

2019-12-18 15:36:45 - [MESSAGE][PASSED] - Object: 'Object Repository/General Setting/button_Account Settings' is clicked on

2019-12-18 15:36:45 - [TEST_STEP][PASSED] - click(findTestObject("Account Settings/button_Display")): Object: 'Object Repository/Account Settings/button_Display' is clicked on

2019-12-18 15:36:45 - [MESSAGE][PASSED] - Object: 'Object Repository/Account Settings/button_Display' is clicked on

2019-12-18 15:36:45 - [TEST_STEP][PASSED] - sendKeys(findTestObject(null), Keys.chord(ESCAPE)): Keys 'ESCAPE + ' sent to object: 'tempBody'

2019-12-18 15:36:45 - [MESSAGE][WARNING] - Test object id is null

2019-12-18 15:36:45 - [MESSAGE][WARNING] - Test object with id 'Object Repository/' does not exist

2019-12-18 15:36:46 - [MESSAGE][PASSED] - Keys 'ESCAPE + ' sent to object: 'tempBody']]></system-out>
         <system-err><![CDATA[]]></system-err>
      </testcase>
      <testcase name="Test Cases/Display Settings/Display Channel" time="4.72" classname="Test Cases/Display Settings/Display Channel" status="PASSED">
         <system-out><![CDATA[2019-12-18 15:36:46 - [TEST_CASE][PASSED] - Test Cases/Display Settings/Display Channel: Test Cases/Display Settings/Display Channel

2019-12-18 15:36:47 - [TEST_STEP][PASSED] - click(findTestObject("General Setting/span menu")): Object: 'Object Repository/General Setting/span menu' is clicked on

2019-12-18 15:36:47 - [MESSAGE][PASSED] - Object: 'Object Repository/General Setting/span menu' is clicked on

2019-12-18 15:36:47 - [TEST_STEP][PASSED] - click(findTestObject("General Setting/button_Account Settings")): Object: 'Object Repository/General Setting/button_Account Settings' is clicked on

2019-12-18 15:36:48 - [MESSAGE][PASSED] - Object: 'Object Repository/General Setting/button_Account Settings' is clicked on

2019-12-18 15:36:48 - [TEST_STEP][PASSED] - click(findTestObject("Account Settings/button_Display")): Object: 'Object Repository/Account Settings/button_Display' is clicked on

2019-12-18 15:36:49 - [MESSAGE][PASSED] - Object: 'Object Repository/Account Settings/button_Display' is clicked on

2019-12-18 15:36:49 - [TEST_STEP][PASSED] - click(findTestObject("Account Settings/span_Edit Channel Display")): Object: 'Object Repository/Account Settings/span_Edit Channel Display' is clicked on

2019-12-18 15:36:50 - [MESSAGE][PASSED] - Object: 'Object Repository/Account Settings/span_Edit Channel Display' is clicked on

2019-12-18 15:36:50 - [TEST_STEP][PASSED] - sendKeys(findTestObject(null), Keys.chord(ENTER)): Keys 'ENTER + ' sent to object: 'tempBody'

2019-12-18 15:36:50 - [MESSAGE][WARNING] - Test object id is null

2019-12-18 15:36:50 - [MESSAGE][WARNING] - Test object with id 'Object Repository/' does not exist

2019-12-18 15:36:50 - [MESSAGE][PASSED] - Keys 'ENTER + ' sent to object: 'tempBody'

2019-12-18 15:36:50 - [TEST_STEP][PASSED] - sendKeys(findTestObject(null), Keys.chord(ESCAPE)): Keys 'ESCAPE + ' sent to object: 'tempBody'

2019-12-18 15:36:50 - [MESSAGE][WARNING] - Test object id is null

2019-12-18 15:36:50 - [MESSAGE][WARNING] - Test object with id 'Object Repository/' does not exist

2019-12-18 15:36:51 - [MESSAGE][PASSED] - Keys 'ESCAPE + ' sent to object: 'tempBody']]></system-out>
         <system-err><![CDATA[]]></system-err>
      </testcase>
      <testcase name="Test Cases/Display Settings/Display Clock" time="5.202" classname="Test Cases/Display Settings/Display Clock" status="PASSED">
         <system-out><![CDATA[2019-12-18 15:36:51 - [TEST_CASE][PASSED] - Test Cases/Display Settings/Display Clock: Test Cases/Display Settings/Display Clock

2019-12-18 15:36:51 - [TEST_STEP][PASSED] - click(findTestObject("General Setting/span menu")): Object: 'Object Repository/General Setting/span menu' is clicked on

2019-12-18 15:36:52 - [MESSAGE][PASSED] - Object: 'Object Repository/General Setting/span menu' is clicked on

2019-12-18 15:36:52 - [TEST_STEP][PASSED] - click(findTestObject("General Setting/button_Account Settings")): Object: 'Object Repository/General Setting/button_Account Settings' is clicked on

2019-12-18 15:36:53 - [MESSAGE][PASSED] - Object: 'Object Repository/General Setting/button_Account Settings' is clicked on

2019-12-18 15:36:53 - [TEST_STEP][PASSED] - click(findTestObject("Account Settings/button_Display")): Object: 'Object Repository/Account Settings/button_Display' is clicked on

2019-12-18 15:36:54 - [MESSAGE][PASSED] - Object: 'Object Repository/Account Settings/button_Display' is clicked on

2019-12-18 15:36:54 - [TEST_STEP][PASSED] - click(findTestObject("Account Settings/span_Edit Clock")): Object: 'Object Repository/Account Settings/span_Edit Clock' is clicked on

2019-12-18 15:36:55 - [MESSAGE][PASSED] - Object: 'Object Repository/Account Settings/span_Edit Clock' is clicked on

2019-12-18 15:36:55 - [TEST_STEP][PASSED] - click(findTestObject("Account Settings/input_Clock Display_clockFormat")): Object: 'Object Repository/Account Settings/input_Clock Display_clockFormat' is clicked on

2019-12-18 15:36:55 - [MESSAGE][PASSED] - Object: 'Object Repository/Account Settings/input_Clock Display_clockFormat' is clicked on

2019-12-18 15:36:55 - [TEST_STEP][PASSED] - sendKeys(findTestObject(null), Keys.chord(ENTER)): Keys 'ENTER + ' sent to object: 'tempBody'

2019-12-18 15:36:55 - [MESSAGE][WARNING] - Test object id is null

2019-12-18 15:36:55 - [MESSAGE][WARNING] - Test object with id 'Object Repository/' does not exist

2019-12-18 15:36:56 - [MESSAGE][PASSED] - Keys 'ENTER + ' sent to object: 'tempBody'

2019-12-18 15:36:56 - [TEST_STEP][PASSED] - sendKeys(findTestObject(null), Keys.chord(ESCAPE)): Keys 'ESCAPE + ' sent to object: 'tempBody'

2019-12-18 15:36:56 - [MESSAGE][WARNING] - Test object id is null

2019-12-18 15:36:56 - [MESSAGE][WARNING] - Test object with id 'Object Repository/' does not exist

2019-12-18 15:36:56 - [MESSAGE][PASSED] - Keys 'ESCAPE + ' sent to object: 'tempBody']]></system-out>
         <system-err><![CDATA[]]></system-err>
      </testcase>
      <testcase name="Test Cases/Display Settings/Display Default" time="5.319" classname="Test Cases/Display Settings/Display Default" status="PASSED">
         <system-out><![CDATA[2019-12-18 15:36:56 - [TEST_CASE][PASSED] - Test Cases/Display Settings/Display Default: Test Cases/Display Settings/Display Default

2019-12-18 15:36:57 - [TEST_STEP][PASSED] - click(findTestObject("General Setting/span menu")): Object: 'Object Repository/General Setting/span menu' is clicked on

2019-12-18 15:36:57 - [MESSAGE][PASSED] - Object: 'Object Repository/General Setting/span menu' is clicked on

2019-12-18 15:36:57 - [TEST_STEP][PASSED] - click(findTestObject("General Setting/button_Account Settings")): Object: 'Object Repository/General Setting/button_Account Settings' is clicked on

2019-12-18 15:36:58 - [MESSAGE][PASSED] - Object: 'Object Repository/General Setting/button_Account Settings' is clicked on

2019-12-18 15:36:58 - [TEST_STEP][PASSED] - click(findTestObject("Account Settings/button_Display")): Object: 'Object Repository/Account Settings/button_Display' is clicked on

2019-12-18 15:36:59 - [MESSAGE][PASSED] - Object: 'Object Repository/Account Settings/button_Display' is clicked on

2019-12-18 15:36:59 - [TEST_STEP][PASSED] - click(findTestObject("Account Settings/span_Edit Default appearance")): Object: 'Object Repository/Account Settings/span_Edit Default appearance' is clicked on

2019-12-18 15:37:00 - [MESSAGE][PASSED] - Object: 'Object Repository/Account Settings/span_Edit Default appearance' is clicked on

2019-12-18 15:37:00 - [TEST_STEP][PASSED] - click(findTestObject("Account Settings/input_Expanded_collapseFormat")): Object: 'Object Repository/Account Settings/input_Expanded_collapseFormat' is clicked on

2019-12-18 15:37:01 - [MESSAGE][PASSED] - Object: 'Object Repository/Account Settings/input_Expanded_collapseFormat' is clicked on

2019-12-18 15:37:01 - [TEST_STEP][PASSED] - sendKeys(findTestObject(null), Keys.chord(ENTER)): Keys 'ENTER + ' sent to object: 'tempBody'

2019-12-18 15:37:01 - [MESSAGE][WARNING] - Test object id is null

2019-12-18 15:37:01 - [MESSAGE][WARNING] - Test object with id 'Object Repository/' does not exist

2019-12-18 15:37:01 - [MESSAGE][PASSED] - Keys 'ENTER + ' sent to object: 'tempBody'

2019-12-18 15:37:01 - [TEST_STEP][PASSED] - sendKeys(findTestObject(null), Keys.chord(ESCAPE)): Keys 'ESCAPE + ' sent to object: 'tempBody'

2019-12-18 15:37:01 - [MESSAGE][WARNING] - Test object id is null

2019-12-18 15:37:01 - [MESSAGE][WARNING] - Test object with id 'Object Repository/' does not exist

2019-12-18 15:37:01 - [MESSAGE][PASSED] - Keys 'ESCAPE + ' sent to object: 'tempBody']]></system-out>
         <system-err><![CDATA[]]></system-err>
      </testcase>
      <testcase name="Test Cases/Display Settings/Display Language" time="4.769" classname="Test Cases/Display Settings/Display Language" status="PASSED">
         <system-out><![CDATA[2019-12-18 15:37:01 - [TEST_CASE][PASSED] - Test Cases/Display Settings/Display Language: Test Cases/Display Settings/Display Language

2019-12-18 15:37:02 - [TEST_STEP][PASSED] - click(findTestObject("General Setting/span menu")): Object: 'Object Repository/General Setting/span menu' is clicked on

2019-12-18 15:37:02 - [MESSAGE][PASSED] - Object: 'Object Repository/General Setting/span menu' is clicked on

2019-12-18 15:37:02 - [TEST_STEP][PASSED] - click(findTestObject("General Setting/button_Account Settings")): Object: 'Object Repository/General Setting/button_Account Settings' is clicked on

2019-12-18 15:37:03 - [MESSAGE][PASSED] - Object: 'Object Repository/General Setting/button_Account Settings' is clicked on

2019-12-18 15:37:03 - [TEST_STEP][PASSED] - click(findTestObject("Account Settings/button_Display")): Object: 'Object Repository/Account Settings/button_Display' is clicked on

2019-12-18 15:37:04 - [MESSAGE][PASSED] - Object: 'Object Repository/Account Settings/button_Display' is clicked on

2019-12-18 15:37:04 - [TEST_STEP][PASSED] - click(findTestObject("Account Settings/span_Edit Language")): Object: 'Object Repository/Account Settings/span_Edit Language' is clicked on

2019-12-18 15:37:05 - [MESSAGE][PASSED] - Object: 'Object Repository/Account Settings/span_Edit Language' is clicked on

2019-12-18 15:37:05 - [TEST_STEP][PASSED] - sendKeys(findTestObject(null), Keys.chord(ENTER)): Keys 'ENTER + ' sent to object: 'tempBody'

2019-12-18 15:37:05 - [MESSAGE][WARNING] - Test object id is null

2019-12-18 15:37:05 - [MESSAGE][WARNING] - Test object with id 'Object Repository/' does not exist

2019-12-18 15:37:06 - [MESSAGE][PASSED] - Keys 'ENTER + ' sent to object: 'tempBody'

2019-12-18 15:37:06 - [TEST_STEP][PASSED] - sendKeys(findTestObject(null), Keys.chord(ESCAPE)): Keys 'ESCAPE + ' sent to object: 'tempBody'

2019-12-18 15:37:06 - [MESSAGE][WARNING] - Test object id is null

2019-12-18 15:37:06 - [MESSAGE][WARNING] - Test object with id 'Object Repository/' does not exist

2019-12-18 15:37:06 - [MESSAGE][PASSED] - Keys 'ESCAPE + ' sent to object: 'tempBody']]></system-out>
         <system-err><![CDATA[]]></system-err>
      </testcase>
      <testcase name="Test Cases/Display Settings/Display Message" time="5.237" classname="Test Cases/Display Settings/Display Message" status="PASSED">
         <system-out><![CDATA[2019-12-18 15:37:06 - [TEST_CASE][PASSED] - Test Cases/Display Settings/Display Message: Test Cases/Display Settings/Display Message

2019-12-18 15:37:07 - [TEST_STEP][PASSED] - click(findTestObject("General Setting/span menu")): Object: 'Object Repository/General Setting/span menu' is clicked on

2019-12-18 15:37:07 - [MESSAGE][PASSED] - Object: 'Object Repository/General Setting/span menu' is clicked on

2019-12-18 15:37:07 - [TEST_STEP][PASSED] - click(findTestObject("General Setting/button_Account Settings")): Object: 'Object Repository/General Setting/button_Account Settings' is clicked on

2019-12-18 15:37:08 - [MESSAGE][PASSED] - Object: 'Object Repository/General Setting/button_Account Settings' is clicked on

2019-12-18 15:37:08 - [TEST_STEP][PASSED] - click(findTestObject("Account Settings/button_Display")): Object: 'Object Repository/Account Settings/button_Display' is clicked on

2019-12-18 15:37:09 - [MESSAGE][PASSED] - Object: 'Object Repository/Account Settings/button_Display' is clicked on

2019-12-18 15:37:09 - [TEST_STEP][PASSED] - click(findTestObject("Account Settings/span_Edit Message Display")): Object: 'Object Repository/Account Settings/span_Edit Message Display' is clicked on

2019-12-18 15:37:10 - [MESSAGE][PASSED] - Object: 'Object Repository/Account Settings/span_Edit Message Display' is clicked on

2019-12-18 15:37:10 - [TEST_STEP][PASSED] - click(findTestObject("Account Settings/label_Compact Fit as many messages on the screen as we can")): Object: 'Object Repository/Account Settings/label_Compact Fit as many messages on the screen as we can' is clicked on

2019-12-18 15:37:10 - [MESSAGE][PASSED] - Object: 'Object Repository/Account Settings/label_Compact Fit as many messages on the screen as we can' is clicked on

2019-12-18 15:37:10 - [TEST_STEP][PASSED] - sendKeys(findTestObject(null), Keys.chord(ENTER)): Keys 'ENTER + ' sent to object: 'tempBody'

2019-12-18 15:37:10 - [MESSAGE][WARNING] - Test object id is null

2019-12-18 15:37:10 - [MESSAGE][WARNING] - Test object with id 'Object Repository/' does not exist

2019-12-18 15:37:11 - [MESSAGE][PASSED] - Keys 'ENTER + ' sent to object: 'tempBody'

2019-12-18 15:37:11 - [TEST_STEP][PASSED] - sendKeys(findTestObject(null), Keys.chord(ESCAPE)): Keys 'ESCAPE + ' sent to object: 'tempBody'

2019-12-18 15:37:11 - [MESSAGE][WARNING] - Test object id is null

2019-12-18 15:37:11 - [MESSAGE][WARNING] - Test object with id 'Object Repository/' does not exist

2019-12-18 15:37:11 - [MESSAGE][PASSED] - Keys 'ESCAPE + ' sent to object: 'tempBody']]></system-out>
         <system-err><![CDATA[]]></system-err>
      </testcase>
      <testcase name="Test Cases/Display Settings/Display Teammate" time="4.967" classname="Test Cases/Display Settings/Display Teammate" status="PASSED">
         <system-out><![CDATA[2019-12-18 15:37:11 - [TEST_CASE][PASSED] - Test Cases/Display Settings/Display Teammate: Test Cases/Display Settings/Display Teammate

2019-12-18 15:37:12 - [TEST_STEP][PASSED] - click(findTestObject("General Setting/span menu")): Object: 'Object Repository/General Setting/span menu' is clicked on

2019-12-18 15:37:12 - [MESSAGE][PASSED] - Object: 'Object Repository/General Setting/span menu' is clicked on

2019-12-18 15:37:12 - [TEST_STEP][PASSED] - click(findTestObject("General Setting/button_Account Settings")): Object: 'Object Repository/General Setting/button_Account Settings' is clicked on

2019-12-18 15:37:13 - [MESSAGE][PASSED] - Object: 'Object Repository/General Setting/button_Account Settings' is clicked on

2019-12-18 15:37:13 - [TEST_STEP][PASSED] - click(findTestObject("Account Settings/button_Display")): Object: 'Object Repository/Account Settings/button_Display' is clicked on

2019-12-18 15:37:14 - [MESSAGE][PASSED] - Object: 'Object Repository/Account Settings/button_Display' is clicked on

2019-12-18 15:37:14 - [TEST_STEP][PASSED] - click(findTestObject("Account Settings/span_Edit Teammate")): Object: 'Object Repository/Account Settings/span_Edit Teammate' is clicked on

2019-12-18 15:37:15 - [MESSAGE][PASSED] - Object: 'Object Repository/Account Settings/span_Edit Teammate' is clicked on

2019-12-18 15:37:15 - [TEST_STEP][PASSED] - click(findTestObject("Account Settings/input_Teammate Name Display_name_formatFormat")): Object: 'Object Repository/Account Settings/input_Teammate Name Display_name_formatFormat' is clicked on

2019-12-18 15:37:16 - [MESSAGE][PASSED] - Object: 'Object Repository/Account Settings/input_Teammate Name Display_name_formatFormat' is clicked on

2019-12-18 15:37:16 - [TEST_STEP][PASSED] - sendKeys(findTestObject(null), Keys.chord(ENTER)): Keys 'ENTER + ' sent to object: 'tempBody'

2019-12-18 15:37:16 - [MESSAGE][WARNING] - Test object id is null

2019-12-18 15:37:16 - [MESSAGE][WARNING] - Test object with id 'Object Repository/' does not exist

2019-12-18 15:37:16 - [MESSAGE][PASSED] - Keys 'ENTER + ' sent to object: 'tempBody'

2019-12-18 15:37:16 - [TEST_STEP][PASSED] - sendKeys(findTestObject(null), Keys.chord(ESCAPE)): Keys 'ESCAPE + ' sent to object: 'tempBody'

2019-12-18 15:37:16 - [MESSAGE][WARNING] - Test object id is null

2019-12-18 15:37:16 - [MESSAGE][WARNING] - Test object with id 'Object Repository/' does not exist

2019-12-18 15:37:16 - [MESSAGE][PASSED] - Keys 'ESCAPE + ' sent to object: 'tempBody']]></system-out>
         <system-err><![CDATA[]]></system-err>
      </testcase>
      <system-out><![CDATA[2019-12-18 15:35:16 - [TEST_SUITE][PASSED] - Iteration 1: Test Cases/Display Settings/Display Teammate]]></system-out>
      <system-err><![CDATA[]]></system-err>
   </testsuite>
</testsuites>
