<?xml version="1.0" encoding="UTF-8"?>
<testsuites name="Test All Cases" time="191.235" tests="50" failures="0" errors="0">
   <testsuite name="Test All Cases" tests="50" failures="0" errors="0" time="191.235" timestamp="2019-12-20 14:35:37" hostname="nqbin - DESKTOP-M2KUILK" id="Test Suites/Test All Cases">
      <properties>
         <property name="deviceName" value=""/>
         <property name="devicePlatform" value=""/>
         <property name="logFolder" value="C:\\Users\\nqbin\\git\\MatteMost\\Reports\\20191220_143535\\Test All Cases\\20191220_143535"/>
         <property name="logFiles" value="C:\\Users\\nqbin\\git\\MatteMost\\Reports\\20191220_143535\\Test All Cases\\20191220_143535\\execution0.log"/>
         <property name="attachments" value=""/>
         <property name="hostName" value="nqbin - DESKTOP-M2KUILK"/>
         <property name="os" value="Windows 10 64bit"/>
         <property name="katalonVersion" value="7.1.2.1"/>
         <property name="browser" value="Chrome 79.0.3945.79"/>
         <property name="hostAddress" value="192.168.100.7"/>
         <property name="sessionId" value="208efd80d0e057c5348752c48893c69d"/>
         <property name="seleniumVersion" value="3.141.59"/>
         <property name="proxyInformation" value="ProxyInformation{proxyOption=NO_PROXY, proxyServerType=HTTP, password=, proxyServerAddress=, proxyServerPort=0, executionList=}"/>
         <property name="platform" value="Windows 10"/>
      </properties>
      <testcase name="Test Cases/Off-Topic aba123/BinhChill login" time="13.82" classname="Test Cases/Off-Topic aba123/BinhChill login" status="PASSED">
         <system-out><![CDATA[2019-12-20 14:35:37 - [TEST_CASE][PASSED] - Test Cases/Off-Topic aba123/BinhChill login: Test Cases/Off-Topic aba123/BinhChill login

2019-12-20 14:35:37 - [TEST_STEP][PASSED] - openBrowser("https://mattermost-apcs.herokuapp.com/login"): Browser is opened with url: 'https://mattermost-apcs.herokuapp.com/login'

2019-12-20 14:35:38 - [MESSAGE][INFO] - Starting 'Chrome' driver

2019-12-20 14:35:38 - [MESSAGE][INFO] - Action delay is set to 0 seconds

2019-12-20 14:35:47 - [MESSAGE][PASSED] - Browser is opened with url: 'https://mattermost-apcs.herokuapp.com/login'

2019-12-20 14:35:47 - [TEST_STEP][PASSED] - setText(findTestObject("Page_Mattermost/input_All team communication in one place searchable and accessible anywhere_loginId"), "binhquoc999@gmail.com"): Text 'binhquoc999@gmail.com' is set on object 'Object Repository/Page_Mattermost/input_All team communication in one place searchable and accessible anywhere_loginId'

2019-12-20 14:35:50 - [MESSAGE][PASSED] - Text 'binhquoc999@gmail.com' is set on object 'Object Repository/Page_Mattermost/input_All team communication in one place searchable and accessible anywhere_loginId'

2019-12-20 14:35:50 - [TEST_STEP][PASSED] - setText(findTestObject("Page_Mattermost/input_All team communication in one place searchable and accessible anywhere_password"), "123456"): Text '123456' is set on object 'Object Repository/Page_Mattermost/input_All team communication in one place searchable and accessible anywhere_password'

2019-12-20 14:35:50 - [MESSAGE][PASSED] - Text '123456' is set on object 'Object Repository/Page_Mattermost/input_All team communication in one place searchable and accessible anywhere_password'

2019-12-20 14:35:50 - [TEST_STEP][PASSED] - click(findTestObject("Page_Mattermost/span_Sign in")): Object: 'Object Repository/Page_Mattermost/span_Sign in' is clicked on

2019-12-20 14:35:51 - [MESSAGE][PASSED] - Object: 'Object Repository/Page_Mattermost/span_Sign in' is clicked on]]></system-out>
         <system-err><![CDATA[]]></system-err>
      </testcase>
      <testcase name="Test Cases/Account Settings/Display Settings/Display" time="5.603" classname="Test Cases/Account Settings/Display Settings/Display" status="PASSED">
         <system-out><![CDATA[2019-12-20 14:35:51 - [TEST_CASE][PASSED] - Test Cases/Account Settings/Display Settings/Display: Test Cases/Account Settings/Display Settings/Display

2019-12-20 14:35:51 - [TEST_STEP][PASSED] - click(findTestObject("General Setting/span menu")): Object: 'Object Repository/General Setting/span menu' is clicked on

2019-12-20 14:35:54 - [MESSAGE][PASSED] - Object: 'Object Repository/General Setting/span menu' is clicked on

2019-12-20 14:35:54 - [TEST_STEP][PASSED] - click(findTestObject("General Setting/button_Account Settings")): Object: 'Object Repository/General Setting/button_Account Settings' is clicked on

2019-12-20 14:35:55 - [MESSAGE][PASSED] - Object: 'Object Repository/General Setting/button_Account Settings' is clicked on

2019-12-20 14:35:55 - [TEST_STEP][PASSED] - click(findTestObject("Account Settings/button_Display")): Object: 'Object Repository/Account Settings/button_Display' is clicked on

2019-12-20 14:35:56 - [MESSAGE][PASSED] - Object: 'Object Repository/Account Settings/button_Display' is clicked on

2019-12-20 14:35:56 - [TEST_STEP][PASSED] - sendKeys(findTestObject(null), Keys.chord(ESCAPE)): Keys 'ESCAPE + ' sent to object: 'tempBody'

2019-12-20 14:35:56 - [MESSAGE][WARNING] - Test object id is null

2019-12-20 14:35:56 - [MESSAGE][WARNING] - Test object with id 'Object Repository/' does not exist

2019-12-20 14:35:56 - [MESSAGE][PASSED] - Keys 'ESCAPE + ' sent to object: 'tempBody']]></system-out>
         <system-err><![CDATA[]]></system-err>
      </testcase>
      <testcase name="Test Cases/Account Settings/Display Settings/Display Channel" time="3.801" classname="Test Cases/Account Settings/Display Settings/Display Channel" status="PASSED">
         <system-out><![CDATA[2019-12-20 14:35:56 - [TEST_CASE][PASSED] - Test Cases/Account Settings/Display Settings/Display Channel: Test Cases/Account Settings/Display Settings/Display Channel

2019-12-20 14:35:57 - [TEST_STEP][PASSED] - click(findTestObject("General Setting/span menu")): Object: 'Object Repository/General Setting/span menu' is clicked on

2019-12-20 14:35:57 - [MESSAGE][PASSED] - Object: 'Object Repository/General Setting/span menu' is clicked on

2019-12-20 14:35:57 - [TEST_STEP][PASSED] - click(findTestObject("General Setting/button_Account Settings")): Object: 'Object Repository/General Setting/button_Account Settings' is clicked on

2019-12-20 14:35:58 - [MESSAGE][PASSED] - Object: 'Object Repository/General Setting/button_Account Settings' is clicked on

2019-12-20 14:35:58 - [TEST_STEP][PASSED] - click(findTestObject("Account Settings/button_Display")): Object: 'Object Repository/Account Settings/button_Display' is clicked on

2019-12-20 14:35:59 - [MESSAGE][PASSED] - Object: 'Object Repository/Account Settings/button_Display' is clicked on

2019-12-20 14:35:59 - [TEST_STEP][PASSED] - click(findTestObject("Account Settings/span_Edit Channel Display")): Object: 'Object Repository/Account Settings/span_Edit Channel Display' is clicked on

2019-12-20 14:36:00 - [MESSAGE][PASSED] - Object: 'Object Repository/Account Settings/span_Edit Channel Display' is clicked on

2019-12-20 14:36:00 - [TEST_STEP][PASSED] - sendKeys(findTestObject(null), Keys.chord(ENTER)): Keys 'ENTER + ' sent to object: 'tempBody'

2019-12-20 14:36:00 - [MESSAGE][WARNING] - Test object id is null

2019-12-20 14:36:00 - [MESSAGE][WARNING] - Test object with id 'Object Repository/' does not exist

2019-12-20 14:36:00 - [MESSAGE][PASSED] - Keys 'ENTER + ' sent to object: 'tempBody'

2019-12-20 14:36:00 - [TEST_STEP][PASSED] - sendKeys(findTestObject(null), Keys.chord(ESCAPE)): Keys 'ESCAPE + ' sent to object: 'tempBody'

2019-12-20 14:36:00 - [MESSAGE][WARNING] - Test object id is null

2019-12-20 14:36:00 - [MESSAGE][WARNING] - Test object with id 'Object Repository/' does not exist

2019-12-20 14:36:00 - [MESSAGE][PASSED] - Keys 'ESCAPE + ' sent to object: 'tempBody']]></system-out>
         <system-err><![CDATA[]]></system-err>
      </testcase>
      <testcase name="Test Cases/Account Settings/Display Settings/Display Clock" time="4.183" classname="Test Cases/Account Settings/Display Settings/Display Clock" status="PASSED">
         <system-out><![CDATA[2019-12-20 14:36:00 - [TEST_CASE][PASSED] - Test Cases/Account Settings/Display Settings/Display Clock: Test Cases/Account Settings/Display Settings/Display Clock

2019-12-20 14:36:00 - [TEST_STEP][PASSED] - click(findTestObject("General Setting/span menu")): Object: 'Object Repository/General Setting/span menu' is clicked on

2019-12-20 14:36:01 - [MESSAGE][PASSED] - Object: 'Object Repository/General Setting/span menu' is clicked on

2019-12-20 14:36:01 - [TEST_STEP][PASSED] - click(findTestObject("General Setting/button_Account Settings")): Object: 'Object Repository/General Setting/button_Account Settings' is clicked on

2019-12-20 14:36:02 - [MESSAGE][PASSED] - Object: 'Object Repository/General Setting/button_Account Settings' is clicked on

2019-12-20 14:36:02 - [TEST_STEP][PASSED] - click(findTestObject("Account Settings/button_Display")): Object: 'Object Repository/Account Settings/button_Display' is clicked on

2019-12-20 14:36:03 - [MESSAGE][PASSED] - Object: 'Object Repository/Account Settings/button_Display' is clicked on

2019-12-20 14:36:03 - [TEST_STEP][PASSED] - click(findTestObject("Account Settings/span_Edit Clock")): Object: 'Object Repository/Account Settings/span_Edit Clock' is clicked on

2019-12-20 14:36:03 - [MESSAGE][PASSED] - Object: 'Object Repository/Account Settings/span_Edit Clock' is clicked on

2019-12-20 14:36:03 - [TEST_STEP][PASSED] - click(findTestObject("Account Settings/input_Clock Display_clockFormat")): Object: 'Object Repository/Account Settings/input_Clock Display_clockFormat' is clicked on

2019-12-20 14:36:04 - [MESSAGE][PASSED] - Object: 'Object Repository/Account Settings/input_Clock Display_clockFormat' is clicked on

2019-12-20 14:36:04 - [TEST_STEP][PASSED] - sendKeys(findTestObject(null), Keys.chord(ENTER)): Keys 'ENTER + ' sent to object: 'tempBody'

2019-12-20 14:36:04 - [MESSAGE][WARNING] - Test object id is null

2019-12-20 14:36:04 - [MESSAGE][WARNING] - Test object with id 'Object Repository/' does not exist

2019-12-20 14:36:04 - [MESSAGE][PASSED] - Keys 'ENTER + ' sent to object: 'tempBody'

2019-12-20 14:36:04 - [TEST_STEP][PASSED] - sendKeys(findTestObject(null), Keys.chord(ESCAPE)): Keys 'ESCAPE + ' sent to object: 'tempBody'

2019-12-20 14:36:04 - [MESSAGE][WARNING] - Test object id is null

2019-12-20 14:36:04 - [MESSAGE][WARNING] - Test object with id 'Object Repository/' does not exist

2019-12-20 14:36:04 - [MESSAGE][PASSED] - Keys 'ESCAPE + ' sent to object: 'tempBody']]></system-out>
         <system-err><![CDATA[]]></system-err>
      </testcase>
      <testcase name="Test Cases/Account Settings/Display Settings/Display Theme" time="3.931" classname="Test Cases/Account Settings/Display Settings/Display Theme" status="PASSED">
         <system-out><![CDATA[2019-12-20 14:36:04 - [TEST_CASE][PASSED] - Test Cases/Account Settings/Display Settings/Display Theme: Test Cases/Account Settings/Display Settings/Display Theme

2019-12-20 14:36:05 - [TEST_STEP][PASSED] - click(findTestObject("General Setting/span menu")): Object: 'Object Repository/General Setting/span menu' is clicked on

2019-12-20 14:36:05 - [MESSAGE][PASSED] - Object: 'Object Repository/General Setting/span menu' is clicked on

2019-12-20 14:36:05 - [TEST_STEP][PASSED] - click(findTestObject("General Setting/button_Account Settings")): Object: 'Object Repository/General Setting/button_Account Settings' is clicked on

2019-12-20 14:36:06 - [MESSAGE][PASSED] - Object: 'Object Repository/General Setting/button_Account Settings' is clicked on

2019-12-20 14:36:06 - [TEST_STEP][PASSED] - click(findTestObject("Account Settings/button_Display")): Object: 'Object Repository/Account Settings/button_Display' is clicked on

2019-12-20 14:36:07 - [MESSAGE][PASSED] - Object: 'Object Repository/Account Settings/button_Display' is clicked on

2019-12-20 14:36:07 - [TEST_STEP][PASSED] - click(findTestObject("Account Settings/span_Edit Theme")): Object: 'Object Repository/Account Settings/span_Edit Theme' is clicked on

2019-12-20 14:36:08 - [MESSAGE][PASSED] - Object: 'Object Repository/Account Settings/span_Edit Theme' is clicked on

2019-12-20 14:36:08 - [TEST_STEP][PASSED] - sendKeys(findTestObject(null), Keys.chord(ENTER)): Keys 'ENTER + ' sent to object: 'tempBody'

2019-12-20 14:36:08 - [MESSAGE][WARNING] - Test object id is null

2019-12-20 14:36:08 - [MESSAGE][WARNING] - Test object with id 'Object Repository/' does not exist

2019-12-20 14:36:08 - [MESSAGE][PASSED] - Keys 'ENTER + ' sent to object: 'tempBody'

2019-12-20 14:36:08 - [TEST_STEP][PASSED] - sendKeys(findTestObject(null), Keys.chord(ESCAPE)): Keys 'ESCAPE + ' sent to object: 'tempBody'

2019-12-20 14:36:08 - [MESSAGE][WARNING] - Test object id is null

2019-12-20 14:36:08 - [MESSAGE][WARNING] - Test object with id 'Object Repository/' does not exist

2019-12-20 14:36:08 - [MESSAGE][PASSED] - Keys 'ESCAPE + ' sent to object: 'tempBody']]></system-out>
         <system-err><![CDATA[]]></system-err>
      </testcase>
      <testcase name="Test Cases/Account Settings/Display Settings/Display Default" time="4.19" classname="Test Cases/Account Settings/Display Settings/Display Default" status="PASSED">
         <system-out><![CDATA[2019-12-20 14:36:08 - [TEST_CASE][PASSED] - Test Cases/Account Settings/Display Settings/Display Default: Test Cases/Account Settings/Display Settings/Display Default

2019-12-20 14:36:09 - [TEST_STEP][PASSED] - click(findTestObject("General Setting/span menu")): Object: 'Object Repository/General Setting/span menu' is clicked on

2019-12-20 14:36:09 - [MESSAGE][PASSED] - Object: 'Object Repository/General Setting/span menu' is clicked on

2019-12-20 14:36:09 - [TEST_STEP][PASSED] - click(findTestObject("General Setting/button_Account Settings")): Object: 'Object Repository/General Setting/button_Account Settings' is clicked on

2019-12-20 14:36:10 - [MESSAGE][PASSED] - Object: 'Object Repository/General Setting/button_Account Settings' is clicked on

2019-12-20 14:36:10 - [TEST_STEP][PASSED] - click(findTestObject("Account Settings/button_Display")): Object: 'Object Repository/Account Settings/button_Display' is clicked on

2019-12-20 14:36:11 - [MESSAGE][PASSED] - Object: 'Object Repository/Account Settings/button_Display' is clicked on

2019-12-20 14:36:11 - [TEST_STEP][PASSED] - click(findTestObject("Account Settings/span_Edit Default appearance")): Object: 'Object Repository/Account Settings/span_Edit Default appearance' is clicked on

2019-12-20 14:36:12 - [MESSAGE][PASSED] - Object: 'Object Repository/Account Settings/span_Edit Default appearance' is clicked on

2019-12-20 14:36:12 - [TEST_STEP][PASSED] - click(findTestObject("Account Settings/input_Expanded_collapseFormat")): Object: 'Object Repository/Account Settings/input_Expanded_collapseFormat' is clicked on

2019-12-20 14:36:12 - [MESSAGE][PASSED] - Object: 'Object Repository/Account Settings/input_Expanded_collapseFormat' is clicked on

2019-12-20 14:36:12 - [TEST_STEP][PASSED] - sendKeys(findTestObject(null), Keys.chord(ENTER)): Keys 'ENTER + ' sent to object: 'tempBody'

2019-12-20 14:36:12 - [MESSAGE][WARNING] - Test object id is null

2019-12-20 14:36:12 - [MESSAGE][WARNING] - Test object with id 'Object Repository/' does not exist

2019-12-20 14:36:12 - [MESSAGE][PASSED] - Keys 'ENTER + ' sent to object: 'tempBody'

2019-12-20 14:36:12 - [TEST_STEP][PASSED] - sendKeys(findTestObject(null), Keys.chord(ESCAPE)): Keys 'ESCAPE + ' sent to object: 'tempBody'

2019-12-20 14:36:12 - [MESSAGE][WARNING] - Test object id is null

2019-12-20 14:36:12 - [MESSAGE][WARNING] - Test object with id 'Object Repository/' does not exist

2019-12-20 14:36:13 - [MESSAGE][PASSED] - Keys 'ESCAPE + ' sent to object: 'tempBody']]></system-out>
         <system-err><![CDATA[]]></system-err>
      </testcase>
      <testcase name="Test Cases/Town Square binhchill/BinhChill Write-Off" time="1.684" classname="Test Cases/Town Square binhchill/BinhChill Write-Off" status="PASSED">
         <system-out><![CDATA[2019-12-20 14:36:13 - [TEST_CASE][PASSED] - Test Cases/Town Square binhchill/BinhChill Write-Off: Test Cases/Town Square binhchill/BinhChill Write-Off

2019-12-20 14:36:13 - [TEST_STEP][PASSED] - setText(findTestObject("Page_Town Square/textarea_Write to Town Square_post_textbox"), "Binh Very Deep Try :unamused: "): Text 'Binh Very Deep Try :unamused: ' is set on object 'Object Repository/Page_Town Square/textarea_Write to Town Square_post_textbox'

2019-12-20 14:36:14 - [MESSAGE][PASSED] - Text 'Binh Very Deep Try :unamused: ' is set on object 'Object Repository/Page_Town Square/textarea_Write to Town Square_post_textbox'

2019-12-20 14:36:14 - [TEST_STEP][PASSED] - sendKeys(findTestObject("Page_Town Square/textarea_Write to Town Square_post_textbox"), Keys.chord(ENTER)): Keys 'ENTER + ' sent to object: 'Object Repository/Page_Town Square/textarea_Write to Town Square_post_textbox'

2019-12-20 14:36:14 - [MESSAGE][PASSED] - Keys 'ENTER + ' sent to object: 'Object Repository/Page_Town Square/textarea_Write to Town Square_post_textbox']]></system-out>
         <system-err><![CDATA[]]></system-err>
      </testcase>
      <testcase name="Test Cases/Account Settings/Display Settings/Display Message" time="4.338" classname="Test Cases/Account Settings/Display Settings/Display Message" status="PASSED">
         <system-out><![CDATA[2019-12-20 14:36:14 - [TEST_CASE][PASSED] - Test Cases/Account Settings/Display Settings/Display Message: Test Cases/Account Settings/Display Settings/Display Message

2019-12-20 14:36:14 - [TEST_STEP][PASSED] - click(findTestObject("General Setting/span menu")): Object: 'Object Repository/General Setting/span menu' is clicked on

2019-12-20 14:36:15 - [MESSAGE][PASSED] - Object: 'Object Repository/General Setting/span menu' is clicked on

2019-12-20 14:36:15 - [TEST_STEP][PASSED] - click(findTestObject("General Setting/button_Account Settings")): Object: 'Object Repository/General Setting/button_Account Settings' is clicked on

2019-12-20 14:36:16 - [MESSAGE][PASSED] - Object: 'Object Repository/General Setting/button_Account Settings' is clicked on

2019-12-20 14:36:16 - [TEST_STEP][PASSED] - click(findTestObject("Account Settings/button_Display")): Object: 'Object Repository/Account Settings/button_Display' is clicked on

2019-12-20 14:36:17 - [MESSAGE][PASSED] - Object: 'Object Repository/Account Settings/button_Display' is clicked on

2019-12-20 14:36:17 - [TEST_STEP][PASSED] - click(findTestObject("Account Settings/span_Edit Message Display")): Object: 'Object Repository/Account Settings/span_Edit Message Display' is clicked on

2019-12-20 14:36:17 - [MESSAGE][PASSED] - Object: 'Object Repository/Account Settings/span_Edit Message Display' is clicked on

2019-12-20 14:36:17 - [TEST_STEP][PASSED] - click(findTestObject("Account Settings/label_Compact Fit as many messages on the screen as we can")): Object: 'Object Repository/Account Settings/label_Compact Fit as many messages on the screen as we can' is clicked on

2019-12-20 14:36:18 - [MESSAGE][PASSED] - Object: 'Object Repository/Account Settings/label_Compact Fit as many messages on the screen as we can' is clicked on

2019-12-20 14:36:18 - [TEST_STEP][PASSED] - sendKeys(findTestObject(null), Keys.chord(ENTER)): Keys 'ENTER + ' sent to object: 'tempBody'

2019-12-20 14:36:18 - [MESSAGE][WARNING] - Test object id is null

2019-12-20 14:36:18 - [MESSAGE][WARNING] - Test object with id 'Object Repository/' does not exist

2019-12-20 14:36:18 - [MESSAGE][PASSED] - Keys 'ENTER + ' sent to object: 'tempBody'

2019-12-20 14:36:18 - [TEST_STEP][PASSED] - sendKeys(findTestObject(null), Keys.chord(ESCAPE)): Keys 'ESCAPE + ' sent to object: 'tempBody'

2019-12-20 14:36:18 - [MESSAGE][WARNING] - Test object id is null

2019-12-20 14:36:18 - [MESSAGE][WARNING] - Test object with id 'Object Repository/' does not exist

2019-12-20 14:36:19 - [MESSAGE][PASSED] - Keys 'ESCAPE + ' sent to object: 'tempBody']]></system-out>
         <system-err><![CDATA[]]></system-err>
      </testcase>
      <testcase name="Test Cases/Account Settings/Display Settings/Display Teammate" time="4.138" classname="Test Cases/Account Settings/Display Settings/Display Teammate" status="PASSED">
         <system-out><![CDATA[2019-12-20 14:36:19 - [TEST_CASE][PASSED] - Test Cases/Account Settings/Display Settings/Display Teammate: Test Cases/Account Settings/Display Settings/Display Teammate

2019-12-20 14:36:19 - [TEST_STEP][PASSED] - click(findTestObject("General Setting/span menu")): Object: 'Object Repository/General Setting/span menu' is clicked on

2019-12-20 14:36:19 - [MESSAGE][PASSED] - Object: 'Object Repository/General Setting/span menu' is clicked on

2019-12-20 14:36:19 - [TEST_STEP][PASSED] - click(findTestObject("General Setting/button_Account Settings")): Object: 'Object Repository/General Setting/button_Account Settings' is clicked on

2019-12-20 14:36:20 - [MESSAGE][PASSED] - Object: 'Object Repository/General Setting/button_Account Settings' is clicked on

2019-12-20 14:36:20 - [TEST_STEP][PASSED] - click(findTestObject("Account Settings/button_Display")): Object: 'Object Repository/Account Settings/button_Display' is clicked on

2019-12-20 14:36:21 - [MESSAGE][PASSED] - Object: 'Object Repository/Account Settings/button_Display' is clicked on

2019-12-20 14:36:21 - [TEST_STEP][PASSED] - click(findTestObject("Account Settings/span_Edit Teammate")): Object: 'Object Repository/Account Settings/span_Edit Teammate' is clicked on

2019-12-20 14:36:22 - [MESSAGE][PASSED] - Object: 'Object Repository/Account Settings/span_Edit Teammate' is clicked on

2019-12-20 14:36:22 - [TEST_STEP][PASSED] - click(findTestObject("Account Settings/input_Teammate Name Display_name_formatFormat")): Object: 'Object Repository/Account Settings/input_Teammate Name Display_name_formatFormat' is clicked on

2019-12-20 14:36:22 - [MESSAGE][PASSED] - Object: 'Object Repository/Account Settings/input_Teammate Name Display_name_formatFormat' is clicked on

2019-12-20 14:36:22 - [TEST_STEP][PASSED] - sendKeys(findTestObject(null), Keys.chord(ENTER)): Keys 'ENTER + ' sent to object: 'tempBody'

2019-12-20 14:36:22 - [MESSAGE][WARNING] - Test object id is null

2019-12-20 14:36:22 - [MESSAGE][WARNING] - Test object with id 'Object Repository/' does not exist

2019-12-20 14:36:23 - [MESSAGE][PASSED] - Keys 'ENTER + ' sent to object: 'tempBody'

2019-12-20 14:36:23 - [TEST_STEP][PASSED] - sendKeys(findTestObject(null), Keys.chord(ESCAPE)): Keys 'ESCAPE + ' sent to object: 'tempBody'

2019-12-20 14:36:23 - [MESSAGE][WARNING] - Test object id is null

2019-12-20 14:36:23 - [MESSAGE][WARNING] - Test object with id 'Object Repository/' does not exist

2019-12-20 14:36:23 - [MESSAGE][PASSED] - Keys 'ESCAPE + ' sent to object: 'tempBody']]></system-out>
         <system-err><![CDATA[]]></system-err>
      </testcase>
      <testcase name="Test Cases/Account Settings/General Setting/Email" time="3.049" classname="Test Cases/Account Settings/General Setting/Email" status="PASSED">
         <system-out><![CDATA[2019-12-20 14:36:23 - [TEST_CASE][PASSED] - Test Cases/Account Settings/General Setting/Email: Test Cases/Account Settings/General Setting/Email

2019-12-20 14:36:23 - [TEST_STEP][PASSED] - click(findTestObject("General Setting/span menu")): Object: 'Object Repository/General Setting/span menu' is clicked on

2019-12-20 14:36:24 - [MESSAGE][PASSED] - Object: 'Object Repository/General Setting/span menu' is clicked on

2019-12-20 14:36:24 - [TEST_STEP][PASSED] - click(findTestObject("General Setting/button_Account Settings")): Object: 'Object Repository/General Setting/button_Account Settings' is clicked on

2019-12-20 14:36:25 - [MESSAGE][PASSED] - Object: 'Object Repository/General Setting/button_Account Settings' is clicked on

2019-12-20 14:36:25 - [TEST_STEP][PASSED] - click(findTestObject("General Setting/span_Edit Email")): Object: 'Object Repository/General Setting/span_Edit Email' is clicked on

2019-12-20 14:36:25 - [MESSAGE][PASSED] - Object: 'Object Repository/General Setting/span_Edit Email' is clicked on

2019-12-20 14:36:25 - [TEST_STEP][PASSED] - sendKeys(findTestObject(null), Keys.chord(ESCAPE)): Keys 'ESCAPE + ' sent to object: 'tempBody'

2019-12-20 14:36:25 - [MESSAGE][WARNING] - Test object id is null

2019-12-20 14:36:25 - [MESSAGE][WARNING] - Test object with id 'Object Repository/' does not exist

2019-12-20 14:36:26 - [MESSAGE][PASSED] - Keys 'ESCAPE + ' sent to object: 'tempBody']]></system-out>
         <system-err><![CDATA[]]></system-err>
      </testcase>
      <testcase name="Test Cases/Account Settings/Display Settings/Display Language" time="4.075" classname="Test Cases/Account Settings/Display Settings/Display Language" status="PASSED">
         <system-out><![CDATA[2019-12-20 14:36:26 - [TEST_CASE][PASSED] - Test Cases/Account Settings/Display Settings/Display Language: Test Cases/Account Settings/Display Settings/Display Language

2019-12-20 14:36:26 - [TEST_STEP][PASSED] - click(findTestObject("General Setting/span menu")): Object: 'Object Repository/General Setting/span menu' is clicked on

2019-12-20 14:36:27 - [MESSAGE][PASSED] - Object: 'Object Repository/General Setting/span menu' is clicked on

2019-12-20 14:36:27 - [TEST_STEP][PASSED] - click(findTestObject("General Setting/button_Account Settings")): Object: 'Object Repository/General Setting/button_Account Settings' is clicked on

2019-12-20 14:36:28 - [MESSAGE][PASSED] - Object: 'Object Repository/General Setting/button_Account Settings' is clicked on

2019-12-20 14:36:28 - [TEST_STEP][PASSED] - click(findTestObject("Account Settings/button_Display")): Object: 'Object Repository/Account Settings/button_Display' is clicked on

2019-12-20 14:36:28 - [MESSAGE][PASSED] - Object: 'Object Repository/Account Settings/button_Display' is clicked on

2019-12-20 14:36:28 - [TEST_STEP][PASSED] - click(findTestObject("Account Settings/span_Edit Language")): Object: 'Object Repository/Account Settings/span_Edit Language' is clicked on

2019-12-20 14:36:29 - [MESSAGE][PASSED] - Object: 'Object Repository/Account Settings/span_Edit Language' is clicked on

2019-12-20 14:36:29 - [TEST_STEP][PASSED] - sendKeys(findTestObject(null), Keys.chord(ENTER)): Keys 'ENTER + ' sent to object: 'tempBody'

2019-12-20 14:36:29 - [MESSAGE][WARNING] - Test object id is null

2019-12-20 14:36:29 - [MESSAGE][WARNING] - Test object with id 'Object Repository/' does not exist

2019-12-20 14:36:29 - [MESSAGE][PASSED] - Keys 'ENTER + ' sent to object: 'tempBody'

2019-12-20 14:36:29 - [TEST_STEP][PASSED] - sendKeys(findTestObject(null), Keys.chord(ESCAPE)): Keys 'ESCAPE + ' sent to object: 'tempBody'

2019-12-20 14:36:29 - [MESSAGE][WARNING] - Test object id is null

2019-12-20 14:36:29 - [MESSAGE][WARNING] - Test object with id 'Object Repository/' does not exist

2019-12-20 14:36:30 - [MESSAGE][PASSED] - Keys 'ESCAPE + ' sent to object: 'tempBody']]></system-out>
         <system-err><![CDATA[]]></system-err>
      </testcase>
      <testcase name="Test Cases/Account Settings/General Setting/Full Name" time="4.224" classname="Test Cases/Account Settings/General Setting/Full Name" status="PASSED">
         <system-out><![CDATA[2019-12-20 14:36:30 - [TEST_CASE][PASSED] - Test Cases/Account Settings/General Setting/Full Name: Test Cases/Account Settings/General Setting/Full Name

2019-12-20 14:36:30 - [TEST_STEP][PASSED] - click(findTestObject("General Setting/span menu")): Object: 'Object Repository/General Setting/span menu' is clicked on

2019-12-20 14:36:31 - [MESSAGE][PASSED] - Object: 'Object Repository/General Setting/span menu' is clicked on

2019-12-20 14:36:31 - [TEST_STEP][PASSED] - click(findTestObject("General Setting/button_Account Settings")): Object: 'Object Repository/General Setting/button_Account Settings' is clicked on

2019-12-20 14:36:32 - [MESSAGE][PASSED] - Object: 'Object Repository/General Setting/button_Account Settings' is clicked on

2019-12-20 14:36:32 - [TEST_STEP][PASSED] - click(findTestObject("General Setting/span_Edit FullName")): Object: 'Object Repository/General Setting/span_Edit FullName' is clicked on

2019-12-20 14:36:32 - [MESSAGE][PASSED] - Object: 'Object Repository/General Setting/span_Edit FullName' is clicked on

2019-12-20 14:36:32 - [TEST_STEP][PASSED] - setText(findTestObject("General Setting/input_First Name_firstName"), "Nguyen"): Text 'Nguyen' is set on object 'Object Repository/General Setting/input_First Name_firstName'

2019-12-20 14:36:33 - [MESSAGE][PASSED] - Text 'Nguyen' is set on object 'Object Repository/General Setting/input_First Name_firstName'

2019-12-20 14:36:33 - [TEST_STEP][PASSED] - setText(findTestObject("General Setting/input_Last Name_lastName"), "Binh"): Text 'Binh' is set on object 'Object Repository/General Setting/input_Last Name_lastName'

2019-12-20 14:36:33 - [MESSAGE][PASSED] - Text 'Binh' is set on object 'Object Repository/General Setting/input_Last Name_lastName'

2019-12-20 14:36:33 - [TEST_STEP][PASSED] - click(findTestObject("General Setting/span_Save FullName")): Object: 'Object Repository/General Setting/span_Save FullName' is clicked on

2019-12-20 14:36:34 - [MESSAGE][PASSED] - Object: 'Object Repository/General Setting/span_Save FullName' is clicked on

2019-12-20 14:36:34 - [TEST_STEP][PASSED] - sendKeys(findTestObject(null), Keys.chord(ESCAPE)): Keys 'ESCAPE + ' sent to object: 'tempBody'

2019-12-20 14:36:34 - [MESSAGE][WARNING] - Test object id is null

2019-12-20 14:36:34 - [MESSAGE][WARNING] - Test object with id 'Object Repository/' does not exist

2019-12-20 14:36:34 - [MESSAGE][PASSED] - Keys 'ESCAPE + ' sent to object: 'tempBody']]></system-out>
         <system-err><![CDATA[]]></system-err>
      </testcase>
      <testcase name="Test Cases/Town Square binhchill/BinhChill Search username" time="6.039" classname="Test Cases/Town Square binhchill/BinhChill Search username" status="PASSED">
         <system-out><![CDATA[2019-12-20 14:36:34 - [TEST_CASE][PASSED] - Test Cases/Town Square binhchill/BinhChill Search username: Test Cases/Town Square binhchill/BinhChill Search username

2019-12-20 14:36:34 - [TEST_STEP][PASSED] - click(findTestObject("Town Square Notification/span_Town Square_channelHeaderDropdownIcon")): Object: 'Object Repository/Town Square Notification/span_Town Square_channelHeaderDropdownIcon' is clicked on

2019-12-20 14:36:35 - [MESSAGE][PASSED] - Object: 'Object Repository/Town Square Notification/span_Town Square_channelHeaderDropdownIcon' is clicked on

2019-12-20 14:36:35 - [TEST_STEP][PASSED] - click(findTestObject("Town Square Notification/button_View Members")): Object: 'Object Repository/Town Square Notification/button_View Members' is clicked on

2019-12-20 14:36:35 - [MESSAGE][PASSED] - Object: 'Object Repository/Town Square Notification/button_View Members' is clicked on

2019-12-20 14:36:35 - [TEST_STEP][PASSED] - setText(findTestObject("Town Square Notification/input_Members_searchUsersInput"), "binhchill"): Text 'binhchill' is set on object 'Object Repository/Town Square Notification/input_Members_searchUsersInput'

2019-12-20 14:36:37 - [MESSAGE][PASSED] - Text 'binhchill' is set on object 'Object Repository/Town Square Notification/input_Members_searchUsersInput'

2019-12-20 14:36:37 - [TEST_STEP][PASSED] - delay(3): Delayed 3 second(s)

2019-12-20 14:36:40 - [MESSAGE][PASSED] - Delayed 3 second(s)

2019-12-20 14:36:40 - [TEST_STEP][PASSED] - sendKeys(findTestObject(null), Keys.chord(ESCAPE)): Keys 'ESCAPE + ' sent to object: 'tempBody'

2019-12-20 14:36:40 - [MESSAGE][WARNING] - Test object id is null

2019-12-20 14:36:40 - [MESSAGE][WARNING] - Test object with id 'Object Repository/' does not exist

2019-12-20 14:36:40 - [MESSAGE][PASSED] - Keys 'ESCAPE + ' sent to object: 'tempBody']]></system-out>
         <system-err><![CDATA[]]></system-err>
      </testcase>
      <testcase name="Test Cases/Town Square binhchill/BinhChill Write-Off" time="1.13" classname="Test Cases/Town Square binhchill/BinhChill Write-Off" status="PASSED">
         <system-out><![CDATA[2019-12-20 14:36:40 - [TEST_CASE][PASSED] - Test Cases/Town Square binhchill/BinhChill Write-Off: Test Cases/Town Square binhchill/BinhChill Write-Off

2019-12-20 14:36:40 - [TEST_STEP][PASSED] - setText(findTestObject("Page_Town Square/textarea_Write to Town Square_post_textbox"), "Binh Very Deep Try :unamused: "): Text 'Binh Very Deep Try :unamused: ' is set on object 'Object Repository/Page_Town Square/textarea_Write to Town Square_post_textbox'

2019-12-20 14:36:41 - [MESSAGE][PASSED] - Text 'Binh Very Deep Try :unamused: ' is set on object 'Object Repository/Page_Town Square/textarea_Write to Town Square_post_textbox'

2019-12-20 14:36:41 - [TEST_STEP][PASSED] - sendKeys(findTestObject("Page_Town Square/textarea_Write to Town Square_post_textbox"), Keys.chord(ENTER)): Keys 'ENTER + ' sent to object: 'Object Repository/Page_Town Square/textarea_Write to Town Square_post_textbox'

2019-12-20 14:36:41 - [MESSAGE][PASSED] - Keys 'ENTER + ' sent to object: 'Object Repository/Page_Town Square/textarea_Write to Town Square_post_textbox']]></system-out>
         <system-err><![CDATA[]]></system-err>
      </testcase>
      <testcase name="Test Cases/Off-Topic aba123/Aba123 login" time="13.129" classname="Test Cases/Off-Topic aba123/Aba123 login" status="PASSED">
         <system-out><![CDATA[2019-12-20 14:36:41 - [TEST_CASE][PASSED] - Test Cases/Off-Topic aba123/Aba123 login: Test Cases/Off-Topic aba123/Aba123 login

2019-12-20 14:36:41 - [TEST_STEP][PASSED] - openBrowser("https://mattermost-apcs.herokuapp.com/login"): Browser is opened with url: 'https://mattermost-apcs.herokuapp.com/login'

2019-12-20 14:36:41 - [MESSAGE][WARNING] - A browser is already opened. Closing browser and opening a new one

2019-12-20 14:36:42 - [MESSAGE][INFO] - Starting 'Chrome' driver

2019-12-20 14:36:50 - [MESSAGE][PASSED] - Browser is opened with url: 'https://mattermost-apcs.herokuapp.com/login'

2019-12-20 14:36:50 - [TEST_STEP][PASSED] - setText(findTestObject("Page_Mattermost/input_All team communication in one place searchable and accessible anywhere_loginId"), "aba123"): Text 'aba123' is set on object 'Object Repository/Page_Mattermost/input_All team communication in one place searchable and accessible anywhere_loginId'

2019-12-20 14:36:53 - [MESSAGE][PASSED] - Text 'aba123' is set on object 'Object Repository/Page_Mattermost/input_All team communication in one place searchable and accessible anywhere_loginId'

2019-12-20 14:36:53 - [TEST_STEP][PASSED] - setText(findTestObject("Page_Mattermost/input_All team communication in one place searchable and accessible anywhere_password"), "123456"): Text '123456' is set on object 'Object Repository/Page_Mattermost/input_All team communication in one place searchable and accessible anywhere_password'

2019-12-20 14:36:54 - [MESSAGE][PASSED] - Text '123456' is set on object 'Object Repository/Page_Mattermost/input_All team communication in one place searchable and accessible anywhere_password'

2019-12-20 14:36:54 - [TEST_STEP][PASSED] - click(findTestObject("Page_Mattermost/span_Sign in")): Object: 'Object Repository/Page_Mattermost/span_Sign in' is clicked on

2019-12-20 14:36:54 - [MESSAGE][PASSED] - Object: 'Object Repository/Page_Mattermost/span_Sign in' is clicked on]]></system-out>
         <system-err><![CDATA[]]></system-err>
      </testcase>
      <testcase name="Test Cases/Account Settings/General Setting/Email" time="5.789" classname="Test Cases/Account Settings/General Setting/Email" status="PASSED">
         <system-out><![CDATA[2019-12-20 14:36:54 - [TEST_CASE][PASSED] - Test Cases/Account Settings/General Setting/Email: Test Cases/Account Settings/General Setting/Email

2019-12-20 14:36:54 - [TEST_STEP][PASSED] - click(findTestObject("General Setting/span menu")): Object: 'Object Repository/General Setting/span menu' is clicked on

2019-12-20 14:36:58 - [MESSAGE][PASSED] - Object: 'Object Repository/General Setting/span menu' is clicked on

2019-12-20 14:36:58 - [TEST_STEP][PASSED] - click(findTestObject("General Setting/button_Account Settings")): Object: 'Object Repository/General Setting/button_Account Settings' is clicked on

2019-12-20 14:36:59 - [MESSAGE][PASSED] - Object: 'Object Repository/General Setting/button_Account Settings' is clicked on

2019-12-20 14:36:59 - [TEST_STEP][PASSED] - click(findTestObject("General Setting/span_Edit Email")): Object: 'Object Repository/General Setting/span_Edit Email' is clicked on

2019-12-20 14:37:00 - [MESSAGE][PASSED] - Object: 'Object Repository/General Setting/span_Edit Email' is clicked on

2019-12-20 14:37:00 - [TEST_STEP][PASSED] - sendKeys(findTestObject(null), Keys.chord(ESCAPE)): Keys 'ESCAPE + ' sent to object: 'tempBody'

2019-12-20 14:37:00 - [MESSAGE][WARNING] - Test object id is null

2019-12-20 14:37:00 - [MESSAGE][WARNING] - Test object with id 'Object Repository/' does not exist

2019-12-20 14:37:00 - [MESSAGE][PASSED] - Keys 'ESCAPE + ' sent to object: 'tempBody']]></system-out>
         <system-err><![CDATA[]]></system-err>
      </testcase>
      <testcase name="Test Cases/Town Square binhchill/BinhChill Write-Off" time="1.274" classname="Test Cases/Town Square binhchill/BinhChill Write-Off" status="PASSED">
         <system-out><![CDATA[2019-12-20 14:37:00 - [TEST_CASE][PASSED] - Test Cases/Town Square binhchill/BinhChill Write-Off: Test Cases/Town Square binhchill/BinhChill Write-Off

2019-12-20 14:37:00 - [TEST_STEP][PASSED] - setText(findTestObject("Page_Town Square/textarea_Write to Town Square_post_textbox"), "Binh Very Deep Try :unamused: "): Text 'Binh Very Deep Try :unamused: ' is set on object 'Object Repository/Page_Town Square/textarea_Write to Town Square_post_textbox'

2019-12-20 14:37:01 - [MESSAGE][PASSED] - Text 'Binh Very Deep Try :unamused: ' is set on object 'Object Repository/Page_Town Square/textarea_Write to Town Square_post_textbox'

2019-12-20 14:37:01 - [TEST_STEP][PASSED] - sendKeys(findTestObject("Page_Town Square/textarea_Write to Town Square_post_textbox"), Keys.chord(ENTER)): Keys 'ENTER + ' sent to object: 'Object Repository/Page_Town Square/textarea_Write to Town Square_post_textbox'

2019-12-20 14:37:01 - [MESSAGE][PASSED] - Keys 'ENTER + ' sent to object: 'Object Repository/Page_Town Square/textarea_Write to Town Square_post_textbox']]></system-out>
         <system-err><![CDATA[]]></system-err>
      </testcase>
      <testcase name="Test Cases/Account Settings/Advanced Settings/Advanced" time="3.11" classname="Test Cases/Account Settings/Advanced Settings/Advanced" status="PASSED">
         <system-out><![CDATA[2019-12-20 14:37:01 - [TEST_CASE][PASSED] - Test Cases/Account Settings/Advanced Settings/Advanced: Test Cases/Account Settings/Advanced Settings/Advanced

2019-12-20 14:37:02 - [TEST_STEP][PASSED] - click(findTestObject("General Setting/span menu")): Object: 'Object Repository/General Setting/span menu' is clicked on

2019-12-20 14:37:02 - [MESSAGE][PASSED] - Object: 'Object Repository/General Setting/span menu' is clicked on

2019-12-20 14:37:02 - [TEST_STEP][PASSED] - click(findTestObject("General Setting/button_Account Settings")): Object: 'Object Repository/General Setting/button_Account Settings' is clicked on

2019-12-20 14:37:03 - [MESSAGE][PASSED] - Object: 'Object Repository/General Setting/button_Account Settings' is clicked on

2019-12-20 14:37:03 - [TEST_STEP][PASSED] - click(findTestObject("Account Settings/button_Advanced")): Object: 'Object Repository/Account Settings/button_Advanced' is clicked on

2019-12-20 14:37:04 - [MESSAGE][PASSED] - Object: 'Object Repository/Account Settings/button_Advanced' is clicked on

2019-12-20 14:37:04 - [TEST_STEP][PASSED] - sendKeys(findTestObject(null), Keys.chord(ESCAPE)): Keys 'ESCAPE + ' sent to object: 'tempBody'

2019-12-20 14:37:04 - [MESSAGE][WARNING] - Test object id is null

2019-12-20 14:37:04 - [MESSAGE][WARNING] - Test object with id 'Object Repository/' does not exist

2019-12-20 14:37:05 - [MESSAGE][PASSED] - Keys 'ESCAPE + ' sent to object: 'tempBody']]></system-out>
         <system-err><![CDATA[]]></system-err>
      </testcase>
      <testcase name="Test Cases/Account Settings/Display Settings/Display Channel" time="3.546" classname="Test Cases/Account Settings/Display Settings/Display Channel" status="PASSED">
         <system-out><![CDATA[2019-12-20 14:37:05 - [TEST_CASE][PASSED] - Test Cases/Account Settings/Display Settings/Display Channel: Test Cases/Account Settings/Display Settings/Display Channel

2019-12-20 14:37:05 - [TEST_STEP][PASSED] - click(findTestObject("General Setting/span menu")): Object: 'Object Repository/General Setting/span menu' is clicked on

2019-12-20 14:37:05 - [MESSAGE][PASSED] - Object: 'Object Repository/General Setting/span menu' is clicked on

2019-12-20 14:37:05 - [TEST_STEP][PASSED] - click(findTestObject("General Setting/button_Account Settings")): Object: 'Object Repository/General Setting/button_Account Settings' is clicked on

2019-12-20 14:37:06 - [MESSAGE][PASSED] - Object: 'Object Repository/General Setting/button_Account Settings' is clicked on

2019-12-20 14:37:06 - [TEST_STEP][PASSED] - click(findTestObject("Account Settings/button_Display")): Object: 'Object Repository/Account Settings/button_Display' is clicked on

2019-12-20 14:37:07 - [MESSAGE][PASSED] - Object: 'Object Repository/Account Settings/button_Display' is clicked on

2019-12-20 14:37:07 - [TEST_STEP][PASSED] - click(findTestObject("Account Settings/span_Edit Channel Display")): Object: 'Object Repository/Account Settings/span_Edit Channel Display' is clicked on

2019-12-20 14:37:07 - [MESSAGE][PASSED] - Object: 'Object Repository/Account Settings/span_Edit Channel Display' is clicked on

2019-12-20 14:37:07 - [TEST_STEP][PASSED] - sendKeys(findTestObject(null), Keys.chord(ENTER)): Keys 'ENTER + ' sent to object: 'tempBody'

2019-12-20 14:37:07 - [MESSAGE][WARNING] - Test object id is null

2019-12-20 14:37:07 - [MESSAGE][WARNING] - Test object with id 'Object Repository/' does not exist

2019-12-20 14:37:08 - [MESSAGE][PASSED] - Keys 'ENTER + ' sent to object: 'tempBody'

2019-12-20 14:37:08 - [TEST_STEP][PASSED] - sendKeys(findTestObject(null), Keys.chord(ESCAPE)): Keys 'ESCAPE + ' sent to object: 'tempBody'

2019-12-20 14:37:08 - [MESSAGE][WARNING] - Test object id is null

2019-12-20 14:37:08 - [MESSAGE][WARNING] - Test object with id 'Object Repository/' does not exist

2019-12-20 14:37:08 - [MESSAGE][PASSED] - Keys 'ESCAPE + ' sent to object: 'tempBody']]></system-out>
         <system-err><![CDATA[]]></system-err>
      </testcase>
      <testcase name="Test Cases/Town Square binhchill/BinhChill Write-Off" time="1.207" classname="Test Cases/Town Square binhchill/BinhChill Write-Off" status="PASSED">
         <system-out><![CDATA[2019-12-20 14:37:08 - [TEST_CASE][PASSED] - Test Cases/Town Square binhchill/BinhChill Write-Off: Test Cases/Town Square binhchill/BinhChill Write-Off

2019-12-20 14:37:08 - [TEST_STEP][PASSED] - setText(findTestObject("Page_Town Square/textarea_Write to Town Square_post_textbox"), "Binh Very Deep Try :unamused: "): Text 'Binh Very Deep Try :unamused: ' is set on object 'Object Repository/Page_Town Square/textarea_Write to Town Square_post_textbox'

2019-12-20 14:37:09 - [MESSAGE][PASSED] - Text 'Binh Very Deep Try :unamused: ' is set on object 'Object Repository/Page_Town Square/textarea_Write to Town Square_post_textbox'

2019-12-20 14:37:09 - [TEST_STEP][PASSED] - sendKeys(findTestObject("Page_Town Square/textarea_Write to Town Square_post_textbox"), Keys.chord(ENTER)): Keys 'ENTER + ' sent to object: 'Object Repository/Page_Town Square/textarea_Write to Town Square_post_textbox'

2019-12-20 14:37:09 - [MESSAGE][PASSED] - Keys 'ENTER + ' sent to object: 'Object Repository/Page_Town Square/textarea_Write to Town Square_post_textbox']]></system-out>
         <system-err><![CDATA[]]></system-err>
      </testcase>
      <testcase name="Test Cases/Account Settings/Display Settings/Display Clock" time="4.407" classname="Test Cases/Account Settings/Display Settings/Display Clock" status="PASSED">
         <system-out><![CDATA[2019-12-20 14:37:09 - [TEST_CASE][PASSED] - Test Cases/Account Settings/Display Settings/Display Clock: Test Cases/Account Settings/Display Settings/Display Clock

2019-12-20 14:37:09 - [TEST_STEP][PASSED] - click(findTestObject("General Setting/span menu")): Object: 'Object Repository/General Setting/span menu' is clicked on

2019-12-20 14:37:10 - [MESSAGE][PASSED] - Object: 'Object Repository/General Setting/span menu' is clicked on

2019-12-20 14:37:10 - [TEST_STEP][PASSED] - click(findTestObject("General Setting/button_Account Settings")): Object: 'Object Repository/General Setting/button_Account Settings' is clicked on

2019-12-20 14:37:11 - [MESSAGE][PASSED] - Object: 'Object Repository/General Setting/button_Account Settings' is clicked on

2019-12-20 14:37:11 - [TEST_STEP][PASSED] - click(findTestObject("Account Settings/button_Display")): Object: 'Object Repository/Account Settings/button_Display' is clicked on

2019-12-20 14:37:12 - [MESSAGE][PASSED] - Object: 'Object Repository/Account Settings/button_Display' is clicked on

2019-12-20 14:37:12 - [TEST_STEP][PASSED] - click(findTestObject("Account Settings/span_Edit Clock")): Object: 'Object Repository/Account Settings/span_Edit Clock' is clicked on

2019-12-20 14:37:13 - [MESSAGE][PASSED] - Object: 'Object Repository/Account Settings/span_Edit Clock' is clicked on

2019-12-20 14:37:13 - [TEST_STEP][PASSED] - click(findTestObject("Account Settings/input_Clock Display_clockFormat")): Object: 'Object Repository/Account Settings/input_Clock Display_clockFormat' is clicked on

2019-12-20 14:37:13 - [MESSAGE][PASSED] - Object: 'Object Repository/Account Settings/input_Clock Display_clockFormat' is clicked on

2019-12-20 14:37:13 - [TEST_STEP][PASSED] - sendKeys(findTestObject(null), Keys.chord(ENTER)): Keys 'ENTER + ' sent to object: 'tempBody'

2019-12-20 14:37:13 - [MESSAGE][WARNING] - Test object id is null

2019-12-20 14:37:13 - [MESSAGE][WARNING] - Test object with id 'Object Repository/' does not exist

2019-12-20 14:37:14 - [MESSAGE][PASSED] - Keys 'ENTER + ' sent to object: 'tempBody'

2019-12-20 14:37:14 - [TEST_STEP][PASSED] - sendKeys(findTestObject(null), Keys.chord(ESCAPE)): Keys 'ESCAPE + ' sent to object: 'tempBody'

2019-12-20 14:37:14 - [MESSAGE][WARNING] - Test object id is null

2019-12-20 14:37:14 - [MESSAGE][WARNING] - Test object with id 'Object Repository/' does not exist

2019-12-20 14:37:14 - [MESSAGE][PASSED] - Keys 'ESCAPE + ' sent to object: 'tempBody']]></system-out>
         <system-err><![CDATA[]]></system-err>
      </testcase>
      <testcase name="Test Cases/Account Settings/Display Settings/Display Default" time="3.816" classname="Test Cases/Account Settings/Display Settings/Display Default" status="PASSED">
         <system-out><![CDATA[2019-12-20 14:37:14 - [TEST_CASE][PASSED] - Test Cases/Account Settings/Display Settings/Display Default: Test Cases/Account Settings/Display Settings/Display Default

2019-12-20 14:37:14 - [TEST_STEP][PASSED] - click(findTestObject("General Setting/span menu")): Object: 'Object Repository/General Setting/span menu' is clicked on

2019-12-20 14:37:14 - [MESSAGE][PASSED] - Object: 'Object Repository/General Setting/span menu' is clicked on

2019-12-20 14:37:14 - [TEST_STEP][PASSED] - click(findTestObject("General Setting/button_Account Settings")): Object: 'Object Repository/General Setting/button_Account Settings' is clicked on

2019-12-20 14:37:15 - [MESSAGE][PASSED] - Object: 'Object Repository/General Setting/button_Account Settings' is clicked on

2019-12-20 14:37:15 - [TEST_STEP][PASSED] - click(findTestObject("Account Settings/button_Display")): Object: 'Object Repository/Account Settings/button_Display' is clicked on

2019-12-20 14:37:16 - [MESSAGE][PASSED] - Object: 'Object Repository/Account Settings/button_Display' is clicked on

2019-12-20 14:37:16 - [TEST_STEP][PASSED] - click(findTestObject("Account Settings/span_Edit Default appearance")): Object: 'Object Repository/Account Settings/span_Edit Default appearance' is clicked on

2019-12-20 14:37:17 - [MESSAGE][PASSED] - Object: 'Object Repository/Account Settings/span_Edit Default appearance' is clicked on

2019-12-20 14:37:17 - [TEST_STEP][PASSED] - click(findTestObject("Account Settings/input_Expanded_collapseFormat")): Object: 'Object Repository/Account Settings/input_Expanded_collapseFormat' is clicked on

2019-12-20 14:37:17 - [MESSAGE][PASSED] - Object: 'Object Repository/Account Settings/input_Expanded_collapseFormat' is clicked on

2019-12-20 14:37:17 - [TEST_STEP][PASSED] - sendKeys(findTestObject(null), Keys.chord(ENTER)): Keys 'ENTER + ' sent to object: 'tempBody'

2019-12-20 14:37:17 - [MESSAGE][WARNING] - Test object id is null

2019-12-20 14:37:17 - [MESSAGE][WARNING] - Test object with id 'Object Repository/' does not exist

2019-12-20 14:37:17 - [MESSAGE][PASSED] - Keys 'ENTER + ' sent to object: 'tempBody'

2019-12-20 14:37:17 - [TEST_STEP][PASSED] - sendKeys(findTestObject(null), Keys.chord(ESCAPE)): Keys 'ESCAPE + ' sent to object: 'tempBody'

2019-12-20 14:37:17 - [MESSAGE][WARNING] - Test object id is null

2019-12-20 14:37:17 - [MESSAGE][WARNING] - Test object with id 'Object Repository/' does not exist

2019-12-20 14:37:18 - [MESSAGE][PASSED] - Keys 'ESCAPE + ' sent to object: 'tempBody']]></system-out>
         <system-err><![CDATA[]]></system-err>
      </testcase>
      <testcase name="Test Cases/Account Settings/Display Settings/Display Language" time="3.733" classname="Test Cases/Account Settings/Display Settings/Display Language" status="PASSED">
         <system-out><![CDATA[2019-12-20 14:37:18 - [TEST_CASE][PASSED] - Test Cases/Account Settings/Display Settings/Display Language: Test Cases/Account Settings/Display Settings/Display Language

2019-12-20 14:37:18 - [TEST_STEP][PASSED] - click(findTestObject("General Setting/span menu")): Object: 'Object Repository/General Setting/span menu' is clicked on

2019-12-20 14:37:18 - [MESSAGE][PASSED] - Object: 'Object Repository/General Setting/span menu' is clicked on

2019-12-20 14:37:18 - [TEST_STEP][PASSED] - click(findTestObject("General Setting/button_Account Settings")): Object: 'Object Repository/General Setting/button_Account Settings' is clicked on

2019-12-20 14:37:19 - [MESSAGE][PASSED] - Object: 'Object Repository/General Setting/button_Account Settings' is clicked on

2019-12-20 14:37:19 - [TEST_STEP][PASSED] - click(findTestObject("Account Settings/button_Display")): Object: 'Object Repository/Account Settings/button_Display' is clicked on

2019-12-20 14:37:20 - [MESSAGE][PASSED] - Object: 'Object Repository/Account Settings/button_Display' is clicked on

2019-12-20 14:37:20 - [TEST_STEP][PASSED] - click(findTestObject("Account Settings/span_Edit Language")): Object: 'Object Repository/Account Settings/span_Edit Language' is clicked on

2019-12-20 14:37:20 - [MESSAGE][PASSED] - Object: 'Object Repository/Account Settings/span_Edit Language' is clicked on

2019-12-20 14:37:20 - [TEST_STEP][PASSED] - sendKeys(findTestObject(null), Keys.chord(ENTER)): Keys 'ENTER + ' sent to object: 'tempBody'

2019-12-20 14:37:20 - [MESSAGE][WARNING] - Test object id is null

2019-12-20 14:37:20 - [MESSAGE][WARNING] - Test object with id 'Object Repository/' does not exist

2019-12-20 14:37:21 - [MESSAGE][PASSED] - Keys 'ENTER + ' sent to object: 'tempBody'

2019-12-20 14:37:21 - [TEST_STEP][PASSED] - sendKeys(findTestObject(null), Keys.chord(ESCAPE)): Keys 'ESCAPE + ' sent to object: 'tempBody'

2019-12-20 14:37:21 - [MESSAGE][WARNING] - Test object id is null

2019-12-20 14:37:21 - [MESSAGE][WARNING] - Test object with id 'Object Repository/' does not exist

2019-12-20 14:37:21 - [MESSAGE][PASSED] - Keys 'ESCAPE + ' sent to object: 'tempBody']]></system-out>
         <system-err><![CDATA[]]></system-err>
      </testcase>
      <testcase name="Test Cases/Account Settings/Display Settings/Display Message" time="3.991" classname="Test Cases/Account Settings/Display Settings/Display Message" status="PASSED">
         <system-out><![CDATA[2019-12-20 14:37:21 - [TEST_CASE][PASSED] - Test Cases/Account Settings/Display Settings/Display Message: Test Cases/Account Settings/Display Settings/Display Message

2019-12-20 14:37:21 - [TEST_STEP][PASSED] - click(findTestObject("General Setting/span menu")): Object: 'Object Repository/General Setting/span menu' is clicked on

2019-12-20 14:37:22 - [MESSAGE][PASSED] - Object: 'Object Repository/General Setting/span menu' is clicked on

2019-12-20 14:37:22 - [TEST_STEP][PASSED] - click(findTestObject("General Setting/button_Account Settings")): Object: 'Object Repository/General Setting/button_Account Settings' is clicked on

2019-12-20 14:37:23 - [MESSAGE][PASSED] - Object: 'Object Repository/General Setting/button_Account Settings' is clicked on

2019-12-20 14:37:23 - [TEST_STEP][PASSED] - click(findTestObject("Account Settings/button_Display")): Object: 'Object Repository/Account Settings/button_Display' is clicked on

2019-12-20 14:37:23 - [MESSAGE][PASSED] - Object: 'Object Repository/Account Settings/button_Display' is clicked on

2019-12-20 14:37:23 - [TEST_STEP][PASSED] - click(findTestObject("Account Settings/span_Edit Message Display")): Object: 'Object Repository/Account Settings/span_Edit Message Display' is clicked on

2019-12-20 14:37:24 - [MESSAGE][PASSED] - Object: 'Object Repository/Account Settings/span_Edit Message Display' is clicked on

2019-12-20 14:37:24 - [TEST_STEP][PASSED] - click(findTestObject("Account Settings/label_Compact Fit as many messages on the screen as we can")): Object: 'Object Repository/Account Settings/label_Compact Fit as many messages on the screen as we can' is clicked on

2019-12-20 14:37:25 - [MESSAGE][PASSED] - Object: 'Object Repository/Account Settings/label_Compact Fit as many messages on the screen as we can' is clicked on

2019-12-20 14:37:25 - [TEST_STEP][PASSED] - sendKeys(findTestObject(null), Keys.chord(ENTER)): Keys 'ENTER + ' sent to object: 'tempBody'

2019-12-20 14:37:25 - [MESSAGE][WARNING] - Test object id is null

2019-12-20 14:37:25 - [MESSAGE][WARNING] - Test object with id 'Object Repository/' does not exist

2019-12-20 14:37:25 - [MESSAGE][PASSED] - Keys 'ENTER + ' sent to object: 'tempBody'

2019-12-20 14:37:25 - [TEST_STEP][PASSED] - sendKeys(findTestObject(null), Keys.chord(ESCAPE)): Keys 'ESCAPE + ' sent to object: 'tempBody'

2019-12-20 14:37:25 - [MESSAGE][WARNING] - Test object id is null

2019-12-20 14:37:25 - [MESSAGE][WARNING] - Test object with id 'Object Repository/' does not exist

2019-12-20 14:37:25 - [MESSAGE][PASSED] - Keys 'ESCAPE + ' sent to object: 'tempBody']]></system-out>
         <system-err><![CDATA[]]></system-err>
      </testcase>
      <testcase name="Test Cases/Account Settings/Display Settings/Display Teammate" time="3.754" classname="Test Cases/Account Settings/Display Settings/Display Teammate" status="PASSED">
         <system-out><![CDATA[2019-12-20 14:37:25 - [TEST_CASE][PASSED] - Test Cases/Account Settings/Display Settings/Display Teammate: Test Cases/Account Settings/Display Settings/Display Teammate

2019-12-20 14:37:25 - [TEST_STEP][PASSED] - click(findTestObject("General Setting/span menu")): Object: 'Object Repository/General Setting/span menu' is clicked on

2019-12-20 14:37:26 - [MESSAGE][PASSED] - Object: 'Object Repository/General Setting/span menu' is clicked on

2019-12-20 14:37:26 - [TEST_STEP][PASSED] - click(findTestObject("General Setting/button_Account Settings")): Object: 'Object Repository/General Setting/button_Account Settings' is clicked on

2019-12-20 14:37:27 - [MESSAGE][PASSED] - Object: 'Object Repository/General Setting/button_Account Settings' is clicked on

2019-12-20 14:37:27 - [TEST_STEP][PASSED] - click(findTestObject("Account Settings/button_Display")): Object: 'Object Repository/Account Settings/button_Display' is clicked on

2019-12-20 14:37:27 - [MESSAGE][PASSED] - Object: 'Object Repository/Account Settings/button_Display' is clicked on

2019-12-20 14:37:27 - [TEST_STEP][PASSED] - click(findTestObject("Account Settings/span_Edit Teammate")): Object: 'Object Repository/Account Settings/span_Edit Teammate' is clicked on

2019-12-20 14:37:28 - [MESSAGE][PASSED] - Object: 'Object Repository/Account Settings/span_Edit Teammate' is clicked on

2019-12-20 14:37:28 - [TEST_STEP][PASSED] - click(findTestObject("Account Settings/input_Teammate Name Display_name_formatFormat")): Object: 'Object Repository/Account Settings/input_Teammate Name Display_name_formatFormat' is clicked on

2019-12-20 14:37:29 - [MESSAGE][PASSED] - Object: 'Object Repository/Account Settings/input_Teammate Name Display_name_formatFormat' is clicked on

2019-12-20 14:37:29 - [TEST_STEP][PASSED] - sendKeys(findTestObject(null), Keys.chord(ENTER)): Keys 'ENTER + ' sent to object: 'tempBody'

2019-12-20 14:37:29 - [MESSAGE][WARNING] - Test object id is null

2019-12-20 14:37:29 - [MESSAGE][WARNING] - Test object with id 'Object Repository/' does not exist

2019-12-20 14:37:29 - [MESSAGE][PASSED] - Keys 'ENTER + ' sent to object: 'tempBody'

2019-12-20 14:37:29 - [TEST_STEP][PASSED] - sendKeys(findTestObject(null), Keys.chord(ESCAPE)): Keys 'ESCAPE + ' sent to object: 'tempBody'

2019-12-20 14:37:29 - [MESSAGE][WARNING] - Test object id is null

2019-12-20 14:37:29 - [MESSAGE][WARNING] - Test object with id 'Object Repository/' does not exist

2019-12-20 14:37:29 - [MESSAGE][PASSED] - Keys 'ESCAPE + ' sent to object: 'tempBody']]></system-out>
         <system-err><![CDATA[]]></system-err>
      </testcase>
      <testcase name="Test Cases/Account Settings/Display Settings/Display Theme" time="3.54" classname="Test Cases/Account Settings/Display Settings/Display Theme" status="PASSED">
         <system-out><![CDATA[2019-12-20 14:37:29 - [TEST_CASE][PASSED] - Test Cases/Account Settings/Display Settings/Display Theme: Test Cases/Account Settings/Display Settings/Display Theme

2019-12-20 14:37:29 - [TEST_STEP][PASSED] - click(findTestObject("General Setting/span menu")): Object: 'Object Repository/General Setting/span menu' is clicked on

2019-12-20 14:37:29 - [MESSAGE][PASSED] - Object: 'Object Repository/General Setting/span menu' is clicked on

2019-12-20 14:37:29 - [TEST_STEP][PASSED] - click(findTestObject("General Setting/button_Account Settings")): Object: 'Object Repository/General Setting/button_Account Settings' is clicked on

2019-12-20 14:37:30 - [MESSAGE][PASSED] - Object: 'Object Repository/General Setting/button_Account Settings' is clicked on

2019-12-20 14:37:30 - [TEST_STEP][PASSED] - click(findTestObject("Account Settings/button_Display")): Object: 'Object Repository/Account Settings/button_Display' is clicked on

2019-12-20 14:37:31 - [MESSAGE][PASSED] - Object: 'Object Repository/Account Settings/button_Display' is clicked on

2019-12-20 14:37:31 - [TEST_STEP][PASSED] - click(findTestObject("Account Settings/span_Edit Theme")): Object: 'Object Repository/Account Settings/span_Edit Theme' is clicked on

2019-12-20 14:37:32 - [MESSAGE][PASSED] - Object: 'Object Repository/Account Settings/span_Edit Theme' is clicked on

2019-12-20 14:37:32 - [TEST_STEP][PASSED] - sendKeys(findTestObject(null), Keys.chord(ENTER)): Keys 'ENTER + ' sent to object: 'tempBody'

2019-12-20 14:37:32 - [MESSAGE][WARNING] - Test object id is null

2019-12-20 14:37:32 - [MESSAGE][WARNING] - Test object with id 'Object Repository/' does not exist

2019-12-20 14:37:32 - [MESSAGE][PASSED] - Keys 'ENTER + ' sent to object: 'tempBody'

2019-12-20 14:37:32 - [TEST_STEP][PASSED] - sendKeys(findTestObject(null), Keys.chord(ESCAPE)): Keys 'ESCAPE + ' sent to object: 'tempBody'

2019-12-20 14:37:32 - [MESSAGE][WARNING] - Test object id is null

2019-12-20 14:37:32 - [MESSAGE][WARNING] - Test object with id 'Object Repository/' does not exist

2019-12-20 14:37:33 - [MESSAGE][PASSED] - Keys 'ESCAPE + ' sent to object: 'tempBody']]></system-out>
         <system-err><![CDATA[]]></system-err>
      </testcase>
      <testcase name="Test Cases/Account Settings/Display Settings/Display" time="2.762" classname="Test Cases/Account Settings/Display Settings/Display" status="PASSED">
         <system-out><![CDATA[2019-12-20 14:37:33 - [TEST_CASE][PASSED] - Test Cases/Account Settings/Display Settings/Display: Test Cases/Account Settings/Display Settings/Display

2019-12-20 14:37:33 - [TEST_STEP][PASSED] - click(findTestObject("General Setting/span menu")): Object: 'Object Repository/General Setting/span menu' is clicked on

2019-12-20 14:37:33 - [MESSAGE][PASSED] - Object: 'Object Repository/General Setting/span menu' is clicked on

2019-12-20 14:37:33 - [TEST_STEP][PASSED] - click(findTestObject("General Setting/button_Account Settings")): Object: 'Object Repository/General Setting/button_Account Settings' is clicked on

2019-12-20 14:37:34 - [MESSAGE][PASSED] - Object: 'Object Repository/General Setting/button_Account Settings' is clicked on

2019-12-20 14:37:34 - [TEST_STEP][PASSED] - click(findTestObject("Account Settings/button_Display")): Object: 'Object Repository/Account Settings/button_Display' is clicked on

2019-12-20 14:37:35 - [MESSAGE][PASSED] - Object: 'Object Repository/Account Settings/button_Display' is clicked on

2019-12-20 14:37:35 - [TEST_STEP][PASSED] - sendKeys(findTestObject(null), Keys.chord(ESCAPE)): Keys 'ESCAPE + ' sent to object: 'tempBody'

2019-12-20 14:37:35 - [MESSAGE][WARNING] - Test object id is null

2019-12-20 14:37:35 - [MESSAGE][WARNING] - Test object with id 'Object Repository/' does not exist

2019-12-20 14:37:35 - [MESSAGE][PASSED] - Keys 'ESCAPE + ' sent to object: 'tempBody']]></system-out>
         <system-err><![CDATA[]]></system-err>
      </testcase>
      <testcase name="Test Cases/Account Settings/General Setting/Email" time="2.669" classname="Test Cases/Account Settings/General Setting/Email" status="PASSED">
         <system-out><![CDATA[2019-12-20 14:37:35 - [TEST_CASE][PASSED] - Test Cases/Account Settings/General Setting/Email: Test Cases/Account Settings/General Setting/Email

2019-12-20 14:37:35 - [TEST_STEP][PASSED] - click(findTestObject("General Setting/span menu")): Object: 'Object Repository/General Setting/span menu' is clicked on

2019-12-20 14:37:36 - [MESSAGE][PASSED] - Object: 'Object Repository/General Setting/span menu' is clicked on

2019-12-20 14:37:36 - [TEST_STEP][PASSED] - click(findTestObject("General Setting/button_Account Settings")): Object: 'Object Repository/General Setting/button_Account Settings' is clicked on

2019-12-20 14:37:37 - [MESSAGE][PASSED] - Object: 'Object Repository/General Setting/button_Account Settings' is clicked on

2019-12-20 14:37:37 - [TEST_STEP][PASSED] - click(findTestObject("General Setting/span_Edit Email")): Object: 'Object Repository/General Setting/span_Edit Email' is clicked on

2019-12-20 14:37:38 - [MESSAGE][PASSED] - Object: 'Object Repository/General Setting/span_Edit Email' is clicked on

2019-12-20 14:37:38 - [TEST_STEP][PASSED] - sendKeys(findTestObject(null), Keys.chord(ESCAPE)): Keys 'ESCAPE + ' sent to object: 'tempBody'

2019-12-20 14:37:38 - [MESSAGE][WARNING] - Test object id is null

2019-12-20 14:37:38 - [MESSAGE][WARNING] - Test object with id 'Object Repository/' does not exist

2019-12-20 14:37:38 - [MESSAGE][PASSED] - Keys 'ESCAPE + ' sent to object: 'tempBody']]></system-out>
         <system-err><![CDATA[]]></system-err>
      </testcase>
      <testcase name="Test Cases/Account Settings/General Setting/Full Name" time="4.013" classname="Test Cases/Account Settings/General Setting/Full Name" status="PASSED">
         <system-out><![CDATA[2019-12-20 14:37:38 - [TEST_CASE][PASSED] - Test Cases/Account Settings/General Setting/Full Name: Test Cases/Account Settings/General Setting/Full Name

2019-12-20 14:37:38 - [TEST_STEP][PASSED] - click(findTestObject("General Setting/span menu")): Object: 'Object Repository/General Setting/span menu' is clicked on

2019-12-20 14:37:38 - [MESSAGE][PASSED] - Object: 'Object Repository/General Setting/span menu' is clicked on

2019-12-20 14:37:38 - [TEST_STEP][PASSED] - click(findTestObject("General Setting/button_Account Settings")): Object: 'Object Repository/General Setting/button_Account Settings' is clicked on

2019-12-20 14:37:39 - [MESSAGE][PASSED] - Object: 'Object Repository/General Setting/button_Account Settings' is clicked on

2019-12-20 14:37:39 - [TEST_STEP][PASSED] - click(findTestObject("General Setting/span_Edit FullName")): Object: 'Object Repository/General Setting/span_Edit FullName' is clicked on

2019-12-20 14:37:40 - [MESSAGE][PASSED] - Object: 'Object Repository/General Setting/span_Edit FullName' is clicked on

2019-12-20 14:37:40 - [TEST_STEP][PASSED] - setText(findTestObject("General Setting/input_First Name_firstName"), "Nguyen"): Text 'Nguyen' is set on object 'Object Repository/General Setting/input_First Name_firstName'

2019-12-20 14:37:41 - [MESSAGE][PASSED] - Text 'Nguyen' is set on object 'Object Repository/General Setting/input_First Name_firstName'

2019-12-20 14:37:41 - [TEST_STEP][PASSED] - setText(findTestObject("General Setting/input_Last Name_lastName"), "Binh"): Text 'Binh' is set on object 'Object Repository/General Setting/input_Last Name_lastName'

2019-12-20 14:37:41 - [MESSAGE][PASSED] - Text 'Binh' is set on object 'Object Repository/General Setting/input_Last Name_lastName'

2019-12-20 14:37:41 - [TEST_STEP][PASSED] - click(findTestObject("General Setting/span_Save FullName")): Object: 'Object Repository/General Setting/span_Save FullName' is clicked on

2019-12-20 14:37:42 - [MESSAGE][PASSED] - Object: 'Object Repository/General Setting/span_Save FullName' is clicked on

2019-12-20 14:37:42 - [TEST_STEP][PASSED] - sendKeys(findTestObject(null), Keys.chord(ESCAPE)): Keys 'ESCAPE + ' sent to object: 'tempBody'

2019-12-20 14:37:42 - [MESSAGE][WARNING] - Test object id is null

2019-12-20 14:37:42 - [MESSAGE][WARNING] - Test object with id 'Object Repository/' does not exist

2019-12-20 14:37:42 - [MESSAGE][PASSED] - Keys 'ESCAPE + ' sent to object: 'tempBody']]></system-out>
         <system-err><![CDATA[]]></system-err>
      </testcase>
      <testcase name="Test Cases/Account Settings/General Setting/NickName" time="4.124" classname="Test Cases/Account Settings/General Setting/NickName" status="PASSED">
         <system-out><![CDATA[2019-12-20 14:37:42 - [TEST_CASE][PASSED] - Test Cases/Account Settings/General Setting/NickName: Test Cases/Account Settings/General Setting/NickName

2019-12-20 14:37:42 - [TEST_STEP][PASSED] - click(findTestObject("General Setting/span menu")): Object: 'Object Repository/General Setting/span menu' is clicked on

2019-12-20 14:37:43 - [MESSAGE][PASSED] - Object: 'Object Repository/General Setting/span menu' is clicked on

2019-12-20 14:37:43 - [TEST_STEP][PASSED] - click(findTestObject("General Setting/button_Account Settings")): Object: 'Object Repository/General Setting/button_Account Settings' is clicked on

2019-12-20 14:37:44 - [MESSAGE][PASSED] - Object: 'Object Repository/General Setting/button_Account Settings' is clicked on

2019-12-20 14:37:44 - [TEST_STEP][PASSED] - click(findTestObject("General Setting/span_Edit NickName")): Object: 'Object Repository/General Setting/span_Edit NickName' is clicked on

2019-12-20 14:37:45 - [MESSAGE][PASSED] - Object: 'Object Repository/General Setting/span_Edit NickName' is clicked on

2019-12-20 14:37:45 - [TEST_STEP][PASSED] - setText(findTestObject("General Setting/input_Nickname_nickname"), "binhchill"): Text 'binhchill' is set on object 'Object Repository/General Setting/input_Nickname_nickname'

2019-12-20 14:37:45 - [MESSAGE][PASSED] - Text 'binhchill' is set on object 'Object Repository/General Setting/input_Nickname_nickname'

2019-12-20 14:37:45 - [TEST_STEP][PASSED] - click(findTestObject("General Setting/span_Save NickName")): Object: 'Object Repository/General Setting/span_Save NickName' is clicked on

2019-12-20 14:37:46 - [MESSAGE][PASSED] - Object: 'Object Repository/General Setting/span_Save NickName' is clicked on

2019-12-20 14:37:46 - [TEST_STEP][PASSED] - sendKeys(findTestObject(null), Keys.chord(ESCAPE)): Keys 'ESCAPE + ' sent to object: 'tempBody'

2019-12-20 14:37:46 - [MESSAGE][WARNING] - Test object id is null

2019-12-20 14:37:46 - [MESSAGE][WARNING] - Test object with id 'Object Repository/' does not exist

2019-12-20 14:37:46 - [MESSAGE][PASSED] - Keys 'ESCAPE + ' sent to object: 'tempBody']]></system-out>
         <system-err><![CDATA[]]></system-err>
      </testcase>
      <testcase name="Test Cases/Account Settings/General Setting/Position" time="3.546" classname="Test Cases/Account Settings/General Setting/Position" status="PASSED">
         <system-out><![CDATA[2019-12-20 14:37:46 - [TEST_CASE][PASSED] - Test Cases/Account Settings/General Setting/Position: Test Cases/Account Settings/General Setting/Position

2019-12-20 14:37:46 - [TEST_STEP][PASSED] - click(findTestObject("General Setting/span menu")): Object: 'Object Repository/General Setting/span menu' is clicked on

2019-12-20 14:37:47 - [MESSAGE][PASSED] - Object: 'Object Repository/General Setting/span menu' is clicked on

2019-12-20 14:37:47 - [TEST_STEP][PASSED] - click(findTestObject("General Setting/button_Account Settings")): Object: 'Object Repository/General Setting/button_Account Settings' is clicked on

2019-12-20 14:37:48 - [MESSAGE][PASSED] - Object: 'Object Repository/General Setting/button_Account Settings' is clicked on

2019-12-20 14:37:48 - [TEST_STEP][PASSED] - click(findTestObject("General Setting/span_Edit Position")): Object: 'Object Repository/General Setting/span_Edit Position' is clicked on

2019-12-20 14:37:49 - [MESSAGE][PASSED] - Object: 'Object Repository/General Setting/span_Edit Position' is clicked on

2019-12-20 14:37:49 - [TEST_STEP][PASSED] - setText(findTestObject("General Setting/input_Position_position"), ""): Text '' is set on object 'Object Repository/General Setting/input_Position_position'

2019-12-20 14:37:49 - [MESSAGE][PASSED] - Text '' is set on object 'Object Repository/General Setting/input_Position_position'

2019-12-20 14:37:49 - [TEST_STEP][PASSED] - sendKeys(findTestObject(null), Keys.chord(ESCAPE)): Keys 'ESCAPE + ' sent to object: 'tempBody'

2019-12-20 14:37:49 - [MESSAGE][WARNING] - Test object id is null

2019-12-20 14:37:49 - [MESSAGE][WARNING] - Test object with id 'Object Repository/' does not exist

2019-12-20 14:37:50 - [MESSAGE][PASSED] - Keys 'ESCAPE + ' sent to object: 'tempBody']]></system-out>
         <system-err><![CDATA[]]></system-err>
      </testcase>
      <testcase name="Test Cases/Account Settings/General Setting/Profile" time="3.212" classname="Test Cases/Account Settings/General Setting/Profile" status="PASSED">
         <system-out><![CDATA[2019-12-20 14:37:50 - [TEST_CASE][PASSED] - Test Cases/Account Settings/General Setting/Profile: Test Cases/Account Settings/General Setting/Profile

2019-12-20 14:37:50 - [TEST_STEP][PASSED] - click(findTestObject("General Setting/span menu")): Object: 'Object Repository/General Setting/span menu' is clicked on

2019-12-20 14:37:51 - [MESSAGE][PASSED] - Object: 'Object Repository/General Setting/span menu' is clicked on

2019-12-20 14:37:51 - [TEST_STEP][PASSED] - click(findTestObject("General Setting/button_Account Settings")): Object: 'Object Repository/General Setting/button_Account Settings' is clicked on

2019-12-20 14:37:52 - [MESSAGE][PASSED] - Object: 'Object Repository/General Setting/button_Account Settings' is clicked on

2019-12-20 14:37:52 - [TEST_STEP][PASSED] - click(findTestObject("General Setting/span_Edit Profile")): Object: 'Object Repository/General Setting/span_Edit Profile' is clicked on

2019-12-20 14:37:52 - [MESSAGE][PASSED] - Object: 'Object Repository/General Setting/span_Edit Profile' is clicked on

2019-12-20 14:37:52 - [TEST_STEP][PASSED] - sendKeys(findTestObject(null), Keys.chord(ESCAPE)): Keys 'ESCAPE + ' sent to object: 'tempBody'

2019-12-20 14:37:52 - [MESSAGE][WARNING] - Test object id is null

2019-12-20 14:37:52 - [MESSAGE][WARNING] - Test object with id 'Object Repository/' does not exist

2019-12-20 14:37:53 - [MESSAGE][PASSED] - Keys 'ESCAPE + ' sent to object: 'tempBody']]></system-out>
         <system-err><![CDATA[]]></system-err>
      </testcase>
      <testcase name="Test Cases/Account Settings/General Setting/Sample" time="2.607" classname="Test Cases/Account Settings/General Setting/Sample" status="PASSED">
         <system-out><![CDATA[2019-12-20 14:37:53 - [TEST_CASE][PASSED] - Test Cases/Account Settings/General Setting/Sample: Test Cases/Account Settings/General Setting/Sample

2019-12-20 14:37:53 - [TEST_STEP][PASSED] - click(findTestObject("General Setting/span menu")): Object: 'Object Repository/General Setting/span menu' is clicked on

2019-12-20 14:37:54 - [MESSAGE][PASSED] - Object: 'Object Repository/General Setting/span menu' is clicked on

2019-12-20 14:37:54 - [TEST_STEP][PASSED] - click(findTestObject("General Setting/button_Account Settings")): Object: 'Object Repository/General Setting/button_Account Settings' is clicked on

2019-12-20 14:37:55 - [MESSAGE][PASSED] - Object: 'Object Repository/General Setting/button_Account Settings' is clicked on

2019-12-20 14:37:55 - [TEST_STEP][PASSED] - sendKeys(findTestObject(null), Keys.chord(ESCAPE)): Keys 'ESCAPE + ' sent to object: 'tempBody'

2019-12-20 14:37:55 - [MESSAGE][WARNING] - Test object id is null

2019-12-20 14:37:55 - [MESSAGE][WARNING] - Test object with id 'Object Repository/' does not exist

2019-12-20 14:37:56 - [MESSAGE][PASSED] - Keys 'ESCAPE + ' sent to object: 'tempBody']]></system-out>
         <system-err><![CDATA[]]></system-err>
      </testcase>
      <testcase name="Test Cases/Account Settings/General Setting/User Name" time="3.764" classname="Test Cases/Account Settings/General Setting/User Name" status="PASSED">
         <system-out><![CDATA[2019-12-20 14:37:56 - [TEST_CASE][PASSED] - Test Cases/Account Settings/General Setting/User Name: Test Cases/Account Settings/General Setting/User Name

2019-12-20 14:37:56 - [TEST_STEP][PASSED] - click(findTestObject("General Setting/span menu")): Object: 'Object Repository/General Setting/span menu' is clicked on

2019-12-20 14:37:56 - [MESSAGE][PASSED] - Object: 'Object Repository/General Setting/span menu' is clicked on

2019-12-20 14:37:56 - [TEST_STEP][PASSED] - click(findTestObject("General Setting/button_Account Settings")): Object: 'Object Repository/General Setting/button_Account Settings' is clicked on

2019-12-20 14:37:57 - [MESSAGE][PASSED] - Object: 'Object Repository/General Setting/button_Account Settings' is clicked on

2019-12-20 14:37:57 - [TEST_STEP][PASSED] - click(findTestObject("General Setting/span_Edit UserName")): Object: 'Object Repository/General Setting/span_Edit UserName' is clicked on

2019-12-20 14:37:58 - [MESSAGE][PASSED] - Object: 'Object Repository/General Setting/span_Edit UserName' is clicked on

2019-12-20 14:37:58 - [TEST_STEP][PASSED] - click(findTestObject("General Setting/span_Save UserName")): Object: 'Object Repository/General Setting/span_Save UserName' is clicked on

2019-12-20 14:37:59 - [MESSAGE][PASSED] - Object: 'Object Repository/General Setting/span_Save UserName' is clicked on

2019-12-20 14:37:59 - [TEST_STEP][PASSED] - sendKeys(findTestObject(null), Keys.chord(ESCAPE)): Keys 'ESCAPE + ' sent to object: 'tempBody'

2019-12-20 14:37:59 - [MESSAGE][WARNING] - Test object id is null

2019-12-20 14:37:59 - [MESSAGE][WARNING] - Test object with id 'Object Repository/' does not exist

2019-12-20 14:37:59 - [MESSAGE][PASSED] - Keys 'ESCAPE + ' sent to object: 'tempBody']]></system-out>
         <system-err><![CDATA[]]></system-err>
      </testcase>
      <testcase name="Test Cases/Account Settings/Join New Channels/Chatting" time="1.491" classname="Test Cases/Account Settings/Join New Channels/Chatting" status="PASSED">
         <system-out><![CDATA[2019-12-20 14:37:59 - [TEST_CASE][PASSED] - Test Cases/Account Settings/Join New Channels/Chatting: Test Cases/Account Settings/Join New Channels/Chatting

2019-12-20 14:37:59 - [TEST_STEP][PASSED] - setText(findTestObject("Page Join Channels/textarea_Write to Boyris New Age_post_textbox"), "Hello Im New"): Text 'Hello Im New' is set on object 'Object Repository/Page Join Channels/textarea_Write to Boyris New Age_post_textbox'

2019-12-20 14:38:00 - [MESSAGE][PASSED] - Text 'Hello Im New' is set on object 'Object Repository/Page Join Channels/textarea_Write to Boyris New Age_post_textbox'

2019-12-20 14:38:00 - [TEST_STEP][PASSED] - sendKeys(findTestObject(null), Keys.chord(ENTER)): Keys 'ENTER + ' sent to object: 'tempBody'

2019-12-20 14:38:00 - [MESSAGE][WARNING] - Test object id is null

2019-12-20 14:38:00 - [MESSAGE][WARNING] - Test object with id 'Object Repository/' does not exist

2019-12-20 14:38:01 - [MESSAGE][PASSED] - Keys 'ENTER + ' sent to object: 'tempBody']]></system-out>
         <system-err><![CDATA[]]></system-err>
      </testcase>
      <testcase name="Test Cases/Account Settings/Join New Channels/Join Channels" time="2.286" classname="Test Cases/Account Settings/Join New Channels/Join Channels" status="PASSED">
         <system-out><![CDATA[2019-12-20 14:38:01 - [TEST_CASE][PASSED] - Test Cases/Account Settings/Join New Channels/Join Channels: Test Cases/Account Settings/Join New Channels/Join Channels

2019-12-20 14:38:01 - [TEST_STEP][PASSED] - click(findTestObject("Page Join Channels/span_More")): Object: 'Object Repository/Page Join Channels/span_More' is clicked on

2019-12-20 14:38:01 - [MESSAGE][PASSED] - Object: 'Object Repository/Page Join Channels/span_More' is clicked on

2019-12-20 14:38:01 - [TEST_STEP][PASSED] - setText(findTestObject("Page Join Channels/input_Create New Channel_searchChannelsTextbox"), "Boyris "): Text 'Boyris ' is set on object 'Object Repository/Page Join Channels/input_Create New Channel_searchChannelsTextbox'

2019-12-20 14:38:02 - [MESSAGE][PASSED] - Text 'Boyris ' is set on object 'Object Repository/Page Join Channels/input_Create New Channel_searchChannelsTextbox'

2019-12-20 14:38:02 - [TEST_STEP][PASSED] - click(findTestObject("Page Join Channels/span_Join Channels")): Object: 'Object Repository/Page Join Channels/span_Join Channels' is clicked on

2019-12-20 14:38:03 - [MESSAGE][PASSED] - Object: 'Object Repository/Page Join Channels/span_Join Channels' is clicked on]]></system-out>
         <system-err><![CDATA[]]></system-err>
      </testcase>
      <testcase name="Test Cases/Account Settings/Join New Channels/Leave Channels" time="2.398" classname="Test Cases/Account Settings/Join New Channels/Leave Channels" status="PASSED">
         <system-out><![CDATA[2019-12-20 14:38:03 - [TEST_CASE][PASSED] - Test Cases/Account Settings/Join New Channels/Leave Channels: Test Cases/Account Settings/Join New Channels/Leave Channels

2019-12-20 14:38:03 - [TEST_STEP][PASSED] - click(findTestObject("Page Join Channels/span_Boyris New Age_channelHeaderDropdownIcon")): Object: 'Object Repository/Page Join Channels/span_Boyris New Age_channelHeaderDropdownIcon' is clicked on

2019-12-20 14:38:05 - [MESSAGE][PASSED] - Object: 'Object Repository/Page Join Channels/span_Boyris New Age_channelHeaderDropdownIcon' is clicked on

2019-12-20 14:38:05 - [TEST_STEP][PASSED] - click(findTestObject("Page Join Channels/button_Leave Channel")): Object: 'Object Repository/Page Join Channels/button_Leave Channel' is clicked on

2019-12-20 14:38:06 - [MESSAGE][PASSED] - Object: 'Object Repository/Page Join Channels/button_Leave Channel' is clicked on]]></system-out>
         <system-err><![CDATA[]]></system-err>
      </testcase>
      <testcase name="Test Cases/Account Settings/Notifications Settings/Notification" time="4.905" classname="Test Cases/Account Settings/Notifications Settings/Notification" status="PASSED">
         <system-out><![CDATA[2019-12-20 14:38:06 - [TEST_CASE][PASSED] - Test Cases/Account Settings/Notifications Settings/Notification: Test Cases/Account Settings/Notifications Settings/Notification

2019-12-20 14:38:06 - [TEST_STEP][PASSED] - click(findTestObject("General Setting/span menu")): Object: 'Object Repository/General Setting/span menu' is clicked on

2019-12-20 14:38:07 - [MESSAGE][PASSED] - Object: 'Object Repository/General Setting/span menu' is clicked on

2019-12-20 14:38:07 - [TEST_STEP][PASSED] - click(findTestObject("General Setting/button_Account Settings")): Object: 'Object Repository/General Setting/button_Account Settings' is clicked on

2019-12-20 14:38:08 - [MESSAGE][PASSED] - Object: 'Object Repository/General Setting/button_Account Settings' is clicked on

2019-12-20 14:38:08 - [TEST_STEP][PASSED] - click(findTestObject("Account Settings/button_Notifications")): Object: 'Object Repository/Account Settings/button_Notifications' is clicked on

2019-12-20 14:38:09 - [MESSAGE][PASSED] - Object: 'Object Repository/Account Settings/button_Notifications' is clicked on

2019-12-20 14:38:09 - [TEST_STEP][PASSED] - click(findTestObject("Account Settings/span_Edit Notification")): Object: 'Object Repository/Account Settings/span_Edit Notification' is clicked on

2019-12-20 14:38:09 - [MESSAGE][PASSED] - Object: 'Object Repository/Account Settings/span_Edit Notification' is clicked on

2019-12-20 14:38:09 - [TEST_STEP][PASSED] - setText(findTestObject("Account Settings/input_Other non-case sensitive words separated by commas_notificationTriggerCustomText"), "chobinh"): Text 'chobinh' is set on object 'Object Repository/Account Settings/input_Other non-case sensitive words separated by commas_notificationTriggerCustomText'

2019-12-20 14:38:10 - [MESSAGE][PASSED] - Text 'chobinh' is set on object 'Object Repository/Account Settings/input_Other non-case sensitive words separated by commas_notificationTriggerCustomText'

2019-12-20 14:38:10 - [TEST_STEP][PASSED] - sendKeys(findTestObject(null), Keys.chord(ENTER)): Keys 'ENTER + ' sent to object: 'tempBody'

2019-12-20 14:38:10 - [MESSAGE][WARNING] - Test object id is null

2019-12-20 14:38:10 - [MESSAGE][WARNING] - Test object with id 'Object Repository/' does not exist

2019-12-20 14:38:10 - [MESSAGE][PASSED] - Keys 'ENTER + ' sent to object: 'tempBody'

2019-12-20 14:38:10 - [TEST_STEP][PASSED] - sendKeys(findTestObject(null), Keys.chord(ESCAPE)): Keys 'ESCAPE + ' sent to object: 'tempBody'

2019-12-20 14:38:10 - [MESSAGE][WARNING] - Test object id is null

2019-12-20 14:38:10 - [MESSAGE][WARNING] - Test object with id 'Object Repository/' does not exist

2019-12-20 14:38:10 - [MESSAGE][PASSED] - Keys 'ESCAPE + ' sent to object: 'tempBody']]></system-out>
         <system-err><![CDATA[]]></system-err>
      </testcase>
      <testcase name="Test Cases/Account Settings/Security Settings/Security" time="3.171" classname="Test Cases/Account Settings/Security Settings/Security" status="PASSED">
         <system-out><![CDATA[2019-12-20 14:38:10 - [TEST_CASE][PASSED] - Test Cases/Account Settings/Security Settings/Security: Test Cases/Account Settings/Security Settings/Security

2019-12-20 14:38:11 - [TEST_STEP][PASSED] - click(findTestObject("General Setting/span menu")): Object: 'Object Repository/General Setting/span menu' is clicked on

2019-12-20 14:38:11 - [MESSAGE][PASSED] - Object: 'Object Repository/General Setting/span menu' is clicked on

2019-12-20 14:38:11 - [TEST_STEP][PASSED] - click(findTestObject("General Setting/button_Account Settings")): Object: 'Object Repository/General Setting/button_Account Settings' is clicked on

2019-12-20 14:38:12 - [MESSAGE][PASSED] - Object: 'Object Repository/General Setting/button_Account Settings' is clicked on

2019-12-20 14:38:12 - [TEST_STEP][PASSED] - click(findTestObject("Account Settings/button_Security")): Object: 'Object Repository/Account Settings/button_Security' is clicked on

2019-12-20 14:38:13 - [MESSAGE][PASSED] - Object: 'Object Repository/Account Settings/button_Security' is clicked on

2019-12-20 14:38:13 - [TEST_STEP][PASSED] - sendKeys(findTestObject(null), Keys.chord(ESCAPE)): Keys 'ESCAPE + ' sent to object: 'tempBody'

2019-12-20 14:38:13 - [MESSAGE][WARNING] - Test object id is null

2019-12-20 14:38:13 - [MESSAGE][WARNING] - Test object with id 'Object Repository/' does not exist

2019-12-20 14:38:14 - [MESSAGE][PASSED] - Keys 'ESCAPE + ' sent to object: 'tempBody']]></system-out>
         <system-err><![CDATA[]]></system-err>
      </testcase>
      <testcase name="Test Cases/Account Settings/Sidebar Settings/Sidebar" time="3.131" classname="Test Cases/Account Settings/Sidebar Settings/Sidebar" status="PASSED">
         <system-out><![CDATA[2019-12-20 14:38:14 - [TEST_CASE][PASSED] - Test Cases/Account Settings/Sidebar Settings/Sidebar: Test Cases/Account Settings/Sidebar Settings/Sidebar

2019-12-20 14:38:14 - [TEST_STEP][PASSED] - click(findTestObject("General Setting/span menu")): Object: 'Object Repository/General Setting/span menu' is clicked on

2019-12-20 14:38:14 - [MESSAGE][PASSED] - Object: 'Object Repository/General Setting/span menu' is clicked on

2019-12-20 14:38:14 - [TEST_STEP][PASSED] - click(findTestObject("General Setting/button_Account Settings")): Object: 'Object Repository/General Setting/button_Account Settings' is clicked on

2019-12-20 14:38:15 - [MESSAGE][PASSED] - Object: 'Object Repository/General Setting/button_Account Settings' is clicked on

2019-12-20 14:38:15 - [TEST_STEP][PASSED] - click(findTestObject("Account Settings/button_Sidebar")): Object: 'Object Repository/Account Settings/button_Sidebar' is clicked on

2019-12-20 14:38:16 - [MESSAGE][PASSED] - Object: 'Object Repository/Account Settings/button_Sidebar' is clicked on

2019-12-20 14:38:16 - [TEST_STEP][PASSED] - sendKeys(findTestObject(null), Keys.chord(ESCAPE)): Keys 'ESCAPE + ' sent to object: 'tempBody'

2019-12-20 14:38:16 - [MESSAGE][WARNING] - Test object id is null

2019-12-20 14:38:16 - [MESSAGE][WARNING] - Test object with id 'Object Repository/' does not exist

2019-12-20 14:38:17 - [MESSAGE][PASSED] - Keys 'ESCAPE + ' sent to object: 'tempBody']]></system-out>
         <system-err><![CDATA[]]></system-err>
      </testcase>
      <testcase name="Test Cases/Boyris Team/Enter Boyris" time="0.967" classname="Test Cases/Boyris Team/Enter Boyris" status="PASSED">
         <system-out><![CDATA[2019-12-20 14:38:17 - [TEST_CASE][PASSED] - Test Cases/Boyris Team/Enter Boyris: Test Cases/Boyris Team/Enter Boyris

2019-12-20 14:38:17 - [TEST_STEP][PASSED] - click(findTestObject("Page Boyris Mattermost/div_Boyris")): Object: 'Object Repository/Page Boyris Mattermost/div_Boyris' is clicked on

2019-12-20 14:38:18 - [MESSAGE][PASSED] - Object: 'Object Repository/Page Boyris Mattermost/div_Boyris' is clicked on]]></system-out>
         <system-err><![CDATA[]]></system-err>
      </testcase>
      <testcase name="Test Cases/Boyris Team/Add BinhChill" time="5.324" classname="Test Cases/Boyris Team/Add BinhChill" status="PASSED">
         <system-out><![CDATA[2019-12-20 14:38:18 - [TEST_CASE][PASSED] - Test Cases/Boyris Team/Add BinhChill: Test Cases/Boyris Team/Add BinhChill

2019-12-20 14:38:18 - [TEST_STEP][PASSED] - click(findTestObject("Page Boyris Mattermost/span_Main menu")): Object: 'Object Repository/Page Boyris Mattermost/span_Main menu' is clicked on

2019-12-20 14:38:20 - [MESSAGE][PASSED] - Object: 'Object Repository/Page Boyris Mattermost/span_Main menu' is clicked on

2019-12-20 14:38:20 - [TEST_STEP][PASSED] - click(findTestObject("Page Boyris Mattermost/button_Add Members to Team")): Object: 'Object Repository/Page Boyris Mattermost/button_Add Members to Team' is clicked on

2019-12-20 14:38:21 - [MESSAGE][PASSED] - Object: 'Object Repository/Page Boyris Mattermost/button_Add Members to Team' is clicked on

2019-12-20 14:38:21 - [TEST_STEP][PASSED] - click(findTestObject("Page Boyris Mattermost/span_binhchill - Nguyen Binh (binhchill)"), STOP_ON_FAILURE): Object: 'Object Repository/Page Boyris Mattermost/span_binhchill - Nguyen Binh (binhchill)' is clicked on

2019-12-20 14:38:21 - [MESSAGE][PASSED] - Object: 'Object Repository/Page Boyris Mattermost/span_binhchill - Nguyen Binh (binhchill)' is clicked on

2019-12-20 14:38:21 - [TEST_STEP][PASSED] - click(findTestObject("Page Boyris Mattermost/span_Add member")): Object: 'Object Repository/Page Boyris Mattermost/span_Add member' is clicked on

2019-12-20 14:38:22 - [MESSAGE][PASSED] - Object: 'Object Repository/Page Boyris Mattermost/span_Add member' is clicked on

2019-12-20 14:38:22 - [TEST_STEP][PASSED] - sendKeys(findTestObject(null), Keys.chord(ESCAPE)): Keys 'ESCAPE + ' sent to object: 'tempBody'

2019-12-20 14:38:22 - [MESSAGE][WARNING] - Test object id is null

2019-12-20 14:38:22 - [MESSAGE][WARNING] - Test object with id 'Object Repository/' does not exist

2019-12-20 14:38:23 - [MESSAGE][PASSED] - Keys 'ESCAPE + ' sent to object: 'tempBody']]></system-out>
         <system-err><![CDATA[]]></system-err>
      </testcase>
      <testcase name="Test Cases/Boyris Team/Kick BinhChill" time="4.206" classname="Test Cases/Boyris Team/Kick BinhChill" status="PASSED">
         <system-out><![CDATA[2019-12-20 14:38:23 - [TEST_CASE][PASSED] - Test Cases/Boyris Team/Kick BinhChill: Test Cases/Boyris Team/Kick BinhChill

2019-12-20 14:38:23 - [TEST_STEP][PASSED] - click(findTestObject("Page Boyris Mattermost/span_Main menu")): Object: 'Object Repository/Page Boyris Mattermost/span_Main menu' is clicked on

2019-12-20 14:38:23 - [MESSAGE][PASSED] - Object: 'Object Repository/Page Boyris Mattermost/span_Main menu' is clicked on

2019-12-20 14:38:23 - [TEST_STEP][PASSED] - click(findTestObject("Page Boyris Mattermost/button_Manage Members")): Object: 'Object Repository/Page Boyris Mattermost/button_Manage Members' is clicked on

2019-12-20 14:38:24 - [MESSAGE][PASSED] - Object: 'Object Repository/Page Boyris Mattermost/button_Manage Members' is clicked on

2019-12-20 14:38:24 - [TEST_STEP][PASSED] - click(findTestObject("Page Boyris Mattermost/span_System Admin")): Object: 'Object Repository/Page Boyris Mattermost/span_System Admin' is clicked on

2019-12-20 14:38:26 - [MESSAGE][PASSED] - Object: 'Object Repository/Page Boyris Mattermost/span_System Admin' is clicked on

2019-12-20 14:38:26 - [TEST_STEP][PASSED] - click(findTestObject("Page Boyris Mattermost/button_Remove From Team")): Object: 'Object Repository/Page Boyris Mattermost/button_Remove From Team' is clicked on

2019-12-20 14:38:26 - [MESSAGE][PASSED] - Object: 'Object Repository/Page Boyris Mattermost/button_Remove From Team' is clicked on

2019-12-20 14:38:26 - [TEST_STEP][PASSED] - sendKeys(findTestObject(null), Keys.chord(ESCAPE)): Keys 'ESCAPE + ' sent to object: 'tempBody'

2019-12-20 14:38:26 - [MESSAGE][WARNING] - Test object id is null

2019-12-20 14:38:26 - [MESSAGE][WARNING] - Test object with id 'Object Repository/' does not exist

2019-12-20 14:38:27 - [MESSAGE][PASSED] - Keys 'ESCAPE + ' sent to object: 'tempBody']]></system-out>
         <system-err><![CDATA[]]></system-err>
      </testcase>
      <testcase name="Test Cases/Boyris Team/Team Allow Any" time="2.847" classname="Test Cases/Boyris Team/Team Allow Any" status="PASSED">
         <system-out><![CDATA[2019-12-20 14:38:27 - [TEST_CASE][PASSED] - Test Cases/Boyris Team/Team Allow Any: Test Cases/Boyris Team/Team Allow Any

2019-12-20 14:38:27 - [TEST_STEP][PASSED] - click(findTestObject("Page Boyris Mattermost/span_Main menu")): Object: 'Object Repository/Page Boyris Mattermost/span_Main menu' is clicked on

2019-12-20 14:38:28 - [MESSAGE][PASSED] - Object: 'Object Repository/Page Boyris Mattermost/span_Main menu' is clicked on

2019-12-20 14:38:28 - [TEST_STEP][PASSED] - click(findTestObject("Page Boyris Mattermost/button_Team Settings")): Object: 'Object Repository/Page Boyris Mattermost/button_Team Settings' is clicked on

2019-12-20 14:38:29 - [MESSAGE][PASSED] - Object: 'Object Repository/Page Boyris Mattermost/button_Team Settings' is clicked on

2019-12-20 14:38:29 - [TEST_STEP][PASSED] - click(findTestObject("Page Boyris Mattermost/span_Edit Allow Any")): Object: 'Object Repository/Page Boyris Mattermost/span_Edit Allow Any' is clicked on

2019-12-20 14:38:30 - [MESSAGE][PASSED] - Object: 'Object Repository/Page Boyris Mattermost/span_Edit Allow Any' is clicked on

2019-12-20 14:38:30 - [TEST_STEP][PASSED] - sendKeys(findTestObject(null), Keys.chord(ESCAPE)): Keys 'ESCAPE + ' sent to object: 'tempBody'

2019-12-20 14:38:30 - [MESSAGE][WARNING] - Test object id is null

2019-12-20 14:38:30 - [MESSAGE][WARNING] - Test object with id 'Object Repository/' does not exist

2019-12-20 14:38:30 - [MESSAGE][PASSED] - Keys 'ESCAPE + ' sent to object: 'tempBody']]></system-out>
         <system-err><![CDATA[]]></system-err>
      </testcase>
      <testcase name="Test Cases/Boyris Team/Team Allow Only" time="2.858" classname="Test Cases/Boyris Team/Team Allow Only" status="PASSED">
         <system-out><![CDATA[2019-12-20 14:38:30 - [TEST_CASE][PASSED] - Test Cases/Boyris Team/Team Allow Only: Test Cases/Boyris Team/Team Allow Only

2019-12-20 14:38:30 - [TEST_STEP][PASSED] - click(findTestObject("Page Boyris Mattermost/span_Main menu")): Object: 'Object Repository/Page Boyris Mattermost/span_Main menu' is clicked on

2019-12-20 14:38:31 - [MESSAGE][PASSED] - Object: 'Object Repository/Page Boyris Mattermost/span_Main menu' is clicked on

2019-12-20 14:38:31 - [TEST_STEP][PASSED] - click(findTestObject("Page Boyris Mattermost/button_Team Settings")): Object: 'Object Repository/Page Boyris Mattermost/button_Team Settings' is clicked on

2019-12-20 14:38:32 - [MESSAGE][PASSED] - Object: 'Object Repository/Page Boyris Mattermost/button_Team Settings' is clicked on

2019-12-20 14:38:32 - [TEST_STEP][PASSED] - click(findTestObject("Page Boyris Mattermost/span_Edit Allow only")): Object: 'Object Repository/Page Boyris Mattermost/span_Edit Allow only' is clicked on

2019-12-20 14:38:32 - [MESSAGE][PASSED] - Object: 'Object Repository/Page Boyris Mattermost/span_Edit Allow only' is clicked on

2019-12-20 14:38:32 - [TEST_STEP][PASSED] - sendKeys(findTestObject(null), Keys.chord(ESCAPE)): Keys 'ESCAPE + ' sent to object: 'tempBody'

2019-12-20 14:38:32 - [MESSAGE][WARNING] - Test object id is null

2019-12-20 14:38:32 - [MESSAGE][WARNING] - Test object with id 'Object Repository/' does not exist

2019-12-20 14:38:33 - [MESSAGE][PASSED] - Keys 'ESCAPE + ' sent to object: 'tempBody']]></system-out>
         <system-err><![CDATA[]]></system-err>
      </testcase>
      <testcase name="Test Cases/Boyris Team/Team Description" time="3.328" classname="Test Cases/Boyris Team/Team Description" status="PASSED">
         <system-out><![CDATA[2019-12-20 14:38:33 - [TEST_CASE][PASSED] - Test Cases/Boyris Team/Team Description: Test Cases/Boyris Team/Team Description

2019-12-20 14:38:33 - [TEST_STEP][PASSED] - click(findTestObject("Page Boyris Mattermost/span_Main menu")): Object: 'Object Repository/Page Boyris Mattermost/span_Main menu' is clicked on

2019-12-20 14:38:34 - [MESSAGE][PASSED] - Object: 'Object Repository/Page Boyris Mattermost/span_Main menu' is clicked on

2019-12-20 14:38:34 - [TEST_STEP][PASSED] - click(findTestObject("Page Boyris Mattermost/button_Team Settings")): Object: 'Object Repository/Page Boyris Mattermost/button_Team Settings' is clicked on

2019-12-20 14:38:35 - [MESSAGE][PASSED] - Object: 'Object Repository/Page Boyris Mattermost/button_Team Settings' is clicked on

2019-12-20 14:38:35 - [TEST_STEP][PASSED] - click(findTestObject("Page Boyris Mattermost/span_Edit Description")): Object: 'Object Repository/Page Boyris Mattermost/span_Edit Description' is clicked on

2019-12-20 14:38:35 - [MESSAGE][PASSED] - Object: 'Object Repository/Page Boyris Mattermost/span_Edit Description' is clicked on

2019-12-20 14:38:35 - [TEST_STEP][PASSED] - setText(findTestObject("Page Boyris Mattermost/input_Team Description_teamDescription"), "We're From The Hood"): Text 'We're From The Hood' is set on object 'Object Repository/Page Boyris Mattermost/input_Team Description_teamDescription'

2019-12-20 14:38:36 - [MESSAGE][PASSED] - Text 'We're From The Hood' is set on object 'Object Repository/Page Boyris Mattermost/input_Team Description_teamDescription'

2019-12-20 14:38:36 - [TEST_STEP][PASSED] - sendKeys(findTestObject(null), Keys.chord(ESCAPE)): Keys 'ESCAPE + ' sent to object: 'tempBody'

2019-12-20 14:38:36 - [MESSAGE][WARNING] - Test object id is null

2019-12-20 14:38:36 - [MESSAGE][WARNING] - Test object with id 'Object Repository/' does not exist

2019-12-20 14:38:36 - [MESSAGE][PASSED] - Keys 'ESCAPE + ' sent to object: 'tempBody']]></system-out>
         <system-err><![CDATA[]]></system-err>
      </testcase>
      <testcase name="Test Cases/Boyris Team/Team Icon" time="2.841" classname="Test Cases/Boyris Team/Team Icon" status="PASSED">
         <system-out><![CDATA[2019-12-20 14:38:36 - [TEST_CASE][PASSED] - Test Cases/Boyris Team/Team Icon: Test Cases/Boyris Team/Team Icon

2019-12-20 14:38:36 - [TEST_STEP][PASSED] - click(findTestObject("Page Boyris Mattermost/span_Main menu")): Object: 'Object Repository/Page Boyris Mattermost/span_Main menu' is clicked on

2019-12-20 14:38:37 - [MESSAGE][PASSED] - Object: 'Object Repository/Page Boyris Mattermost/span_Main menu' is clicked on

2019-12-20 14:38:37 - [TEST_STEP][PASSED] - click(findTestObject("Page Boyris Mattermost/button_Team Settings")): Object: 'Object Repository/Page Boyris Mattermost/button_Team Settings' is clicked on

2019-12-20 14:38:38 - [MESSAGE][PASSED] - Object: 'Object Repository/Page Boyris Mattermost/button_Team Settings' is clicked on

2019-12-20 14:38:38 - [TEST_STEP][PASSED] - click(findTestObject("Page Boyris Mattermost/span_Edit Team Icon")): Object: 'Object Repository/Page Boyris Mattermost/span_Edit Team Icon' is clicked on

2019-12-20 14:38:39 - [MESSAGE][PASSED] - Object: 'Object Repository/Page Boyris Mattermost/span_Edit Team Icon' is clicked on

2019-12-20 14:38:39 - [TEST_STEP][PASSED] - sendKeys(findTestObject(null), Keys.chord(ESCAPE)): Keys 'ESCAPE + ' sent to object: 'tempBody'

2019-12-20 14:38:39 - [MESSAGE][WARNING] - Test object id is null

2019-12-20 14:38:39 - [MESSAGE][WARNING] - Test object with id 'Object Repository/' does not exist

2019-12-20 14:38:39 - [MESSAGE][PASSED] - Keys 'ESCAPE + ' sent to object: 'tempBody']]></system-out>
         <system-err><![CDATA[]]></system-err>
      </testcase>
      <testcase name="Test Cases/Boyris Team/Team Invite Code" time="2.834" classname="Test Cases/Boyris Team/Team Invite Code" status="PASSED">
         <system-out><![CDATA[2019-12-20 14:38:39 - [TEST_CASE][PASSED] - Test Cases/Boyris Team/Team Invite Code: Test Cases/Boyris Team/Team Invite Code

2019-12-20 14:38:39 - [TEST_STEP][PASSED] - click(findTestObject("Page Boyris Mattermost/span_Main menu")): Object: 'Object Repository/Page Boyris Mattermost/span_Main menu' is clicked on

2019-12-20 14:38:40 - [MESSAGE][PASSED] - Object: 'Object Repository/Page Boyris Mattermost/span_Main menu' is clicked on

2019-12-20 14:38:40 - [TEST_STEP][PASSED] - click(findTestObject("Page Boyris Mattermost/button_Team Settings")): Object: 'Object Repository/Page Boyris Mattermost/button_Team Settings' is clicked on

2019-12-20 14:38:41 - [MESSAGE][PASSED] - Object: 'Object Repository/Page Boyris Mattermost/button_Team Settings' is clicked on

2019-12-20 14:38:41 - [TEST_STEP][PASSED] - click(findTestObject("Page Boyris Mattermost/span_Edit Invite Code")): Object: 'Object Repository/Page Boyris Mattermost/span_Edit Invite Code' is clicked on

2019-12-20 14:38:41 - [MESSAGE][PASSED] - Object: 'Object Repository/Page Boyris Mattermost/span_Edit Invite Code' is clicked on

2019-12-20 14:38:41 - [TEST_STEP][PASSED] - sendKeys(findTestObject(null), Keys.chord(ESCAPE)): Keys 'ESCAPE + ' sent to object: 'tempBody'

2019-12-20 14:38:41 - [MESSAGE][WARNING] - Test object id is null

2019-12-20 14:38:41 - [MESSAGE][WARNING] - Test object with id 'Object Repository/' does not exist

2019-12-20 14:38:42 - [MESSAGE][PASSED] - Keys 'ESCAPE + ' sent to object: 'tempBody']]></system-out>
         <system-err><![CDATA[]]></system-err>
      </testcase>
      <testcase name="Test Cases/Boyris Team/Team Name" time="3.189" classname="Test Cases/Boyris Team/Team Name" status="PASSED">
         <system-out><![CDATA[2019-12-20 14:38:42 - [TEST_CASE][PASSED] - Test Cases/Boyris Team/Team Name: Test Cases/Boyris Team/Team Name

2019-12-20 14:38:42 - [TEST_STEP][PASSED] - click(findTestObject("Page Boyris Mattermost/span_Main menu")): Object: 'Object Repository/Page Boyris Mattermost/span_Main menu' is clicked on

2019-12-20 14:38:43 - [MESSAGE][PASSED] - Object: 'Object Repository/Page Boyris Mattermost/span_Main menu' is clicked on

2019-12-20 14:38:43 - [TEST_STEP][PASSED] - click(findTestObject("Page Boyris Mattermost/button_Team Settings")): Object: 'Object Repository/Page Boyris Mattermost/button_Team Settings' is clicked on

2019-12-20 14:38:43 - [MESSAGE][PASSED] - Object: 'Object Repository/Page Boyris Mattermost/button_Team Settings' is clicked on

2019-12-20 14:38:43 - [TEST_STEP][PASSED] - click(findTestObject("Page Boyris Mattermost/span_Edit Team Name")): Object: 'Object Repository/Page Boyris Mattermost/span_Edit Team Name' is clicked on

2019-12-20 14:38:44 - [MESSAGE][PASSED] - Object: 'Object Repository/Page Boyris Mattermost/span_Edit Team Name' is clicked on

2019-12-20 14:38:44 - [TEST_STEP][PASSED] - setText(findTestObject("Page Boyris Mattermost/input_Team Name_teamName"), "Boyris"): Text 'Boyris' is set on object 'Object Repository/Page Boyris Mattermost/input_Team Name_teamName'

2019-12-20 14:38:45 - [MESSAGE][PASSED] - Text 'Boyris' is set on object 'Object Repository/Page Boyris Mattermost/input_Team Name_teamName'

2019-12-20 14:38:45 - [TEST_STEP][PASSED] - sendKeys(findTestObject(null), Keys.chord(ESCAPE)): Keys 'ESCAPE + ' sent to object: 'tempBody'

2019-12-20 14:38:45 - [MESSAGE][WARNING] - Test object id is null

2019-12-20 14:38:45 - [MESSAGE][WARNING] - Test object with id 'Object Repository/' does not exist

2019-12-20 14:38:45 - [MESSAGE][PASSED] - Keys 'ESCAPE + ' sent to object: 'tempBody']]></system-out>
         <system-err><![CDATA[]]></system-err>
      </testcase>
      <testcase name="Test Cases/Boyris Team/Team Settings" time="2.366" classname="Test Cases/Boyris Team/Team Settings" status="PASSED">
         <system-out><![CDATA[2019-12-20 14:38:45 - [TEST_CASE][PASSED] - Test Cases/Boyris Team/Team Settings: Test Cases/Boyris Team/Team Settings

2019-12-20 14:38:45 - [TEST_STEP][PASSED] - click(findTestObject("Page Boyris Mattermost/span_Main menu")): Object: 'Object Repository/Page Boyris Mattermost/span_Main menu' is clicked on

2019-12-20 14:38:46 - [MESSAGE][PASSED] - Object: 'Object Repository/Page Boyris Mattermost/span_Main menu' is clicked on

2019-12-20 14:38:46 - [TEST_STEP][PASSED] - click(findTestObject("Page Boyris Mattermost/button_Team Settings")): Object: 'Object Repository/Page Boyris Mattermost/button_Team Settings' is clicked on

2019-12-20 14:38:47 - [MESSAGE][PASSED] - Object: 'Object Repository/Page Boyris Mattermost/button_Team Settings' is clicked on

2019-12-20 14:38:47 - [TEST_STEP][PASSED] - sendKeys(findTestObject(null), Keys.chord(ESCAPE)): Keys 'ESCAPE + ' sent to object: 'tempBody'

2019-12-20 14:38:47 - [MESSAGE][WARNING] - Test object id is null

2019-12-20 14:38:47 - [MESSAGE][WARNING] - Test object with id 'Object Repository/' does not exist

2019-12-20 14:38:48 - [MESSAGE][PASSED] - Keys 'ESCAPE + ' sent to object: 'tempBody']]></system-out>
         <system-err><![CDATA[]]></system-err>
      </testcase>
      <system-out><![CDATA[2019-12-20 14:35:37 - [TEST_SUITE][PASSED] - Test All Cases: Test Cases/Boyris Team/Team Settings]]></system-out>
      <system-err><![CDATA[]]></system-err>
   </testsuite>
</testsuites>
