<?xml version="1.0" encoding="UTF-8"?>
<testsuites name="Test All Case" time="234.1" tests="40" failures="0" errors="0">
   <testsuite name="Test All Case" tests="40" failures="0" errors="0" time="234.1" timestamp="2019-12-19 22:02:41" hostname="nqbin - DESKTOP-M2KUILK" id="Test Suites/Test All Case">
      <properties>
         <property name="deviceName" value=""/>
         <property name="devicePlatform" value=""/>
         <property name="logFolder" value="C:\\Users\\nqbin\\git\\MatteMost\\Reports\\20191219_220238\\Test All Case\\20191219_220238"/>
         <property name="logFiles" value="C:\\Users\\nqbin\\git\\MatteMost\\Reports\\20191219_220238\\Test All Case\\20191219_220238\\execution0.log"/>
         <property name="attachments" value=""/>
         <property name="hostName" value="nqbin - DESKTOP-M2KUILK"/>
         <property name="os" value="Windows 10 64bit"/>
         <property name="katalonVersion" value="7.1.2.1"/>
         <property name="browser" value="Chrome 79.0.3945.79"/>
         <property name="hostAddress" value="192.168.100.7"/>
         <property name="sessionId" value="ddfda2e662c3fd13caf158f18a69a4a6"/>
         <property name="seleniumVersion" value="3.141.59"/>
         <property name="proxyInformation" value="ProxyInformation{proxyOption=NO_PROXY, proxyServerType=HTTP, password=, proxyServerAddress=, proxyServerPort=0, executionList=}"/>
         <property name="platform" value="Windows 10"/>
      </properties>
      <testcase name="Test Cases/Off-Topic aba123/BinhChill login" time="18.726" classname="Test Cases/Off-Topic aba123/BinhChill login" status="PASSED">
         <system-out><![CDATA[2019-12-19 22:02:42 - [TEST_CASE][PASSED] - Test Cases/Off-Topic aba123/BinhChill login: Test Cases/Off-Topic aba123/BinhChill login

2019-12-19 22:02:42 - [TEST_STEP][PASSED] - openBrowser("https://mattermost-apcs.herokuapp.com/login"): Browser is opened with url: 'https://mattermost-apcs.herokuapp.com/login'

2019-12-19 22:02:43 - [MESSAGE][INFO] - Starting 'Chrome' driver

2019-12-19 22:02:43 - [MESSAGE][INFO] - Action delay is set to 0 seconds

2019-12-19 22:02:54 - [MESSAGE][PASSED] - Browser is opened with url: 'https://mattermost-apcs.herokuapp.com/login'

2019-12-19 22:02:54 - [TEST_STEP][PASSED] - setText(findTestObject("Page_Mattermost/input_All team communication in one place searchable and accessible anywhere_loginId"), "binhquoc999@gmail.com"): Text 'binhquoc999@gmail.com' is set on object 'Object Repository/Page_Mattermost/input_All team communication in one place searchable and accessible anywhere_loginId'

2019-12-19 22:02:59 - [MESSAGE][PASSED] - Text 'binhquoc999@gmail.com' is set on object 'Object Repository/Page_Mattermost/input_All team communication in one place searchable and accessible anywhere_loginId'

2019-12-19 22:02:59 - [TEST_STEP][PASSED] - setText(findTestObject("Page_Mattermost/input_All team communication in one place searchable and accessible anywhere_password"), "123456"): Text '123456' is set on object 'Object Repository/Page_Mattermost/input_All team communication in one place searchable and accessible anywhere_password'

2019-12-19 22:03:00 - [MESSAGE][PASSED] - Text '123456' is set on object 'Object Repository/Page_Mattermost/input_All team communication in one place searchable and accessible anywhere_password'

2019-12-19 22:03:00 - [TEST_STEP][PASSED] - click(findTestObject("Page_Mattermost/span_Sign in")): Object: 'Object Repository/Page_Mattermost/span_Sign in' is clicked on

2019-12-19 22:03:00 - [MESSAGE][PASSED] - Object: 'Object Repository/Page_Mattermost/span_Sign in' is clicked on]]></system-out>
         <system-err><![CDATA[]]></system-err>
      </testcase>
      <testcase name="Test Cases/Town Square binhchill/BinhChill Write-Off" time="7.189" classname="Test Cases/Town Square binhchill/BinhChill Write-Off" status="PASSED">
         <system-out><![CDATA[2019-12-19 22:03:00 - [TEST_CASE][PASSED] - Test Cases/Town Square binhchill/BinhChill Write-Off: Test Cases/Town Square binhchill/BinhChill Write-Off

2019-12-19 22:03:01 - [TEST_STEP][PASSED] - setText(findTestObject("Page_Town Square/textarea_Write to Town Square_post_textbox"), "Binh Very Deep Try :unamused: "): Text 'Binh Very Deep Try :unamused: ' is set on object 'Object Repository/Page_Town Square/textarea_Write to Town Square_post_textbox'

2019-12-19 22:03:07 - [MESSAGE][PASSED] - Text 'Binh Very Deep Try :unamused: ' is set on object 'Object Repository/Page_Town Square/textarea_Write to Town Square_post_textbox'

2019-12-19 22:03:07 - [TEST_STEP][PASSED] - sendKeys(findTestObject("Page_Town Square/textarea_Write to Town Square_post_textbox"), Keys.chord(ENTER)): Keys 'ENTER + ' sent to object: 'Object Repository/Page_Town Square/textarea_Write to Town Square_post_textbox'

2019-12-19 22:03:08 - [MESSAGE][PASSED] - Keys 'ENTER + ' sent to object: 'Object Repository/Page_Town Square/textarea_Write to Town Square_post_textbox']]></system-out>
         <system-err><![CDATA[]]></system-err>
      </testcase>
      <testcase name="Test Cases/Town Square binhchill/BinhChill Mute-On-Off" time="3.286" classname="Test Cases/Town Square binhchill/BinhChill Mute-On-Off" status="PASSED">
         <system-out><![CDATA[2019-12-19 22:03:08 - [TEST_CASE][PASSED] - Test Cases/Town Square binhchill/BinhChill Mute-On-Off: Test Cases/Town Square binhchill/BinhChill Mute-On-Off

2019-12-19 22:03:08 - [TEST_STEP][PASSED] - click(findTestObject("Town Square Notification/span_Town Square_channelHeaderDropdownIcon")): Object: 'Object Repository/Town Square Notification/span_Town Square_channelHeaderDropdownIcon' is clicked on

2019-12-19 22:03:09 - [MESSAGE][PASSED] - Object: 'Object Repository/Town Square Notification/span_Town Square_channelHeaderDropdownIcon' is clicked on

2019-12-19 22:03:09 - [TEST_STEP][PASSED] - click(findTestObject("Town Square Notification/button_Mute Channel")): Object: 'Object Repository/Town Square Notification/button_Mute Channel' is clicked on

2019-12-19 22:03:10 - [MESSAGE][PASSED] - Object: 'Object Repository/Town Square Notification/button_Mute Channel' is clicked on

2019-12-19 22:03:10 - [TEST_STEP][PASSED] - click(findTestObject("Town Square Notification/i_Town Square_icon fa fa-bell-slash-o")): Object: 'Object Repository/Town Square Notification/i_Town Square_icon fa fa-bell-slash-o' is clicked on

2019-12-19 22:03:11 - [MESSAGE][PASSED] - Object: 'Object Repository/Town Square Notification/i_Town Square_icon fa fa-bell-slash-o' is clicked on]]></system-out>
         <system-err><![CDATA[]]></system-err>
      </testcase>
      <testcase name="Test Cases/Account Settings/General Setting/NickName" time="5.662" classname="Test Cases/Account Settings/General Setting/NickName" status="PASSED">
         <system-out><![CDATA[2019-12-19 22:03:11 - [TEST_CASE][PASSED] - Test Cases/Account Settings/General Setting/NickName: Test Cases/Account Settings/General Setting/NickName

2019-12-19 22:03:12 - [TEST_STEP][PASSED] - click(findTestObject("General Setting/span menu")): Object: 'Object Repository/General Setting/span menu' is clicked on

2019-12-19 22:03:12 - [MESSAGE][PASSED] - Object: 'Object Repository/General Setting/span menu' is clicked on

2019-12-19 22:03:12 - [TEST_STEP][PASSED] - click(findTestObject("General Setting/button_Account Settings")): Object: 'Object Repository/General Setting/button_Account Settings' is clicked on

2019-12-19 22:03:13 - [MESSAGE][PASSED] - Object: 'Object Repository/General Setting/button_Account Settings' is clicked on

2019-12-19 22:03:13 - [TEST_STEP][PASSED] - click(findTestObject("General Setting/span_Edit NickName")): Object: 'Object Repository/General Setting/span_Edit NickName' is clicked on

2019-12-19 22:03:14 - [MESSAGE][PASSED] - Object: 'Object Repository/General Setting/span_Edit NickName' is clicked on

2019-12-19 22:03:14 - [TEST_STEP][PASSED] - setText(findTestObject("General Setting/input_Nickname_nickname"), "binhchill"): Text 'binhchill' is set on object 'Object Repository/General Setting/input_Nickname_nickname'

2019-12-19 22:03:15 - [MESSAGE][PASSED] - Text 'binhchill' is set on object 'Object Repository/General Setting/input_Nickname_nickname'

2019-12-19 22:03:15 - [TEST_STEP][PASSED] - click(findTestObject("General Setting/span_Save NickName")): Object: 'Object Repository/General Setting/span_Save NickName' is clicked on

2019-12-19 22:03:16 - [MESSAGE][PASSED] - Object: 'Object Repository/General Setting/span_Save NickName' is clicked on

2019-12-19 22:03:16 - [TEST_STEP][PASSED] - sendKeys(findTestObject(null), Keys.chord(ESCAPE)): Keys 'ESCAPE + ' sent to object: 'tempBody'

2019-12-19 22:03:16 - [MESSAGE][WARNING] - Test object id is null

2019-12-19 22:03:16 - [MESSAGE][WARNING] - Test object with id 'Object Repository/' does not exist

2019-12-19 22:03:17 - [MESSAGE][PASSED] - Keys 'ESCAPE + ' sent to object: 'tempBody']]></system-out>
         <system-err><![CDATA[]]></system-err>
      </testcase>
      <testcase name="Test Cases/Account Settings/General Setting/Full Name" time="5.939" classname="Test Cases/Account Settings/General Setting/Full Name" status="PASSED">
         <system-out><![CDATA[2019-12-19 22:03:17 - [TEST_CASE][PASSED] - Test Cases/Account Settings/General Setting/Full Name: Test Cases/Account Settings/General Setting/Full Name

2019-12-19 22:03:17 - [TEST_STEP][PASSED] - click(findTestObject("General Setting/span menu")): Object: 'Object Repository/General Setting/span menu' is clicked on

2019-12-19 22:03:18 - [MESSAGE][PASSED] - Object: 'Object Repository/General Setting/span menu' is clicked on

2019-12-19 22:03:18 - [TEST_STEP][PASSED] - click(findTestObject("General Setting/button_Account Settings")): Object: 'Object Repository/General Setting/button_Account Settings' is clicked on

2019-12-19 22:03:19 - [MESSAGE][PASSED] - Object: 'Object Repository/General Setting/button_Account Settings' is clicked on

2019-12-19 22:03:19 - [TEST_STEP][PASSED] - click(findTestObject("General Setting/span_Edit FullName")): Object: 'Object Repository/General Setting/span_Edit FullName' is clicked on

2019-12-19 22:03:20 - [MESSAGE][PASSED] - Object: 'Object Repository/General Setting/span_Edit FullName' is clicked on

2019-12-19 22:03:20 - [TEST_STEP][PASSED] - setText(findTestObject("General Setting/input_First Name_firstName"), "Nguyen"): Text 'Nguyen' is set on object 'Object Repository/General Setting/input_First Name_firstName'

2019-12-19 22:03:21 - [MESSAGE][PASSED] - Text 'Nguyen' is set on object 'Object Repository/General Setting/input_First Name_firstName'

2019-12-19 22:03:21 - [TEST_STEP][PASSED] - setText(findTestObject("General Setting/input_Last Name_lastName"), "Binh"): Text 'Binh' is set on object 'Object Repository/General Setting/input_Last Name_lastName'

2019-12-19 22:03:21 - [MESSAGE][PASSED] - Text 'Binh' is set on object 'Object Repository/General Setting/input_Last Name_lastName'

2019-12-19 22:03:21 - [TEST_STEP][PASSED] - click(findTestObject("General Setting/span_Save FullName")): Object: 'Object Repository/General Setting/span_Save FullName' is clicked on

2019-12-19 22:03:22 - [MESSAGE][PASSED] - Object: 'Object Repository/General Setting/span_Save FullName' is clicked on

2019-12-19 22:03:22 - [TEST_STEP][PASSED] - sendKeys(findTestObject(null), Keys.chord(ESCAPE)): Keys 'ESCAPE + ' sent to object: 'tempBody'

2019-12-19 22:03:22 - [MESSAGE][WARNING] - Test object id is null

2019-12-19 22:03:22 - [MESSAGE][WARNING] - Test object with id 'Object Repository/' does not exist

2019-12-19 22:03:23 - [MESSAGE][PASSED] - Keys 'ESCAPE + ' sent to object: 'tempBody']]></system-out>
         <system-err><![CDATA[]]></system-err>
      </testcase>
      <testcase name="Test Cases/Town Square binhchill/BinhChill Search username" time="6.797" classname="Test Cases/Town Square binhchill/BinhChill Search username" status="PASSED">
         <system-out><![CDATA[2019-12-19 22:03:23 - [TEST_CASE][PASSED] - Test Cases/Town Square binhchill/BinhChill Search username: Test Cases/Town Square binhchill/BinhChill Search username

2019-12-19 22:03:23 - [TEST_STEP][PASSED] - click(findTestObject("Town Square Notification/span_Town Square_channelHeaderDropdownIcon")): Object: 'Object Repository/Town Square Notification/span_Town Square_channelHeaderDropdownIcon' is clicked on

2019-12-19 22:03:24 - [MESSAGE][PASSED] - Object: 'Object Repository/Town Square Notification/span_Town Square_channelHeaderDropdownIcon' is clicked on

2019-12-19 22:03:24 - [TEST_STEP][PASSED] - click(findTestObject("Town Square Notification/button_View Members")): Object: 'Object Repository/Town Square Notification/button_View Members' is clicked on

2019-12-19 22:03:24 - [MESSAGE][PASSED] - Object: 'Object Repository/Town Square Notification/button_View Members' is clicked on

2019-12-19 22:03:24 - [TEST_STEP][PASSED] - setText(findTestObject("Town Square Notification/input_Members_searchUsersInput"), "binhchill"): Text 'binhchill' is set on object 'Object Repository/Town Square Notification/input_Members_searchUsersInput'

2019-12-19 22:03:26 - [MESSAGE][PASSED] - Text 'binhchill' is set on object 'Object Repository/Town Square Notification/input_Members_searchUsersInput'

2019-12-19 22:03:26 - [TEST_STEP][PASSED] - delay(3): Delayed 3 second(s)

2019-12-19 22:03:29 - [MESSAGE][PASSED] - Delayed 3 second(s)

2019-12-19 22:03:29 - [TEST_STEP][PASSED] - sendKeys(findTestObject(null), Keys.chord(ESCAPE)): Keys 'ESCAPE + ' sent to object: 'tempBody'

2019-12-19 22:03:29 - [MESSAGE][WARNING] - Test object id is null

2019-12-19 22:03:29 - [MESSAGE][WARNING] - Test object with id 'Object Repository/' does not exist

2019-12-19 22:03:29 - [MESSAGE][PASSED] - Keys 'ESCAPE + ' sent to object: 'tempBody']]></system-out>
         <system-err><![CDATA[]]></system-err>
      </testcase>
      <testcase name="Test Cases/Town Square binhchill/BinhChill Write-Off" time="2.899" classname="Test Cases/Town Square binhchill/BinhChill Write-Off" status="PASSED">
         <system-out><![CDATA[2019-12-19 22:03:29 - [TEST_CASE][PASSED] - Test Cases/Town Square binhchill/BinhChill Write-Off: Test Cases/Town Square binhchill/BinhChill Write-Off

2019-12-19 22:03:29 - [TEST_STEP][PASSED] - setText(findTestObject("Page_Town Square/textarea_Write to Town Square_post_textbox"), "Binh Very Deep Try :unamused: "): Text 'Binh Very Deep Try :unamused: ' is set on object 'Object Repository/Page_Town Square/textarea_Write to Town Square_post_textbox'

2019-12-19 22:03:32 - [MESSAGE][PASSED] - Text 'Binh Very Deep Try :unamused: ' is set on object 'Object Repository/Page_Town Square/textarea_Write to Town Square_post_textbox'

2019-12-19 22:03:32 - [TEST_STEP][PASSED] - sendKeys(findTestObject("Page_Town Square/textarea_Write to Town Square_post_textbox"), Keys.chord(ENTER)): Keys 'ENTER + ' sent to object: 'Object Repository/Page_Town Square/textarea_Write to Town Square_post_textbox'

2019-12-19 22:03:32 - [MESSAGE][PASSED] - Keys 'ENTER + ' sent to object: 'Object Repository/Page_Town Square/textarea_Write to Town Square_post_textbox']]></system-out>
         <system-err><![CDATA[]]></system-err>
      </testcase>
      <testcase name="Test Cases/Off-Topic aba123/Aba123 login" time="18.68" classname="Test Cases/Off-Topic aba123/Aba123 login" status="PASSED">
         <system-out><![CDATA[2019-12-19 22:03:32 - [TEST_CASE][PASSED] - Test Cases/Off-Topic aba123/Aba123 login: Test Cases/Off-Topic aba123/Aba123 login

2019-12-19 22:03:33 - [TEST_STEP][PASSED] - openBrowser("https://mattermost-apcs.herokuapp.com/login"): Browser is opened with url: 'https://mattermost-apcs.herokuapp.com/login'

2019-12-19 22:03:33 - [MESSAGE][WARNING] - A browser is already opened. Closing browser and opening a new one

2019-12-19 22:03:34 - [MESSAGE][INFO] - Starting 'Chrome' driver

2019-12-19 22:03:45 - [MESSAGE][PASSED] - Browser is opened with url: 'https://mattermost-apcs.herokuapp.com/login'

2019-12-19 22:03:45 - [TEST_STEP][PASSED] - setText(findTestObject("Page_Mattermost/input_All team communication in one place searchable and accessible anywhere_loginId"), "aba123"): Text 'aba123' is set on object 'Object Repository/Page_Mattermost/input_All team communication in one place searchable and accessible anywhere_loginId'

2019-12-19 22:03:50 - [MESSAGE][PASSED] - Text 'aba123' is set on object 'Object Repository/Page_Mattermost/input_All team communication in one place searchable and accessible anywhere_loginId'

2019-12-19 22:03:50 - [TEST_STEP][PASSED] - setText(findTestObject("Page_Mattermost/input_All team communication in one place searchable and accessible anywhere_password"), "123456"): Text '123456' is set on object 'Object Repository/Page_Mattermost/input_All team communication in one place searchable and accessible anywhere_password'

2019-12-19 22:03:50 - [MESSAGE][PASSED] - Text '123456' is set on object 'Object Repository/Page_Mattermost/input_All team communication in one place searchable and accessible anywhere_password'

2019-12-19 22:03:50 - [TEST_STEP][PASSED] - click(findTestObject("Page_Mattermost/span_Sign in")): Object: 'Object Repository/Page_Mattermost/span_Sign in' is clicked on

2019-12-19 22:03:51 - [MESSAGE][PASSED] - Object: 'Object Repository/Page_Mattermost/span_Sign in' is clicked on]]></system-out>
         <system-err><![CDATA[]]></system-err>
      </testcase>
      <testcase name="Test Cases/Account Settings/General Setting/Email" time="8.023" classname="Test Cases/Account Settings/General Setting/Email" status="PASSED">
         <system-out><![CDATA[2019-12-19 22:03:51 - [TEST_CASE][PASSED] - Test Cases/Account Settings/General Setting/Email: Test Cases/Account Settings/General Setting/Email

2019-12-19 22:03:51 - [TEST_STEP][PASSED] - click(findTestObject("General Setting/span menu")): Object: 'Object Repository/General Setting/span menu' is clicked on

2019-12-19 22:03:56 - [MESSAGE][PASSED] - Object: 'Object Repository/General Setting/span menu' is clicked on

2019-12-19 22:03:56 - [TEST_STEP][PASSED] - click(findTestObject("General Setting/button_Account Settings")): Object: 'Object Repository/General Setting/button_Account Settings' is clicked on

2019-12-19 22:03:57 - [MESSAGE][PASSED] - Object: 'Object Repository/General Setting/button_Account Settings' is clicked on

2019-12-19 22:03:57 - [TEST_STEP][PASSED] - click(findTestObject("General Setting/span_Edit Email")): Object: 'Object Repository/General Setting/span_Edit Email' is clicked on

2019-12-19 22:03:58 - [MESSAGE][PASSED] - Object: 'Object Repository/General Setting/span_Edit Email' is clicked on

2019-12-19 22:03:58 - [TEST_STEP][PASSED] - sendKeys(findTestObject(null), Keys.chord(ESCAPE)): Keys 'ESCAPE + ' sent to object: 'tempBody'

2019-12-19 22:03:58 - [MESSAGE][WARNING] - Test object id is null

2019-12-19 22:03:58 - [MESSAGE][WARNING] - Test object with id 'Object Repository/' does not exist

2019-12-19 22:03:59 - [MESSAGE][PASSED] - Keys 'ESCAPE + ' sent to object: 'tempBody']]></system-out>
         <system-err><![CDATA[]]></system-err>
      </testcase>
      <testcase name="Test Cases/Town Square binhchill/BinhChill Write-Off" time="2.965" classname="Test Cases/Town Square binhchill/BinhChill Write-Off" status="PASSED">
         <system-out><![CDATA[2019-12-19 22:03:59 - [TEST_CASE][PASSED] - Test Cases/Town Square binhchill/BinhChill Write-Off: Test Cases/Town Square binhchill/BinhChill Write-Off

2019-12-19 22:03:59 - [TEST_STEP][PASSED] - setText(findTestObject("Page_Town Square/textarea_Write to Town Square_post_textbox"), "Binh Very Deep Try :unamused: "): Text 'Binh Very Deep Try :unamused: ' is set on object 'Object Repository/Page_Town Square/textarea_Write to Town Square_post_textbox'

2019-12-19 22:04:01 - [MESSAGE][PASSED] - Text 'Binh Very Deep Try :unamused: ' is set on object 'Object Repository/Page_Town Square/textarea_Write to Town Square_post_textbox'

2019-12-19 22:04:01 - [TEST_STEP][PASSED] - sendKeys(findTestObject("Page_Town Square/textarea_Write to Town Square_post_textbox"), Keys.chord(ENTER)): Keys 'ENTER + ' sent to object: 'Object Repository/Page_Town Square/textarea_Write to Town Square_post_textbox'

2019-12-19 22:04:02 - [MESSAGE][PASSED] - Keys 'ENTER + ' sent to object: 'Object Repository/Page_Town Square/textarea_Write to Town Square_post_textbox']]></system-out>
         <system-err><![CDATA[]]></system-err>
      </testcase>
      <testcase name="Test Cases/Account Settings/General Setting/Full Name" time="5.959" classname="Test Cases/Account Settings/General Setting/Full Name" status="PASSED">
         <system-out><![CDATA[2019-12-19 22:04:02 - [TEST_CASE][PASSED] - Test Cases/Account Settings/General Setting/Full Name: Test Cases/Account Settings/General Setting/Full Name

2019-12-19 22:04:02 - [TEST_STEP][PASSED] - click(findTestObject("General Setting/span menu")): Object: 'Object Repository/General Setting/span menu' is clicked on

2019-12-19 22:04:03 - [MESSAGE][PASSED] - Object: 'Object Repository/General Setting/span menu' is clicked on

2019-12-19 22:04:03 - [TEST_STEP][PASSED] - click(findTestObject("General Setting/button_Account Settings")): Object: 'Object Repository/General Setting/button_Account Settings' is clicked on

2019-12-19 22:04:04 - [MESSAGE][PASSED] - Object: 'Object Repository/General Setting/button_Account Settings' is clicked on

2019-12-19 22:04:04 - [TEST_STEP][PASSED] - click(findTestObject("General Setting/span_Edit FullName")): Object: 'Object Repository/General Setting/span_Edit FullName' is clicked on

2019-12-19 22:04:05 - [MESSAGE][PASSED] - Object: 'Object Repository/General Setting/span_Edit FullName' is clicked on

2019-12-19 22:04:05 - [TEST_STEP][PASSED] - setText(findTestObject("General Setting/input_First Name_firstName"), "Nguyen"): Text 'Nguyen' is set on object 'Object Repository/General Setting/input_First Name_firstName'

2019-12-19 22:04:06 - [MESSAGE][PASSED] - Text 'Nguyen' is set on object 'Object Repository/General Setting/input_First Name_firstName'

2019-12-19 22:04:06 - [TEST_STEP][PASSED] - setText(findTestObject("General Setting/input_Last Name_lastName"), "Binh"): Text 'Binh' is set on object 'Object Repository/General Setting/input_Last Name_lastName'

2019-12-19 22:04:07 - [MESSAGE][PASSED] - Text 'Binh' is set on object 'Object Repository/General Setting/input_Last Name_lastName'

2019-12-19 22:04:07 - [TEST_STEP][PASSED] - click(findTestObject("General Setting/span_Save FullName")): Object: 'Object Repository/General Setting/span_Save FullName' is clicked on

2019-12-19 22:04:07 - [MESSAGE][PASSED] - Object: 'Object Repository/General Setting/span_Save FullName' is clicked on

2019-12-19 22:04:07 - [TEST_STEP][PASSED] - sendKeys(findTestObject(null), Keys.chord(ESCAPE)): Keys 'ESCAPE + ' sent to object: 'tempBody'

2019-12-19 22:04:07 - [MESSAGE][WARNING] - Test object id is null

2019-12-19 22:04:07 - [MESSAGE][WARNING] - Test object with id 'Object Repository/' does not exist

2019-12-19 22:04:08 - [MESSAGE][PASSED] - Keys 'ESCAPE + ' sent to object: 'tempBody']]></system-out>
         <system-err><![CDATA[]]></system-err>
      </testcase>
      <testcase name="Test Cases/Account Settings/General Setting/NickName" time="5.327" classname="Test Cases/Account Settings/General Setting/NickName" status="PASSED">
         <system-out><![CDATA[2019-12-19 22:04:08 - [TEST_CASE][PASSED] - Test Cases/Account Settings/General Setting/NickName: Test Cases/Account Settings/General Setting/NickName

2019-12-19 22:04:08 - [TEST_STEP][PASSED] - click(findTestObject("General Setting/span menu")): Object: 'Object Repository/General Setting/span menu' is clicked on

2019-12-19 22:04:09 - [MESSAGE][PASSED] - Object: 'Object Repository/General Setting/span menu' is clicked on

2019-12-19 22:04:09 - [TEST_STEP][PASSED] - click(findTestObject("General Setting/button_Account Settings")): Object: 'Object Repository/General Setting/button_Account Settings' is clicked on

2019-12-19 22:04:10 - [MESSAGE][PASSED] - Object: 'Object Repository/General Setting/button_Account Settings' is clicked on

2019-12-19 22:04:10 - [TEST_STEP][PASSED] - click(findTestObject("General Setting/span_Edit NickName")): Object: 'Object Repository/General Setting/span_Edit NickName' is clicked on

2019-12-19 22:04:11 - [MESSAGE][PASSED] - Object: 'Object Repository/General Setting/span_Edit NickName' is clicked on

2019-12-19 22:04:11 - [TEST_STEP][PASSED] - setText(findTestObject("General Setting/input_Nickname_nickname"), "binhchill"): Text 'binhchill' is set on object 'Object Repository/General Setting/input_Nickname_nickname'

2019-12-19 22:04:12 - [MESSAGE][PASSED] - Text 'binhchill' is set on object 'Object Repository/General Setting/input_Nickname_nickname'

2019-12-19 22:04:12 - [TEST_STEP][PASSED] - click(findTestObject("General Setting/span_Save NickName")): Object: 'Object Repository/General Setting/span_Save NickName' is clicked on

2019-12-19 22:04:13 - [MESSAGE][PASSED] - Object: 'Object Repository/General Setting/span_Save NickName' is clicked on

2019-12-19 22:04:13 - [TEST_STEP][PASSED] - sendKeys(findTestObject(null), Keys.chord(ESCAPE)): Keys 'ESCAPE + ' sent to object: 'tempBody'

2019-12-19 22:04:13 - [MESSAGE][WARNING] - Test object id is null

2019-12-19 22:04:13 - [MESSAGE][WARNING] - Test object with id 'Object Repository/' does not exist

2019-12-19 22:04:13 - [MESSAGE][PASSED] - Keys 'ESCAPE + ' sent to object: 'tempBody']]></system-out>
         <system-err><![CDATA[]]></system-err>
      </testcase>
      <testcase name="Test Cases/Account Settings/General Setting/Position" time="4.445" classname="Test Cases/Account Settings/General Setting/Position" status="PASSED">
         <system-out><![CDATA[2019-12-19 22:04:13 - [TEST_CASE][PASSED] - Test Cases/Account Settings/General Setting/Position: Test Cases/Account Settings/General Setting/Position

2019-12-19 22:04:14 - [TEST_STEP][PASSED] - click(findTestObject("General Setting/span menu")): Object: 'Object Repository/General Setting/span menu' is clicked on

2019-12-19 22:04:15 - [MESSAGE][PASSED] - Object: 'Object Repository/General Setting/span menu' is clicked on

2019-12-19 22:04:15 - [TEST_STEP][PASSED] - click(findTestObject("General Setting/button_Account Settings")): Object: 'Object Repository/General Setting/button_Account Settings' is clicked on

2019-12-19 22:04:16 - [MESSAGE][PASSED] - Object: 'Object Repository/General Setting/button_Account Settings' is clicked on

2019-12-19 22:04:16 - [TEST_STEP][PASSED] - click(findTestObject("General Setting/span_Edit Position")): Object: 'Object Repository/General Setting/span_Edit Position' is clicked on

2019-12-19 22:04:17 - [MESSAGE][PASSED] - Object: 'Object Repository/General Setting/span_Edit Position' is clicked on

2019-12-19 22:04:17 - [TEST_STEP][PASSED] - setText(findTestObject("General Setting/input_Position_position"), ""): Text '' is set on object 'Object Repository/General Setting/input_Position_position'

2019-12-19 22:04:17 - [MESSAGE][PASSED] - Text '' is set on object 'Object Repository/General Setting/input_Position_position'

2019-12-19 22:04:17 - [TEST_STEP][PASSED] - sendKeys(findTestObject(null), Keys.chord(ESCAPE)): Keys 'ESCAPE + ' sent to object: 'tempBody'

2019-12-19 22:04:17 - [MESSAGE][WARNING] - Test object id is null

2019-12-19 22:04:17 - [MESSAGE][WARNING] - Test object with id 'Object Repository/' does not exist

2019-12-19 22:04:18 - [MESSAGE][PASSED] - Keys 'ESCAPE + ' sent to object: 'tempBody']]></system-out>
         <system-err><![CDATA[]]></system-err>
      </testcase>
      <testcase name="Test Cases/Account Settings/General Setting/Profile" time="4.022" classname="Test Cases/Account Settings/General Setting/Profile" status="PASSED">
         <system-out><![CDATA[2019-12-19 22:04:18 - [TEST_CASE][PASSED] - Test Cases/Account Settings/General Setting/Profile: Test Cases/Account Settings/General Setting/Profile

2019-12-19 22:04:18 - [TEST_STEP][PASSED] - click(findTestObject("General Setting/span menu")): Object: 'Object Repository/General Setting/span menu' is clicked on

2019-12-19 22:04:19 - [MESSAGE][PASSED] - Object: 'Object Repository/General Setting/span menu' is clicked on

2019-12-19 22:04:19 - [TEST_STEP][PASSED] - click(findTestObject("General Setting/button_Account Settings")): Object: 'Object Repository/General Setting/button_Account Settings' is clicked on

2019-12-19 22:04:20 - [MESSAGE][PASSED] - Object: 'Object Repository/General Setting/button_Account Settings' is clicked on

2019-12-19 22:04:20 - [TEST_STEP][PASSED] - click(findTestObject("General Setting/span_Edit Profile")): Object: 'Object Repository/General Setting/span_Edit Profile' is clicked on

2019-12-19 22:04:21 - [MESSAGE][PASSED] - Object: 'Object Repository/General Setting/span_Edit Profile' is clicked on

2019-12-19 22:04:21 - [TEST_STEP][PASSED] - sendKeys(findTestObject(null), Keys.chord(ESCAPE)): Keys 'ESCAPE + ' sent to object: 'tempBody'

2019-12-19 22:04:21 - [MESSAGE][WARNING] - Test object id is null

2019-12-19 22:04:21 - [MESSAGE][WARNING] - Test object with id 'Object Repository/' does not exist

2019-12-19 22:04:22 - [MESSAGE][PASSED] - Keys 'ESCAPE + ' sent to object: 'tempBody']]></system-out>
         <system-err><![CDATA[]]></system-err>
      </testcase>
      <testcase name="Test Cases/Account Settings/General Setting/User Name" time="4.623" classname="Test Cases/Account Settings/General Setting/User Name" status="PASSED">
         <system-out><![CDATA[2019-12-19 22:04:22 - [TEST_CASE][PASSED] - Test Cases/Account Settings/General Setting/User Name: Test Cases/Account Settings/General Setting/User Name

2019-12-19 22:04:22 - [TEST_STEP][PASSED] - click(findTestObject("General Setting/span menu")): Object: 'Object Repository/General Setting/span menu' is clicked on

2019-12-19 22:04:23 - [MESSAGE][PASSED] - Object: 'Object Repository/General Setting/span menu' is clicked on

2019-12-19 22:04:23 - [TEST_STEP][PASSED] - click(findTestObject("General Setting/button_Account Settings")): Object: 'Object Repository/General Setting/button_Account Settings' is clicked on

2019-12-19 22:04:24 - [MESSAGE][PASSED] - Object: 'Object Repository/General Setting/button_Account Settings' is clicked on

2019-12-19 22:04:24 - [TEST_STEP][PASSED] - click(findTestObject("General Setting/span_Edit UserName")): Object: 'Object Repository/General Setting/span_Edit UserName' is clicked on

2019-12-19 22:04:25 - [MESSAGE][PASSED] - Object: 'Object Repository/General Setting/span_Edit UserName' is clicked on

2019-12-19 22:04:25 - [TEST_STEP][PASSED] - click(findTestObject("General Setting/span_Save UserName")): Object: 'Object Repository/General Setting/span_Save UserName' is clicked on

2019-12-19 22:04:26 - [MESSAGE][PASSED] - Object: 'Object Repository/General Setting/span_Save UserName' is clicked on

2019-12-19 22:04:26 - [TEST_STEP][PASSED] - sendKeys(findTestObject(null), Keys.chord(ESCAPE)): Keys 'ESCAPE + ' sent to object: 'tempBody'

2019-12-19 22:04:26 - [MESSAGE][WARNING] - Test object id is null

2019-12-19 22:04:26 - [MESSAGE][WARNING] - Test object with id 'Object Repository/' does not exist

2019-12-19 22:04:26 - [MESSAGE][PASSED] - Keys 'ESCAPE + ' sent to object: 'tempBody']]></system-out>
         <system-err><![CDATA[]]></system-err>
      </testcase>
      <testcase name="Test Cases/Account Settings/Display Settings/Display" time="3.785" classname="Test Cases/Account Settings/Display Settings/Display" status="PASSED">
         <system-out><![CDATA[2019-12-19 22:04:26 - [TEST_CASE][PASSED] - Test Cases/Account Settings/Display Settings/Display: Test Cases/Account Settings/Display Settings/Display

2019-12-19 22:04:27 - [TEST_STEP][PASSED] - click(findTestObject("General Setting/span menu")): Object: 'Object Repository/General Setting/span menu' is clicked on

2019-12-19 22:04:28 - [MESSAGE][PASSED] - Object: 'Object Repository/General Setting/span menu' is clicked on

2019-12-19 22:04:28 - [TEST_STEP][PASSED] - click(findTestObject("General Setting/button_Account Settings")): Object: 'Object Repository/General Setting/button_Account Settings' is clicked on

2019-12-19 22:04:29 - [MESSAGE][PASSED] - Object: 'Object Repository/General Setting/button_Account Settings' is clicked on

2019-12-19 22:04:29 - [TEST_STEP][PASSED] - click(findTestObject("Account Settings/button_Display")): Object: 'Object Repository/Account Settings/button_Display' is clicked on

2019-12-19 22:04:30 - [MESSAGE][PASSED] - Object: 'Object Repository/Account Settings/button_Display' is clicked on

2019-12-19 22:04:30 - [TEST_STEP][PASSED] - sendKeys(findTestObject(null), Keys.chord(ESCAPE)): Keys 'ESCAPE + ' sent to object: 'tempBody'

2019-12-19 22:04:30 - [MESSAGE][WARNING] - Test object id is null

2019-12-19 22:04:30 - [MESSAGE][WARNING] - Test object with id 'Object Repository/' does not exist

2019-12-19 22:04:30 - [MESSAGE][PASSED] - Keys 'ESCAPE + ' sent to object: 'tempBody']]></system-out>
         <system-err><![CDATA[]]></system-err>
      </testcase>
      <testcase name="Test Cases/Account Settings/Display Settings/Display Channel" time="4.843" classname="Test Cases/Account Settings/Display Settings/Display Channel" status="PASSED">
         <system-out><![CDATA[2019-12-19 22:04:30 - [TEST_CASE][PASSED] - Test Cases/Account Settings/Display Settings/Display Channel: Test Cases/Account Settings/Display Settings/Display Channel

2019-12-19 22:04:31 - [TEST_STEP][PASSED] - click(findTestObject("General Setting/span menu")): Object: 'Object Repository/General Setting/span menu' is clicked on

2019-12-19 22:04:31 - [MESSAGE][PASSED] - Object: 'Object Repository/General Setting/span menu' is clicked on

2019-12-19 22:04:31 - [TEST_STEP][PASSED] - click(findTestObject("General Setting/button_Account Settings")): Object: 'Object Repository/General Setting/button_Account Settings' is clicked on

2019-12-19 22:04:32 - [MESSAGE][PASSED] - Object: 'Object Repository/General Setting/button_Account Settings' is clicked on

2019-12-19 22:04:32 - [TEST_STEP][PASSED] - click(findTestObject("Account Settings/button_Display")): Object: 'Object Repository/Account Settings/button_Display' is clicked on

2019-12-19 22:04:33 - [MESSAGE][PASSED] - Object: 'Object Repository/Account Settings/button_Display' is clicked on

2019-12-19 22:04:33 - [TEST_STEP][PASSED] - click(findTestObject("Account Settings/span_Edit Channel Display")): Object: 'Object Repository/Account Settings/span_Edit Channel Display' is clicked on

2019-12-19 22:04:34 - [MESSAGE][PASSED] - Object: 'Object Repository/Account Settings/span_Edit Channel Display' is clicked on

2019-12-19 22:04:34 - [TEST_STEP][PASSED] - sendKeys(findTestObject(null), Keys.chord(ENTER)): Keys 'ENTER + ' sent to object: 'tempBody'

2019-12-19 22:04:34 - [MESSAGE][WARNING] - Test object id is null

2019-12-19 22:04:34 - [MESSAGE][WARNING] - Test object with id 'Object Repository/' does not exist

2019-12-19 22:04:35 - [MESSAGE][PASSED] - Keys 'ENTER + ' sent to object: 'tempBody'

2019-12-19 22:04:35 - [TEST_STEP][PASSED] - sendKeys(findTestObject(null), Keys.chord(ESCAPE)): Keys 'ESCAPE + ' sent to object: 'tempBody'

2019-12-19 22:04:35 - [MESSAGE][WARNING] - Test object id is null

2019-12-19 22:04:35 - [MESSAGE][WARNING] - Test object with id 'Object Repository/' does not exist

2019-12-19 22:04:35 - [MESSAGE][PASSED] - Keys 'ESCAPE + ' sent to object: 'tempBody']]></system-out>
         <system-err><![CDATA[]]></system-err>
      </testcase>
      <testcase name="Test Cases/Account Settings/Display Settings/Display Clock" time="5.173" classname="Test Cases/Account Settings/Display Settings/Display Clock" status="PASSED">
         <system-out><![CDATA[2019-12-19 22:04:35 - [TEST_CASE][PASSED] - Test Cases/Account Settings/Display Settings/Display Clock: Test Cases/Account Settings/Display Settings/Display Clock

2019-12-19 22:04:35 - [TEST_STEP][PASSED] - click(findTestObject("General Setting/span menu")): Object: 'Object Repository/General Setting/span menu' is clicked on

2019-12-19 22:04:36 - [MESSAGE][PASSED] - Object: 'Object Repository/General Setting/span menu' is clicked on

2019-12-19 22:04:36 - [TEST_STEP][PASSED] - click(findTestObject("General Setting/button_Account Settings")): Object: 'Object Repository/General Setting/button_Account Settings' is clicked on

2019-12-19 22:04:37 - [MESSAGE][PASSED] - Object: 'Object Repository/General Setting/button_Account Settings' is clicked on

2019-12-19 22:04:37 - [TEST_STEP][PASSED] - click(findTestObject("Account Settings/button_Display")): Object: 'Object Repository/Account Settings/button_Display' is clicked on

2019-12-19 22:04:38 - [MESSAGE][PASSED] - Object: 'Object Repository/Account Settings/button_Display' is clicked on

2019-12-19 22:04:38 - [TEST_STEP][PASSED] - click(findTestObject("Account Settings/span_Edit Clock")): Object: 'Object Repository/Account Settings/span_Edit Clock' is clicked on

2019-12-19 22:04:39 - [MESSAGE][PASSED] - Object: 'Object Repository/Account Settings/span_Edit Clock' is clicked on

2019-12-19 22:04:39 - [TEST_STEP][PASSED] - click(findTestObject("Account Settings/input_Clock Display_clockFormat")): Object: 'Object Repository/Account Settings/input_Clock Display_clockFormat' is clicked on

2019-12-19 22:04:39 - [MESSAGE][PASSED] - Object: 'Object Repository/Account Settings/input_Clock Display_clockFormat' is clicked on

2019-12-19 22:04:39 - [TEST_STEP][PASSED] - sendKeys(findTestObject(null), Keys.chord(ENTER)): Keys 'ENTER + ' sent to object: 'tempBody'

2019-12-19 22:04:39 - [MESSAGE][WARNING] - Test object id is null

2019-12-19 22:04:39 - [MESSAGE][WARNING] - Test object with id 'Object Repository/' does not exist

2019-12-19 22:04:40 - [MESSAGE][PASSED] - Keys 'ENTER + ' sent to object: 'tempBody'

2019-12-19 22:04:40 - [TEST_STEP][PASSED] - sendKeys(findTestObject(null), Keys.chord(ESCAPE)): Keys 'ESCAPE + ' sent to object: 'tempBody'

2019-12-19 22:04:40 - [MESSAGE][WARNING] - Test object id is null

2019-12-19 22:04:40 - [MESSAGE][WARNING] - Test object with id 'Object Repository/' does not exist

2019-12-19 22:04:40 - [MESSAGE][PASSED] - Keys 'ESCAPE + ' sent to object: 'tempBody']]></system-out>
         <system-err><![CDATA[]]></system-err>
      </testcase>
      <testcase name="Test Cases/Account Settings/Display Settings/Display Default" time="5.811" classname="Test Cases/Account Settings/Display Settings/Display Default" status="PASSED">
         <system-out><![CDATA[2019-12-19 22:04:40 - [TEST_CASE][PASSED] - Test Cases/Account Settings/Display Settings/Display Default: Test Cases/Account Settings/Display Settings/Display Default

2019-12-19 22:04:41 - [TEST_STEP][PASSED] - click(findTestObject("General Setting/span menu")): Object: 'Object Repository/General Setting/span menu' is clicked on

2019-12-19 22:04:42 - [MESSAGE][PASSED] - Object: 'Object Repository/General Setting/span menu' is clicked on

2019-12-19 22:04:42 - [TEST_STEP][PASSED] - click(findTestObject("General Setting/button_Account Settings")): Object: 'Object Repository/General Setting/button_Account Settings' is clicked on

2019-12-19 22:04:43 - [MESSAGE][PASSED] - Object: 'Object Repository/General Setting/button_Account Settings' is clicked on

2019-12-19 22:04:43 - [TEST_STEP][PASSED] - click(findTestObject("Account Settings/button_Display")): Object: 'Object Repository/Account Settings/button_Display' is clicked on

2019-12-19 22:04:44 - [MESSAGE][PASSED] - Object: 'Object Repository/Account Settings/button_Display' is clicked on

2019-12-19 22:04:44 - [TEST_STEP][PASSED] - click(findTestObject("Account Settings/span_Edit Default appearance")): Object: 'Object Repository/Account Settings/span_Edit Default appearance' is clicked on

2019-12-19 22:04:45 - [MESSAGE][PASSED] - Object: 'Object Repository/Account Settings/span_Edit Default appearance' is clicked on

2019-12-19 22:04:45 - [TEST_STEP][PASSED] - click(findTestObject("Account Settings/input_Expanded_collapseFormat")): Object: 'Object Repository/Account Settings/input_Expanded_collapseFormat' is clicked on

2019-12-19 22:04:45 - [MESSAGE][PASSED] - Object: 'Object Repository/Account Settings/input_Expanded_collapseFormat' is clicked on

2019-12-19 22:04:45 - [TEST_STEP][PASSED] - sendKeys(findTestObject(null), Keys.chord(ENTER)): Keys 'ENTER + ' sent to object: 'tempBody'

2019-12-19 22:04:45 - [MESSAGE][WARNING] - Test object id is null

2019-12-19 22:04:45 - [MESSAGE][WARNING] - Test object with id 'Object Repository/' does not exist

2019-12-19 22:04:46 - [MESSAGE][PASSED] - Keys 'ENTER + ' sent to object: 'tempBody'

2019-12-19 22:04:46 - [TEST_STEP][PASSED] - sendKeys(findTestObject(null), Keys.chord(ESCAPE)): Keys 'ESCAPE + ' sent to object: 'tempBody'

2019-12-19 22:04:46 - [MESSAGE][WARNING] - Test object id is null

2019-12-19 22:04:46 - [MESSAGE][WARNING] - Test object with id 'Object Repository/' does not exist

2019-12-19 22:04:46 - [MESSAGE][PASSED] - Keys 'ESCAPE + ' sent to object: 'tempBody']]></system-out>
         <system-err><![CDATA[]]></system-err>
      </testcase>
      <testcase name="Test Cases/Account Settings/Display Settings/Display Language" time="4.916" classname="Test Cases/Account Settings/Display Settings/Display Language" status="PASSED">
         <system-out><![CDATA[2019-12-19 22:04:46 - [TEST_CASE][PASSED] - Test Cases/Account Settings/Display Settings/Display Language: Test Cases/Account Settings/Display Settings/Display Language

2019-12-19 22:04:46 - [TEST_STEP][PASSED] - click(findTestObject("General Setting/span menu")): Object: 'Object Repository/General Setting/span menu' is clicked on

2019-12-19 22:04:47 - [MESSAGE][PASSED] - Object: 'Object Repository/General Setting/span menu' is clicked on

2019-12-19 22:04:47 - [TEST_STEP][PASSED] - click(findTestObject("General Setting/button_Account Settings")): Object: 'Object Repository/General Setting/button_Account Settings' is clicked on

2019-12-19 22:04:48 - [MESSAGE][PASSED] - Object: 'Object Repository/General Setting/button_Account Settings' is clicked on

2019-12-19 22:04:48 - [TEST_STEP][PASSED] - click(findTestObject("Account Settings/button_Display")): Object: 'Object Repository/Account Settings/button_Display' is clicked on

2019-12-19 22:04:49 - [MESSAGE][PASSED] - Object: 'Object Repository/Account Settings/button_Display' is clicked on

2019-12-19 22:04:49 - [TEST_STEP][PASSED] - click(findTestObject("Account Settings/span_Edit Language")): Object: 'Object Repository/Account Settings/span_Edit Language' is clicked on

2019-12-19 22:04:50 - [MESSAGE][PASSED] - Object: 'Object Repository/Account Settings/span_Edit Language' is clicked on

2019-12-19 22:04:50 - [TEST_STEP][PASSED] - sendKeys(findTestObject(null), Keys.chord(ENTER)): Keys 'ENTER + ' sent to object: 'tempBody'

2019-12-19 22:04:50 - [MESSAGE][WARNING] - Test object id is null

2019-12-19 22:04:50 - [MESSAGE][WARNING] - Test object with id 'Object Repository/' does not exist

2019-12-19 22:04:50 - [MESSAGE][PASSED] - Keys 'ENTER + ' sent to object: 'tempBody'

2019-12-19 22:04:50 - [TEST_STEP][PASSED] - sendKeys(findTestObject(null), Keys.chord(ESCAPE)): Keys 'ESCAPE + ' sent to object: 'tempBody'

2019-12-19 22:04:50 - [MESSAGE][WARNING] - Test object id is null

2019-12-19 22:04:50 - [MESSAGE][WARNING] - Test object with id 'Object Repository/' does not exist

2019-12-19 22:04:51 - [MESSAGE][PASSED] - Keys 'ESCAPE + ' sent to object: 'tempBody']]></system-out>
         <system-err><![CDATA[]]></system-err>
      </testcase>
      <testcase name="Test Cases/Account Settings/Display Settings/Display Message" time="5.284" classname="Test Cases/Account Settings/Display Settings/Display Message" status="PASSED">
         <system-out><![CDATA[2019-12-19 22:04:51 - [TEST_CASE][PASSED] - Test Cases/Account Settings/Display Settings/Display Message: Test Cases/Account Settings/Display Settings/Display Message

2019-12-19 22:04:51 - [TEST_STEP][PASSED] - click(findTestObject("General Setting/span menu")): Object: 'Object Repository/General Setting/span menu' is clicked on

2019-12-19 22:04:52 - [MESSAGE][PASSED] - Object: 'Object Repository/General Setting/span menu' is clicked on

2019-12-19 22:04:52 - [TEST_STEP][PASSED] - click(findTestObject("General Setting/button_Account Settings")): Object: 'Object Repository/General Setting/button_Account Settings' is clicked on

2019-12-19 22:04:53 - [MESSAGE][PASSED] - Object: 'Object Repository/General Setting/button_Account Settings' is clicked on

2019-12-19 22:04:53 - [TEST_STEP][PASSED] - click(findTestObject("Account Settings/button_Display")): Object: 'Object Repository/Account Settings/button_Display' is clicked on

2019-12-19 22:04:54 - [MESSAGE][PASSED] - Object: 'Object Repository/Account Settings/button_Display' is clicked on

2019-12-19 22:04:54 - [TEST_STEP][PASSED] - click(findTestObject("Account Settings/span_Edit Message Display")): Object: 'Object Repository/Account Settings/span_Edit Message Display' is clicked on

2019-12-19 22:04:55 - [MESSAGE][PASSED] - Object: 'Object Repository/Account Settings/span_Edit Message Display' is clicked on

2019-12-19 22:04:55 - [TEST_STEP][PASSED] - click(findTestObject("Account Settings/label_Compact Fit as many messages on the screen as we can")): Object: 'Object Repository/Account Settings/label_Compact Fit as many messages on the screen as we can' is clicked on

2019-12-19 22:04:55 - [MESSAGE][PASSED] - Object: 'Object Repository/Account Settings/label_Compact Fit as many messages on the screen as we can' is clicked on

2019-12-19 22:04:55 - [TEST_STEP][PASSED] - sendKeys(findTestObject(null), Keys.chord(ENTER)): Keys 'ENTER + ' sent to object: 'tempBody'

2019-12-19 22:04:55 - [MESSAGE][WARNING] - Test object id is null

2019-12-19 22:04:55 - [MESSAGE][WARNING] - Test object with id 'Object Repository/' does not exist

2019-12-19 22:04:56 - [MESSAGE][PASSED] - Keys 'ENTER + ' sent to object: 'tempBody'

2019-12-19 22:04:56 - [TEST_STEP][PASSED] - sendKeys(findTestObject(null), Keys.chord(ESCAPE)): Keys 'ESCAPE + ' sent to object: 'tempBody'

2019-12-19 22:04:56 - [MESSAGE][WARNING] - Test object id is null

2019-12-19 22:04:56 - [MESSAGE][WARNING] - Test object with id 'Object Repository/' does not exist

2019-12-19 22:04:56 - [MESSAGE][PASSED] - Keys 'ESCAPE + ' sent to object: 'tempBody']]></system-out>
         <system-err><![CDATA[]]></system-err>
      </testcase>
      <testcase name="Test Cases/Account Settings/Display Settings/Display Teammate" time="5.368" classname="Test Cases/Account Settings/Display Settings/Display Teammate" status="PASSED">
         <system-out><![CDATA[2019-12-19 22:04:56 - [TEST_CASE][PASSED] - Test Cases/Account Settings/Display Settings/Display Teammate: Test Cases/Account Settings/Display Settings/Display Teammate

2019-12-19 22:04:57 - [TEST_STEP][PASSED] - click(findTestObject("General Setting/span menu")): Object: 'Object Repository/General Setting/span menu' is clicked on

2019-12-19 22:04:57 - [MESSAGE][PASSED] - Object: 'Object Repository/General Setting/span menu' is clicked on

2019-12-19 22:04:57 - [TEST_STEP][PASSED] - click(findTestObject("General Setting/button_Account Settings")): Object: 'Object Repository/General Setting/button_Account Settings' is clicked on

2019-12-19 22:04:59 - [MESSAGE][PASSED] - Object: 'Object Repository/General Setting/button_Account Settings' is clicked on

2019-12-19 22:04:59 - [TEST_STEP][PASSED] - click(findTestObject("Account Settings/button_Display")): Object: 'Object Repository/Account Settings/button_Display' is clicked on

2019-12-19 22:05:00 - [MESSAGE][PASSED] - Object: 'Object Repository/Account Settings/button_Display' is clicked on

2019-12-19 22:05:00 - [TEST_STEP][PASSED] - click(findTestObject("Account Settings/span_Edit Teammate")): Object: 'Object Repository/Account Settings/span_Edit Teammate' is clicked on

2019-12-19 22:05:00 - [MESSAGE][PASSED] - Object: 'Object Repository/Account Settings/span_Edit Teammate' is clicked on

2019-12-19 22:05:00 - [TEST_STEP][PASSED] - click(findTestObject("Account Settings/input_Teammate Name Display_name_formatFormat")): Object: 'Object Repository/Account Settings/input_Teammate Name Display_name_formatFormat' is clicked on

2019-12-19 22:05:01 - [MESSAGE][PASSED] - Object: 'Object Repository/Account Settings/input_Teammate Name Display_name_formatFormat' is clicked on

2019-12-19 22:05:01 - [TEST_STEP][PASSED] - sendKeys(findTestObject(null), Keys.chord(ENTER)): Keys 'ENTER + ' sent to object: 'tempBody'

2019-12-19 22:05:01 - [MESSAGE][WARNING] - Test object id is null

2019-12-19 22:05:01 - [MESSAGE][WARNING] - Test object with id 'Object Repository/' does not exist

2019-12-19 22:05:01 - [MESSAGE][PASSED] - Keys 'ENTER + ' sent to object: 'tempBody'

2019-12-19 22:05:01 - [TEST_STEP][PASSED] - sendKeys(findTestObject(null), Keys.chord(ESCAPE)): Keys 'ESCAPE + ' sent to object: 'tempBody'

2019-12-19 22:05:01 - [MESSAGE][WARNING] - Test object id is null

2019-12-19 22:05:01 - [MESSAGE][WARNING] - Test object with id 'Object Repository/' does not exist

2019-12-19 22:05:02 - [MESSAGE][PASSED] - Keys 'ESCAPE + ' sent to object: 'tempBody']]></system-out>
         <system-err><![CDATA[]]></system-err>
      </testcase>
      <testcase name="Test Cases/Account Settings/Display Settings/Display Theme" time="5.185" classname="Test Cases/Account Settings/Display Settings/Display Theme" status="PASSED">
         <system-out><![CDATA[2019-12-19 22:05:02 - [TEST_CASE][PASSED] - Test Cases/Account Settings/Display Settings/Display Theme: Test Cases/Account Settings/Display Settings/Display Theme

2019-12-19 22:05:02 - [TEST_STEP][PASSED] - click(findTestObject("General Setting/span menu")): Object: 'Object Repository/General Setting/span menu' is clicked on

2019-12-19 22:05:03 - [MESSAGE][PASSED] - Object: 'Object Repository/General Setting/span menu' is clicked on

2019-12-19 22:05:03 - [TEST_STEP][PASSED] - click(findTestObject("General Setting/button_Account Settings")): Object: 'Object Repository/General Setting/button_Account Settings' is clicked on

2019-12-19 22:05:04 - [MESSAGE][PASSED] - Object: 'Object Repository/General Setting/button_Account Settings' is clicked on

2019-12-19 22:05:04 - [TEST_STEP][PASSED] - click(findTestObject("Account Settings/button_Display")): Object: 'Object Repository/Account Settings/button_Display' is clicked on

2019-12-19 22:05:05 - [MESSAGE][PASSED] - Object: 'Object Repository/Account Settings/button_Display' is clicked on

2019-12-19 22:05:05 - [TEST_STEP][PASSED] - click(findTestObject("Account Settings/span_Edit Theme")): Object: 'Object Repository/Account Settings/span_Edit Theme' is clicked on

2019-12-19 22:05:06 - [MESSAGE][PASSED] - Object: 'Object Repository/Account Settings/span_Edit Theme' is clicked on

2019-12-19 22:05:06 - [TEST_STEP][PASSED] - sendKeys(findTestObject(null), Keys.chord(ENTER)): Keys 'ENTER + ' sent to object: 'tempBody'

2019-12-19 22:05:06 - [MESSAGE][WARNING] - Test object id is null

2019-12-19 22:05:06 - [MESSAGE][WARNING] - Test object with id 'Object Repository/' does not exist

2019-12-19 22:05:06 - [MESSAGE][PASSED] - Keys 'ENTER + ' sent to object: 'tempBody'

2019-12-19 22:05:06 - [TEST_STEP][PASSED] - sendKeys(findTestObject(null), Keys.chord(ESCAPE)): Keys 'ESCAPE + ' sent to object: 'tempBody'

2019-12-19 22:05:06 - [MESSAGE][WARNING] - Test object id is null

2019-12-19 22:05:06 - [MESSAGE][WARNING] - Test object with id 'Object Repository/' does not exist

2019-12-19 22:05:07 - [MESSAGE][PASSED] - Keys 'ESCAPE + ' sent to object: 'tempBody']]></system-out>
         <system-err><![CDATA[]]></system-err>
      </testcase>
      <testcase name="Test Cases/Account Settings/Notifications Settings/Notification" time="5.937" classname="Test Cases/Account Settings/Notifications Settings/Notification" status="PASSED">
         <system-out><![CDATA[2019-12-19 22:05:07 - [TEST_CASE][PASSED] - Test Cases/Account Settings/Notifications Settings/Notification: Test Cases/Account Settings/Notifications Settings/Notification

2019-12-19 22:05:08 - [TEST_STEP][PASSED] - click(findTestObject("General Setting/span menu")): Object: 'Object Repository/General Setting/span menu' is clicked on

2019-12-19 22:05:08 - [MESSAGE][PASSED] - Object: 'Object Repository/General Setting/span menu' is clicked on

2019-12-19 22:05:08 - [TEST_STEP][PASSED] - click(findTestObject("General Setting/button_Account Settings")): Object: 'Object Repository/General Setting/button_Account Settings' is clicked on

2019-12-19 22:05:09 - [MESSAGE][PASSED] - Object: 'Object Repository/General Setting/button_Account Settings' is clicked on

2019-12-19 22:05:09 - [TEST_STEP][PASSED] - click(findTestObject("Account Settings/button_Notifications")): Object: 'Object Repository/Account Settings/button_Notifications' is clicked on

2019-12-19 22:05:10 - [MESSAGE][PASSED] - Object: 'Object Repository/Account Settings/button_Notifications' is clicked on

2019-12-19 22:05:10 - [TEST_STEP][PASSED] - click(findTestObject("Account Settings/span_Edit Notification")): Object: 'Object Repository/Account Settings/span_Edit Notification' is clicked on

2019-12-19 22:05:11 - [MESSAGE][PASSED] - Object: 'Object Repository/Account Settings/span_Edit Notification' is clicked on

2019-12-19 22:05:11 - [TEST_STEP][PASSED] - setText(findTestObject("Account Settings/input_Other non-case sensitive words separated by commas_notificationTriggerCustomText"), "chobinh"): Text 'chobinh' is set on object 'Object Repository/Account Settings/input_Other non-case sensitive words separated by commas_notificationTriggerCustomText'

2019-12-19 22:05:12 - [MESSAGE][PASSED] - Text 'chobinh' is set on object 'Object Repository/Account Settings/input_Other non-case sensitive words separated by commas_notificationTriggerCustomText'

2019-12-19 22:05:12 - [TEST_STEP][PASSED] - sendKeys(findTestObject(null), Keys.chord(ENTER)): Keys 'ENTER + ' sent to object: 'tempBody'

2019-12-19 22:05:12 - [MESSAGE][WARNING] - Test object id is null

2019-12-19 22:05:12 - [MESSAGE][WARNING] - Test object with id 'Object Repository/' does not exist

2019-12-19 22:05:12 - [MESSAGE][PASSED] - Keys 'ENTER + ' sent to object: 'tempBody'

2019-12-19 22:05:12 - [TEST_STEP][PASSED] - sendKeys(findTestObject(null), Keys.chord(ESCAPE)): Keys 'ESCAPE + ' sent to object: 'tempBody'

2019-12-19 22:05:12 - [MESSAGE][WARNING] - Test object id is null

2019-12-19 22:05:12 - [MESSAGE][WARNING] - Test object with id 'Object Repository/' does not exist

2019-12-19 22:05:13 - [MESSAGE][PASSED] - Keys 'ESCAPE + ' sent to object: 'tempBody']]></system-out>
         <system-err><![CDATA[]]></system-err>
      </testcase>
      <testcase name="Test Cases/Account Settings/Advanced Settings/Advanced" time="3.511" classname="Test Cases/Account Settings/Advanced Settings/Advanced" status="PASSED">
         <system-out><![CDATA[2019-12-19 22:05:13 - [TEST_CASE][PASSED] - Test Cases/Account Settings/Advanced Settings/Advanced: Test Cases/Account Settings/Advanced Settings/Advanced

2019-12-19 22:05:13 - [TEST_STEP][PASSED] - click(findTestObject("General Setting/span menu")): Object: 'Object Repository/General Setting/span menu' is clicked on

2019-12-19 22:05:14 - [MESSAGE][PASSED] - Object: 'Object Repository/General Setting/span menu' is clicked on

2019-12-19 22:05:14 - [TEST_STEP][PASSED] - click(findTestObject("General Setting/button_Account Settings")): Object: 'Object Repository/General Setting/button_Account Settings' is clicked on

2019-12-19 22:05:15 - [MESSAGE][PASSED] - Object: 'Object Repository/General Setting/button_Account Settings' is clicked on

2019-12-19 22:05:15 - [TEST_STEP][PASSED] - click(findTestObject("Account Settings/button_Advanced")): Object: 'Object Repository/Account Settings/button_Advanced' is clicked on

2019-12-19 22:05:16 - [MESSAGE][PASSED] - Object: 'Object Repository/Account Settings/button_Advanced' is clicked on

2019-12-19 22:05:16 - [TEST_STEP][PASSED] - sendKeys(findTestObject(null), Keys.chord(ESCAPE)): Keys 'ESCAPE + ' sent to object: 'tempBody'

2019-12-19 22:05:16 - [MESSAGE][WARNING] - Test object id is null

2019-12-19 22:05:16 - [MESSAGE][WARNING] - Test object with id 'Object Repository/' does not exist

2019-12-19 22:05:16 - [MESSAGE][PASSED] - Keys 'ESCAPE + ' sent to object: 'tempBody']]></system-out>
         <system-err><![CDATA[]]></system-err>
      </testcase>
      <testcase name="Test Cases/Account Settings/Sidebar Settings/Sidebar" time="3.551" classname="Test Cases/Account Settings/Sidebar Settings/Sidebar" status="PASSED">
         <system-out><![CDATA[2019-12-19 22:05:16 - [TEST_CASE][PASSED] - Test Cases/Account Settings/Sidebar Settings/Sidebar: Test Cases/Account Settings/Sidebar Settings/Sidebar

2019-12-19 22:05:17 - [TEST_STEP][PASSED] - click(findTestObject("General Setting/span menu")): Object: 'Object Repository/General Setting/span menu' is clicked on

2019-12-19 22:05:17 - [MESSAGE][PASSED] - Object: 'Object Repository/General Setting/span menu' is clicked on

2019-12-19 22:05:17 - [TEST_STEP][PASSED] - click(findTestObject("General Setting/button_Account Settings")): Object: 'Object Repository/General Setting/button_Account Settings' is clicked on

2019-12-19 22:05:18 - [MESSAGE][PASSED] - Object: 'Object Repository/General Setting/button_Account Settings' is clicked on

2019-12-19 22:05:18 - [TEST_STEP][PASSED] - click(findTestObject("Account Settings/button_Sidebar")): Object: 'Object Repository/Account Settings/button_Sidebar' is clicked on

2019-12-19 22:05:19 - [MESSAGE][PASSED] - Object: 'Object Repository/Account Settings/button_Sidebar' is clicked on

2019-12-19 22:05:19 - [TEST_STEP][PASSED] - sendKeys(findTestObject(null), Keys.chord(ESCAPE)): Keys 'ESCAPE + ' sent to object: 'tempBody'

2019-12-19 22:05:19 - [MESSAGE][WARNING] - Test object id is null

2019-12-19 22:05:19 - [MESSAGE][WARNING] - Test object with id 'Object Repository/' does not exist

2019-12-19 22:05:20 - [MESSAGE][PASSED] - Keys 'ESCAPE + ' sent to object: 'tempBody']]></system-out>
         <system-err><![CDATA[]]></system-err>
      </testcase>
      <testcase name="Test Cases/Account Settings/Security Settings/Security" time="3.678" classname="Test Cases/Account Settings/Security Settings/Security" status="PASSED">
         <system-out><![CDATA[2019-12-19 22:05:20 - [TEST_CASE][PASSED] - Test Cases/Account Settings/Security Settings/Security: Test Cases/Account Settings/Security Settings/Security

2019-12-19 22:05:20 - [TEST_STEP][PASSED] - click(findTestObject("General Setting/span menu")): Object: 'Object Repository/General Setting/span menu' is clicked on

2019-12-19 22:05:21 - [MESSAGE][PASSED] - Object: 'Object Repository/General Setting/span menu' is clicked on

2019-12-19 22:05:21 - [TEST_STEP][PASSED] - click(findTestObject("General Setting/button_Account Settings")): Object: 'Object Repository/General Setting/button_Account Settings' is clicked on

2019-12-19 22:05:22 - [MESSAGE][PASSED] - Object: 'Object Repository/General Setting/button_Account Settings' is clicked on

2019-12-19 22:05:22 - [TEST_STEP][PASSED] - click(findTestObject("Account Settings/button_Security")): Object: 'Object Repository/Account Settings/button_Security' is clicked on

2019-12-19 22:05:23 - [MESSAGE][PASSED] - Object: 'Object Repository/Account Settings/button_Security' is clicked on

2019-12-19 22:05:23 - [TEST_STEP][PASSED] - sendKeys(findTestObject(null), Keys.chord(ESCAPE)): Keys 'ESCAPE + ' sent to object: 'tempBody'

2019-12-19 22:05:23 - [MESSAGE][WARNING] - Test object id is null

2019-12-19 22:05:23 - [MESSAGE][WARNING] - Test object with id 'Object Repository/' does not exist

2019-12-19 22:05:24 - [MESSAGE][PASSED] - Keys 'ESCAPE + ' sent to object: 'tempBody']]></system-out>
         <system-err><![CDATA[]]></system-err>
      </testcase>
      <testcase name="Test Cases/Account Settings/Join New Channels/Join Channels" time="3.654" classname="Test Cases/Account Settings/Join New Channels/Join Channels" status="PASSED">
         <system-out><![CDATA[2019-12-19 22:05:24 - [TEST_CASE][PASSED] - Test Cases/Account Settings/Join New Channels/Join Channels: Test Cases/Account Settings/Join New Channels/Join Channels

2019-12-19 22:05:24 - [TEST_STEP][PASSED] - click(findTestObject("Page Join Channels/span_More")): Object: 'Object Repository/Page Join Channels/span_More' is clicked on

2019-12-19 22:05:25 - [MESSAGE][PASSED] - Object: 'Object Repository/Page Join Channels/span_More' is clicked on

2019-12-19 22:05:25 - [TEST_STEP][PASSED] - setText(findTestObject("Page Join Channels/input_Create New Channel_searchChannelsTextbox"), "Boyris "): Text 'Boyris ' is set on object 'Object Repository/Page Join Channels/input_Create New Channel_searchChannelsTextbox'

2019-12-19 22:05:26 - [MESSAGE][PASSED] - Text 'Boyris ' is set on object 'Object Repository/Page Join Channels/input_Create New Channel_searchChannelsTextbox'

2019-12-19 22:05:26 - [TEST_STEP][PASSED] - click(findTestObject("Page Join Channels/span_Join Channels")): Object: 'Object Repository/Page Join Channels/span_Join Channels' is clicked on

2019-12-19 22:05:27 - [MESSAGE][PASSED] - Object: 'Object Repository/Page Join Channels/span_Join Channels' is clicked on]]></system-out>
         <system-err><![CDATA[]]></system-err>
      </testcase>
      <testcase name="Test Cases/Account Settings/Join New Channels/Chatting" time="3.546" classname="Test Cases/Account Settings/Join New Channels/Chatting" status="PASSED">
         <system-out><![CDATA[2019-12-19 22:05:27 - [TEST_CASE][PASSED] - Test Cases/Account Settings/Join New Channels/Chatting: Test Cases/Account Settings/Join New Channels/Chatting

2019-12-19 22:05:28 - [TEST_STEP][PASSED] - setText(findTestObject("Page Join Channels/textarea_Write to Boyris New Age_post_textbox"), "Hello Im New"): Text 'Hello Im New' is set on object 'Object Repository/Page Join Channels/textarea_Write to Boyris New Age_post_textbox'

2019-12-19 22:05:30 - [MESSAGE][PASSED] - Text 'Hello Im New' is set on object 'Object Repository/Page Join Channels/textarea_Write to Boyris New Age_post_textbox'

2019-12-19 22:05:30 - [TEST_STEP][PASSED] - sendKeys(findTestObject(null), Keys.chord(ENTER)): Keys 'ENTER + ' sent to object: 'tempBody'

2019-12-19 22:05:30 - [MESSAGE][WARNING] - Test object id is null

2019-12-19 22:05:30 - [MESSAGE][WARNING] - Test object with id 'Object Repository/' does not exist

2019-12-19 22:05:31 - [MESSAGE][PASSED] - Keys 'ENTER + ' sent to object: 'tempBody']]></system-out>
         <system-err><![CDATA[]]></system-err>
      </testcase>
      <testcase name="Test Cases/Account Settings/Join New Channels/Leave Channels" time="1.885" classname="Test Cases/Account Settings/Join New Channels/Leave Channels" status="PASSED">
         <system-out><![CDATA[2019-12-19 22:05:31 - [TEST_CASE][PASSED] - Test Cases/Account Settings/Join New Channels/Leave Channels: Test Cases/Account Settings/Join New Channels/Leave Channels

2019-12-19 22:05:31 - [TEST_STEP][PASSED] - click(findTestObject("Page Join Channels/span_Boyris New Age_channelHeaderDropdownIcon")): Object: 'Object Repository/Page Join Channels/span_Boyris New Age_channelHeaderDropdownIcon' is clicked on

2019-12-19 22:05:32 - [MESSAGE][PASSED] - Object: 'Object Repository/Page Join Channels/span_Boyris New Age_channelHeaderDropdownIcon' is clicked on

2019-12-19 22:05:32 - [TEST_STEP][PASSED] - click(findTestObject("Page Join Channels/button_Leave Channel")): Object: 'Object Repository/Page Join Channels/button_Leave Channel' is clicked on

2019-12-19 22:05:33 - [MESSAGE][PASSED] - Object: 'Object Repository/Page Join Channels/button_Leave Channel' is clicked on]]></system-out>
         <system-err><![CDATA[]]></system-err>
      </testcase>
      <testcase name="Test Cases/Boyris Team/Enter Boyris" time="1.974" classname="Test Cases/Boyris Team/Enter Boyris" status="PASSED">
         <system-out><![CDATA[2019-12-19 22:05:33 - [TEST_CASE][PASSED] - Test Cases/Boyris Team/Enter Boyris: Test Cases/Boyris Team/Enter Boyris

2019-12-19 22:05:33 - [TEST_STEP][PASSED] - click(findTestObject("Page Boyris Mattermost/div_Boyris")): Object: 'Object Repository/Page Boyris Mattermost/div_Boyris' is clicked on

2019-12-19 22:05:35 - [MESSAGE][PASSED] - Object: 'Object Repository/Page Boyris Mattermost/div_Boyris' is clicked on]]></system-out>
         <system-err><![CDATA[]]></system-err>
      </testcase>
      <testcase name="Test Cases/Boyris Team/Add BinhChill" time="4.531" classname="Test Cases/Boyris Team/Add BinhChill" status="PASSED">
         <system-out><![CDATA[2019-12-19 22:05:35 - [TEST_CASE][PASSED] - Test Cases/Boyris Team/Add BinhChill: Test Cases/Boyris Team/Add BinhChill

2019-12-19 22:05:35 - [TEST_STEP][PASSED] - click(findTestObject("Page Boyris Mattermost/span_Main menu")): Object: 'Object Repository/Page Boyris Mattermost/span_Main menu' is clicked on

2019-12-19 22:05:36 - [MESSAGE][PASSED] - Object: 'Object Repository/Page Boyris Mattermost/span_Main menu' is clicked on

2019-12-19 22:05:36 - [TEST_STEP][PASSED] - click(findTestObject("Page Boyris Mattermost/button_Add Members to Team")): Object: 'Object Repository/Page Boyris Mattermost/button_Add Members to Team' is clicked on

2019-12-19 22:05:37 - [MESSAGE][PASSED] - Object: 'Object Repository/Page Boyris Mattermost/button_Add Members to Team' is clicked on

2019-12-19 22:05:37 - [TEST_STEP][PASSED] - click(findTestObject("Page Boyris Mattermost/span_binhchill - Nguyen Binh (binhchill)"), STOP_ON_FAILURE): Object: 'Object Repository/Page Boyris Mattermost/span_binhchill - Nguyen Binh (binhchill)' is clicked on

2019-12-19 22:05:38 - [MESSAGE][PASSED] - Object: 'Object Repository/Page Boyris Mattermost/span_binhchill - Nguyen Binh (binhchill)' is clicked on

2019-12-19 22:05:38 - [TEST_STEP][PASSED] - click(findTestObject("Page Boyris Mattermost/span_Add member")): Object: 'Object Repository/Page Boyris Mattermost/span_Add member' is clicked on

2019-12-19 22:05:39 - [MESSAGE][PASSED] - Object: 'Object Repository/Page Boyris Mattermost/span_Add member' is clicked on]]></system-out>
         <system-err><![CDATA[]]></system-err>
      </testcase>
      <testcase name="Test Cases/Boyris Team/Kick BinhChill" time="4.587" classname="Test Cases/Boyris Team/Kick BinhChill" status="PASSED">
         <system-out><![CDATA[2019-12-19 22:05:39 - [TEST_CASE][PASSED] - Test Cases/Boyris Team/Kick BinhChill: Test Cases/Boyris Team/Kick BinhChill

2019-12-19 22:05:40 - [TEST_STEP][PASSED] - click(findTestObject("Page Boyris Mattermost/span_Main menu")): Object: 'Object Repository/Page Boyris Mattermost/span_Main menu' is clicked on

2019-12-19 22:05:41 - [MESSAGE][PASSED] - Object: 'Object Repository/Page Boyris Mattermost/span_Main menu' is clicked on

2019-12-19 22:05:41 - [TEST_STEP][PASSED] - click(findTestObject("Page Boyris Mattermost/button_Manage Members")): Object: 'Object Repository/Page Boyris Mattermost/button_Manage Members' is clicked on

2019-12-19 22:05:42 - [MESSAGE][PASSED] - Object: 'Object Repository/Page Boyris Mattermost/button_Manage Members' is clicked on

2019-12-19 22:05:42 - [TEST_STEP][PASSED] - click(findTestObject("Page Boyris Mattermost/span_System Admin")): Object: 'Object Repository/Page Boyris Mattermost/span_System Admin' is clicked on

2019-12-19 22:05:43 - [MESSAGE][PASSED] - Object: 'Object Repository/Page Boyris Mattermost/span_System Admin' is clicked on

2019-12-19 22:05:43 - [TEST_STEP][PASSED] - click(findTestObject("Page Boyris Mattermost/button_Remove From Team")): Object: 'Object Repository/Page Boyris Mattermost/button_Remove From Team' is clicked on

2019-12-19 22:05:44 - [MESSAGE][PASSED] - Object: 'Object Repository/Page Boyris Mattermost/button_Remove From Team' is clicked on]]></system-out>
         <system-err><![CDATA[]]></system-err>
      </testcase>
      <testcase name="Test Cases/Boyris Team/Team Allow Any" time="28.332" classname="Test Cases/Boyris Team/Team Allow Any" status="PASSED">
         <system-out><![CDATA[2019-12-19 22:05:44 - [TEST_CASE][PASSED] - Test Cases/Boyris Team/Team Allow Any: Test Cases/Boyris Team/Team Allow Any

2019-12-19 22:05:44 - [TEST_STEP][PASSED] - click(findTestObject("Page Boyris Mattermost/span_Main menu")): Object: 'Object Repository/Page Boyris Mattermost/span_Main menu' is clicked on

2019-12-19 22:05:48 - [MESSAGE][PASSED] - Object: 'Object Repository/Page Boyris Mattermost/span_Main menu' is clicked on

2019-12-19 22:05:48 - [TEST_STEP][PASSED] - click(findTestObject("Page Boyris Mattermost/button_Team Settings")): Object: 'Object Repository/Page Boyris Mattermost/button_Team Settings' is clicked on

2019-12-19 22:06:11 - [MESSAGE][PASSED] - Object: 'Object Repository/Page Boyris Mattermost/button_Team Settings' is clicked on

2019-12-19 22:06:11 - [TEST_STEP][PASSED] - click(findTestObject("Page Boyris Mattermost/span_Edit Allow Any")): Object: 'Object Repository/Page Boyris Mattermost/span_Edit Allow Any' is clicked on

2019-12-19 22:06:11 - [MESSAGE][PASSED] - Object: 'Object Repository/Page Boyris Mattermost/span_Edit Allow Any' is clicked on

2019-12-19 22:06:11 - [TEST_STEP][PASSED] - sendKeys(findTestObject(null), Keys.chord(ESCAPE)): Keys 'ESCAPE + ' sent to object: 'tempBody'

2019-12-19 22:06:11 - [MESSAGE][WARNING] - Test object id is null

2019-12-19 22:06:11 - [MESSAGE][WARNING] - Test object with id 'Object Repository/' does not exist

2019-12-19 22:06:12 - [MESSAGE][PASSED] - Keys 'ESCAPE + ' sent to object: 'tempBody']]></system-out>
         <system-err><![CDATA[]]></system-err>
      </testcase>
      <testcase name="Test Cases/Boyris Team/Team Allow Only" time="4.059" classname="Test Cases/Boyris Team/Team Allow Only" status="PASSED">
         <system-out><![CDATA[2019-12-19 22:06:12 - [TEST_CASE][PASSED] - Test Cases/Boyris Team/Team Allow Only: Test Cases/Boyris Team/Team Allow Only

2019-12-19 22:06:13 - [TEST_STEP][PASSED] - click(findTestObject("Page Boyris Mattermost/span_Main menu")): Object: 'Object Repository/Page Boyris Mattermost/span_Main menu' is clicked on

2019-12-19 22:06:13 - [MESSAGE][PASSED] - Object: 'Object Repository/Page Boyris Mattermost/span_Main menu' is clicked on

2019-12-19 22:06:13 - [TEST_STEP][PASSED] - click(findTestObject("Page Boyris Mattermost/button_Team Settings")): Object: 'Object Repository/Page Boyris Mattermost/button_Team Settings' is clicked on

2019-12-19 22:06:15 - [MESSAGE][PASSED] - Object: 'Object Repository/Page Boyris Mattermost/button_Team Settings' is clicked on

2019-12-19 22:06:15 - [TEST_STEP][PASSED] - click(findTestObject("Page Boyris Mattermost/span_Edit Allow only")): Object: 'Object Repository/Page Boyris Mattermost/span_Edit Allow only' is clicked on

2019-12-19 22:06:16 - [MESSAGE][PASSED] - Object: 'Object Repository/Page Boyris Mattermost/span_Edit Allow only' is clicked on

2019-12-19 22:06:16 - [TEST_STEP][PASSED] - sendKeys(findTestObject(null), Keys.chord(ESCAPE)): Keys 'ESCAPE + ' sent to object: 'tempBody'

2019-12-19 22:06:16 - [MESSAGE][WARNING] - Test object id is null

2019-12-19 22:06:16 - [MESSAGE][WARNING] - Test object with id 'Object Repository/' does not exist

2019-12-19 22:06:16 - [MESSAGE][PASSED] - Keys 'ESCAPE + ' sent to object: 'tempBody']]></system-out>
         <system-err><![CDATA[]]></system-err>
      </testcase>
      <testcase name="Test Cases/Boyris Team/Team Description" time="3.985" classname="Test Cases/Boyris Team/Team Description" status="PASSED">
         <system-out><![CDATA[2019-12-19 22:06:16 - [TEST_CASE][PASSED] - Test Cases/Boyris Team/Team Description: Test Cases/Boyris Team/Team Description

2019-12-19 22:06:17 - [TEST_STEP][PASSED] - click(findTestObject("Page Boyris Mattermost/span_Main menu")): Object: 'Object Repository/Page Boyris Mattermost/span_Main menu' is clicked on

2019-12-19 22:06:17 - [MESSAGE][PASSED] - Object: 'Object Repository/Page Boyris Mattermost/span_Main menu' is clicked on

2019-12-19 22:06:17 - [TEST_STEP][PASSED] - click(findTestObject("Page Boyris Mattermost/button_Team Settings")): Object: 'Object Repository/Page Boyris Mattermost/button_Team Settings' is clicked on

2019-12-19 22:06:18 - [MESSAGE][PASSED] - Object: 'Object Repository/Page Boyris Mattermost/button_Team Settings' is clicked on

2019-12-19 22:06:18 - [TEST_STEP][PASSED] - click(findTestObject("Page Boyris Mattermost/span_Edit Description")): Object: 'Object Repository/Page Boyris Mattermost/span_Edit Description' is clicked on

2019-12-19 22:06:19 - [MESSAGE][PASSED] - Object: 'Object Repository/Page Boyris Mattermost/span_Edit Description' is clicked on

2019-12-19 22:06:19 - [TEST_STEP][PASSED] - setText(findTestObject("Page Boyris Mattermost/input_Team Description_teamDescription"), "We're From The Hood"): Text 'We're From The Hood' is set on object 'Object Repository/Page Boyris Mattermost/input_Team Description_teamDescription'

2019-12-19 22:06:20 - [MESSAGE][PASSED] - Text 'We're From The Hood' is set on object 'Object Repository/Page Boyris Mattermost/input_Team Description_teamDescription'

2019-12-19 22:06:20 - [TEST_STEP][PASSED] - sendKeys(findTestObject(null), Keys.chord(ESCAPE)): Keys 'ESCAPE + ' sent to object: 'tempBody'

2019-12-19 22:06:20 - [MESSAGE][WARNING] - Test object id is null

2019-12-19 22:06:20 - [MESSAGE][WARNING] - Test object with id 'Object Repository/' does not exist

2019-12-19 22:06:20 - [MESSAGE][PASSED] - Keys 'ESCAPE + ' sent to object: 'tempBody']]></system-out>
         <system-err><![CDATA[]]></system-err>
      </testcase>
      <testcase name="Test Cases/Boyris Team/Team Icon" time="3.837" classname="Test Cases/Boyris Team/Team Icon" status="PASSED">
         <system-out><![CDATA[2019-12-19 22:06:20 - [TEST_CASE][PASSED] - Test Cases/Boyris Team/Team Icon: Test Cases/Boyris Team/Team Icon

2019-12-19 22:06:21 - [TEST_STEP][PASSED] - click(findTestObject("Page Boyris Mattermost/span_Main menu")): Object: 'Object Repository/Page Boyris Mattermost/span_Main menu' is clicked on

2019-12-19 22:06:21 - [MESSAGE][PASSED] - Object: 'Object Repository/Page Boyris Mattermost/span_Main menu' is clicked on

2019-12-19 22:06:21 - [TEST_STEP][PASSED] - click(findTestObject("Page Boyris Mattermost/button_Team Settings")): Object: 'Object Repository/Page Boyris Mattermost/button_Team Settings' is clicked on

2019-12-19 22:06:22 - [MESSAGE][PASSED] - Object: 'Object Repository/Page Boyris Mattermost/button_Team Settings' is clicked on

2019-12-19 22:06:22 - [TEST_STEP][PASSED] - click(findTestObject("Page Boyris Mattermost/span_Edit Team Icon")): Object: 'Object Repository/Page Boyris Mattermost/span_Edit Team Icon' is clicked on

2019-12-19 22:06:23 - [MESSAGE][PASSED] - Object: 'Object Repository/Page Boyris Mattermost/span_Edit Team Icon' is clicked on

2019-12-19 22:06:23 - [TEST_STEP][PASSED] - sendKeys(findTestObject(null), Keys.chord(ESCAPE)): Keys 'ESCAPE + ' sent to object: 'tempBody'

2019-12-19 22:06:23 - [MESSAGE][WARNING] - Test object id is null

2019-12-19 22:06:23 - [MESSAGE][WARNING] - Test object with id 'Object Repository/' does not exist

2019-12-19 22:06:24 - [MESSAGE][PASSED] - Keys 'ESCAPE + ' sent to object: 'tempBody']]></system-out>
         <system-err><![CDATA[]]></system-err>
      </testcase>
      <testcase name="Test Cases/Boyris Team/Team Invite Code" time="3.734" classname="Test Cases/Boyris Team/Team Invite Code" status="PASSED">
         <system-out><![CDATA[2019-12-19 22:06:24 - [TEST_CASE][PASSED] - Test Cases/Boyris Team/Team Invite Code: Test Cases/Boyris Team/Team Invite Code

2019-12-19 22:06:25 - [TEST_STEP][PASSED] - click(findTestObject("Page Boyris Mattermost/span_Main menu")): Object: 'Object Repository/Page Boyris Mattermost/span_Main menu' is clicked on

2019-12-19 22:06:25 - [MESSAGE][PASSED] - Object: 'Object Repository/Page Boyris Mattermost/span_Main menu' is clicked on

2019-12-19 22:06:25 - [TEST_STEP][PASSED] - click(findTestObject("Page Boyris Mattermost/button_Team Settings")): Object: 'Object Repository/Page Boyris Mattermost/button_Team Settings' is clicked on

2019-12-19 22:06:26 - [MESSAGE][PASSED] - Object: 'Object Repository/Page Boyris Mattermost/button_Team Settings' is clicked on

2019-12-19 22:06:26 - [TEST_STEP][PASSED] - click(findTestObject("Page Boyris Mattermost/span_Edit Invite Code")): Object: 'Object Repository/Page Boyris Mattermost/span_Edit Invite Code' is clicked on

2019-12-19 22:06:27 - [MESSAGE][PASSED] - Object: 'Object Repository/Page Boyris Mattermost/span_Edit Invite Code' is clicked on

2019-12-19 22:06:27 - [TEST_STEP][PASSED] - sendKeys(findTestObject(null), Keys.chord(ESCAPE)): Keys 'ESCAPE + ' sent to object: 'tempBody'

2019-12-19 22:06:27 - [MESSAGE][WARNING] - Test object id is null

2019-12-19 22:06:27 - [MESSAGE][WARNING] - Test object with id 'Object Repository/' does not exist

2019-12-19 22:06:28 - [MESSAGE][PASSED] - Keys 'ESCAPE + ' sent to object: 'tempBody']]></system-out>
         <system-err><![CDATA[]]></system-err>
      </testcase>
      <testcase name="Test Cases/Boyris Team/Team Name" time="4.106" classname="Test Cases/Boyris Team/Team Name" status="PASSED">
         <system-out><![CDATA[2019-12-19 22:06:28 - [TEST_CASE][PASSED] - Test Cases/Boyris Team/Team Name: Test Cases/Boyris Team/Team Name

2019-12-19 22:06:28 - [TEST_STEP][PASSED] - click(findTestObject("Page Boyris Mattermost/span_Main menu")): Object: 'Object Repository/Page Boyris Mattermost/span_Main menu' is clicked on

2019-12-19 22:06:29 - [MESSAGE][PASSED] - Object: 'Object Repository/Page Boyris Mattermost/span_Main menu' is clicked on

2019-12-19 22:06:29 - [TEST_STEP][PASSED] - click(findTestObject("Page Boyris Mattermost/button_Team Settings")): Object: 'Object Repository/Page Boyris Mattermost/button_Team Settings' is clicked on

2019-12-19 22:06:30 - [MESSAGE][PASSED] - Object: 'Object Repository/Page Boyris Mattermost/button_Team Settings' is clicked on

2019-12-19 22:06:30 - [TEST_STEP][PASSED] - click(findTestObject("Page Boyris Mattermost/span_Edit Team Name")): Object: 'Object Repository/Page Boyris Mattermost/span_Edit Team Name' is clicked on

2019-12-19 22:06:31 - [MESSAGE][PASSED] - Object: 'Object Repository/Page Boyris Mattermost/span_Edit Team Name' is clicked on

2019-12-19 22:06:31 - [TEST_STEP][PASSED] - setText(findTestObject("Page Boyris Mattermost/input_Team Name_teamName"), "Boyris"): Text 'Boyris' is set on object 'Object Repository/Page Boyris Mattermost/input_Team Name_teamName'

2019-12-19 22:06:31 - [MESSAGE][PASSED] - Text 'Boyris' is set on object 'Object Repository/Page Boyris Mattermost/input_Team Name_teamName'

2019-12-19 22:06:31 - [TEST_STEP][PASSED] - sendKeys(findTestObject(null), Keys.chord(ESCAPE)): Keys 'ESCAPE + ' sent to object: 'tempBody'

2019-12-19 22:06:31 - [MESSAGE][WARNING] - Test object id is null

2019-12-19 22:06:31 - [MESSAGE][WARNING] - Test object with id 'Object Repository/' does not exist

2019-12-19 22:06:32 - [MESSAGE][PASSED] - Keys 'ESCAPE + ' sent to object: 'tempBody']]></system-out>
         <system-err><![CDATA[]]></system-err>
      </testcase>
      <testcase name="Test Cases/Boyris Team/Team Settings" time="2.652" classname="Test Cases/Boyris Team/Team Settings" status="PASSED">
         <system-out><![CDATA[2019-12-19 22:06:32 - [TEST_CASE][PASSED] - Test Cases/Boyris Team/Team Settings: Test Cases/Boyris Team/Team Settings

2019-12-19 22:06:32 - [TEST_STEP][PASSED] - click(findTestObject("Page Boyris Mattermost/span_Main menu")): Object: 'Object Repository/Page Boyris Mattermost/span_Main menu' is clicked on

2019-12-19 22:06:33 - [MESSAGE][PASSED] - Object: 'Object Repository/Page Boyris Mattermost/span_Main menu' is clicked on

2019-12-19 22:06:33 - [TEST_STEP][PASSED] - click(findTestObject("Page Boyris Mattermost/button_Team Settings")): Object: 'Object Repository/Page Boyris Mattermost/button_Team Settings' is clicked on

2019-12-19 22:06:34 - [MESSAGE][PASSED] - Object: 'Object Repository/Page Boyris Mattermost/button_Team Settings' is clicked on

2019-12-19 22:06:34 - [TEST_STEP][PASSED] - sendKeys(findTestObject(null), Keys.chord(ESCAPE)): Keys 'ESCAPE + ' sent to object: 'tempBody'

2019-12-19 22:06:34 - [MESSAGE][WARNING] - Test object id is null

2019-12-19 22:06:34 - [MESSAGE][WARNING] - Test object with id 'Object Repository/' does not exist

2019-12-19 22:06:35 - [MESSAGE][PASSED] - Keys 'ESCAPE + ' sent to object: 'tempBody']]></system-out>
         <system-err><![CDATA[]]></system-err>
      </testcase>
      <system-out><![CDATA[2019-12-19 22:02:41 - [TEST_SUITE][PASSED] - Test All Case: Test Cases/Boyris Team/Team Settings]]></system-out>
      <system-err><![CDATA[]]></system-err>
   </testsuite>
</testsuites>
